2024-12-30 19:41:27.169 [warning] /home/jordan/.ssh/config: ENOENT: no such file or directory, open '/home/jordan/.ssh/config'
2024-12-30 19:41:27.169 [info] Activation> Extension version: 0.102.0
2024-12-30 19:41:27.178 [info] Looking for git repository
2024-12-30 19:41:27.178 [info] Found 0 repositories during activation
2024-12-30 19:41:27.178 [info] Git repository found, initializing review manager and pr tree view.
2024-12-30 19:41:27.179 [info] Registering git provider
2024-12-30 19:41:41.043 [warning] /home/jordan/.ssh/config: ENOENT: no such file or directory, open '/home/jordan/.ssh/config'
2024-12-30 19:41:41.043 [info] Activation> Extension version: 0.102.0
2024-12-30 19:41:41.058 [info] Looking for git repository
2024-12-30 19:41:41.058 [info] Found 0 repositories during activation
2024-12-30 19:41:41.058 [info] Git repository found, initializing review manager and pr tree view.
2024-12-30 19:41:44.489 [info] Registering git provider
2024-12-30 19:41:44.981 [info] Repository file:///home/jordan/Documents/docs has been opened
2024-12-30 19:41:45.041 [info] Git initialization state changed: state=initialized
2024-12-30 19:41:45.041 [info] Review+0> Validate state in progress
2024-12-30 19:41:45.041 [info] Review+0> Validating state...
2024-12-30 19:41:45.042 [warning] No remotes found. The following remotes are missing: origin, upstream
2024-12-30 19:41:45.042 [info] No GitHub remotes found for folder /home/jordan/Documents/docs
2024-12-30 19:41:45.042 [info] Trying to use globalState for assignableUsers.
2024-12-30 19:41:45.049 [info] GlobalState does not exist for assignableUsers.
2024-12-30 19:41:45.066 [info] Review+0> Queuing additional validate state
2024-12-30 19:41:45.066 [info] Repo state for file:///home/jordan/Documents/docs changed.
2024-12-30 19:41:45.066 [info] Repo file:///home/jordan/Documents/docs has already been setup.
2024-12-30 19:41:45.094 [info] Review+0> Validating state...
2024-12-30 19:41:45.105 [info] Found GitHub remote for folder /home/jordan/Documents/docs
2024-12-30 19:41:45.106 [info] Using in-memory cached assignable users.
2024-12-30 19:41:45.124 [info] Review+0> No matching pull request metadata found locally for current branch main
2024-12-30 19:41:45.124 [info] Review+0> No matching pull request metadata found on GitHub for current branch main
