2025-01-01 08:06:14.203 [info] Reading sessions from keychain...
2025-01-01 08:06:14.203 [info] Getting sessions for all scopes...
2025-01-01 08:06:14.203 [info] Getting sessions for all scopes...
2025-01-01 08:06:14.203 [info] Got 0 sessions for ...
2025-01-01 08:06:14.203 [info] Got 0 sessions for ...
2025-01-01 08:06:14.203 [info] Getting sessions for project,read:org,read:user,repo,user:email,workflow...
2025-01-01 08:06:14.203 [info] Got 0 sessions for project,read:org,read:user,repo,user:email,workflow...
2025-01-01 08:06:14.234 [info] Getting sessions for read:user,repo,user:email,workflow...
2025-01-01 08:06:14.234 [info] Got 0 sessions for read:user,repo,user:email,workflow...
2025-01-01 08:06:14.248 [info] Getting sessions for read:user,repo,user:email,workflow...
2025-01-01 08:06:14.248 [info] Got 0 sessions for read:user,repo,user:email,workflow...
2025-01-01 08:06:14.271 [info] Getting sessions for read:user,repo,user:email...
2025-01-01 08:06:14.271 [info] Got 0 sessions for read:user,repo,user:email...
2025-01-01 08:06:14.274 [info] Getting sessions for read:user,repo,user:email,workflow...
2025-01-01 08:06:14.274 [info] Got 0 sessions for read:user,repo,user:email,workflow...
2025-01-01 08:06:14.603 [info] Getting sessions for all scopes...
2025-01-01 08:06:14.603 [info] Got 0 sessions for ...
2025-01-01 08:09:45.377 [info] Getting sessions for read:user,repo,user:email,workflow...
2025-01-01 08:09:45.377 [info] Got 0 sessions for read:user,repo,user:email,workflow...
2025-01-01 08:09:47.459 [info] Logging in with 'any' account...
2025-01-01 08:09:47.459 [info] Logging in for the following scopes: read:user repo user:email workflow
2025-01-01 08:09:47.468 [info] Trying device code flow... (read:user repo user:email workflow)
2025-01-01 08:10:31.669 [info] Getting user info...
2025-01-01 08:10:31.966 [info] Got account info!
2025-01-01 08:10:31.966 [info] Storing 1 sessions...
2025-01-01 08:10:31.971 [info] Reading sessions from keychain...
2025-01-01 08:10:31.971 [info] Stored 1 sessions!
2025-01-01 08:10:31.971 [info] Login success!
2025-01-01 08:10:32.070 [info] Got stored sessions!
2025-01-01 08:10:32.070 [info] Got 1 verified sessions.
2025-01-01 08:10:32.071 [info] Getting sessions for project,read:org,read:user,repo,user:email,workflow...
2025-01-01 08:10:32.071 [info] Got 0 sessions for project,read:org,read:user,repo,user:email,workflow...
2025-01-01 08:10:32.072 [info] Getting sessions for read:user,repo,user:email,workflow...
2025-01-01 08:10:32.072 [info] Got 1 sessions for read:user,repo,user:email,workflow...
2025-01-01 08:10:32.072 [info] Getting sessions for read:user,repo,user:email...
2025-01-01 08:10:32.072 [info] Got 0 sessions for read:user,repo,user:email...
2025-01-01 08:10:32.073 [info] Getting sessions for read:user,repo,user:email,workflow...
2025-01-01 08:10:32.073 [info] Got 1 sessions for read:user,repo,user:email,workflow...
2025-01-01 08:10:32.074 [info] Getting sessions for project,read:org,read:user,repo,user:email,workflow...
2025-01-01 08:10:32.074 [info] Got 0 sessions for project,read:org,read:user,repo,user:email,workflow...
2025-01-01 08:10:32.075 [info] Getting sessions for read:user,repo,user:email,workflow...
2025-01-01 08:10:32.075 [info] Got 1 sessions for read:user,repo,user:email,workflow...
2025-01-01 08:10:32.075 [info] Getting sessions for read:user,repo,user:email...
2025-01-01 08:10:32.075 [info] Got 0 sessions for read:user,repo,user:email...
2025-01-01 08:10:32.075 [info] Getting sessions for read:user,repo,user:email,workflow...
2025-01-01 08:10:32.075 [info] Got 1 sessions for read:user,repo,user:email,workflow...
2025-01-01 08:10:32.231 [info] Getting sessions for read:user,repo,user:email,workflow...
2025-01-01 08:10:32.232 [info] Got 1 sessions for read:user,repo,user:email,workflow...
2025-01-01 08:10:32.253 [info] Getting sessions for read:user,repo,user:email,workflow...
2025-01-01 08:10:32.254 [info] Got 1 sessions for read:user,repo,user:email,workflow...
2025-01-01 08:10:32.285 [info] Getting sessions for read:user,repo,user:email,workflow...
2025-01-01 08:10:32.285 [info] Got 1 sessions for read:user,repo,user:email,workflow...
2025-01-01 08:10:54.974 [info] Reading sessions from keychain...
2025-01-01 08:10:54.974 [info] Getting sessions for all scopes...
2025-01-01 08:10:54.974 [info] Got stored sessions!
2025-01-01 08:10:54.974 [info] Got 1 verified sessions.
2025-01-01 08:10:54.974 [info] Got 1 sessions for ...
2025-01-01 08:10:54.974 [info] Getting sessions for all scopes...
2025-01-01 08:10:54.974 [info] Got 1 sessions for ...
2025-01-01 08:10:54.974 [info] Getting sessions for read:user,repo,user:email,workflow...
2025-01-01 08:10:54.974 [info] Got 1 sessions for read:user,repo,user:email,workflow...
2025-01-01 08:10:54.990 [info] Getting sessions for project,read:org,read:user,repo,user:email,workflow...
2025-01-01 08:10:54.990 [info] Got 0 sessions for project,read:org,read:user,repo,user:email,workflow...
2025-01-01 08:10:54.993 [info] Getting sessions for read:user,repo,user:email,workflow...
2025-01-01 08:10:54.993 [info] Got 1 sessions for read:user,repo,user:email,workflow...
2025-01-01 08:10:54.993 [info] Getting sessions for read:user,repo,user:email...
2025-01-01 08:10:54.993 [info] Got 0 sessions for read:user,repo,user:email...
2025-01-01 08:10:54.994 [info] Getting sessions for read:user,repo,user:email,workflow...
2025-01-01 08:10:54.994 [info] Got 1 sessions for read:user,repo,user:email,workflow...
2025-01-01 08:10:55.227 [info] Getting sessions for read:user,repo,user:email,workflow...
2025-01-01 08:10:55.227 [info] Got 1 sessions for read:user,repo,user:email,workflow...
2025-01-01 08:10:55.262 [info] Getting sessions for read:user,repo,user:email,workflow...
2025-01-01 08:10:55.262 [info] Got 1 sessions for read:user,repo,user:email,workflow...
2025-01-01 10:42:37.981 [info] Getting sessions for read:user,repo,user:email,workflow...
2025-01-01 10:42:37.981 [info] Got 1 sessions for read:user,repo,user:email,workflow...
2025-01-01 10:46:04.858 [info] Getting sessions for read:user,repo,user:email,workflow...
2025-01-01 10:46:04.858 [info] Got 1 sessions for read:user,repo,user:email,workflow...
2025-01-01 10:46:59.889 [info] Getting sessions for read:user,repo,user:email,workflow...
2025-01-01 10:46:59.889 [info] Got 1 sessions for read:user,repo,user:email,workflow...
2025-01-01 11:25:48.723 [info] Getting sessions for read:user,repo,user:email,workflow...
2025-01-01 11:25:48.724 [info] Got 1 sessions for read:user,repo,user:email,workflow...
2025-01-01 11:45:08.503 [info] Getting sessions for read:user,repo,user:email,workflow...
2025-01-01 11:45:08.503 [info] Got 1 sessions for read:user,repo,user:email,workflow...
2025-01-01 12:00:13.484 [info] Getting sessions for read:user,repo,user:email,workflow...
2025-01-01 12:00:13.484 [info] Got 1 sessions for read:user,repo,user:email,workflow...
2025-01-01 12:12:47.433 [info] Getting sessions for read:user,repo,user:email,workflow...
2025-01-01 12:12:47.433 [info] Got 1 sessions for read:user,repo,user:email,workflow...
2025-01-01 12:14:41.075 [info] Getting sessions for read:user,repo,user:email,workflow...
2025-01-01 12:14:41.075 [info] Got 1 sessions for read:user,repo,user:email,workflow...
2025-01-01 12:26:25.601 [info] Getting sessions for read:user,repo,user:email,workflow...
2025-01-01 12:26:25.601 [info] Got 1 sessions for read:user,repo,user:email,workflow...
2025-01-01 12:28:35.986 [info] Getting sessions for read:user,repo,user:email,workflow...
2025-01-01 12:28:35.986 [info] Got 1 sessions for read:user,repo,user:email,workflow...
2025-01-02 05:38:54.186 [info] Getting sessions for read:user,repo,user:email,workflow...
2025-01-02 05:38:54.186 [info] Got 1 sessions for read:user,repo,user:email,workflow...
2025-01-02 05:42:43.127 [info] Getting sessions for read:user,repo,user:email,workflow...
2025-01-02 05:42:43.127 [info] Got 1 sessions for read:user,repo,user:email,workflow...
2025-01-02 06:10:24.183 [info] Getting sessions for read:user,repo,user:email,workflow...
2025-01-02 06:10:24.184 [info] Got 1 sessions for read:user,repo,user:email,workflow...
