2024-12-30 19:41:27.168 [info] Reading sessions from keychain...
2024-12-30 19:41:27.168 [info] Getting sessions for all scopes...
2024-12-30 19:41:27.168 [info] Getting sessions for all scopes...
2024-12-30 19:41:27.168 [info] Got 0 sessions for ...
2024-12-30 19:41:27.168 [info] Got 0 sessions for ...
2024-12-30 19:41:27.168 [info] Getting sessions for project,read:org,read:user,repo,user:email,workflow...
2024-12-30 19:41:27.168 [info] Got 0 sessions for project,read:org,read:user,repo,user:email,workflow...
2024-12-30 19:41:27.169 [info] Getting sessions for read:user,repo,user:email,workflow...
2024-12-30 19:41:27.169 [info] Got 0 sessions for read:user,repo,user:email,workflow...
2024-12-30 19:41:27.171 [info] Getting sessions for read:user,repo,user:email...
2024-12-30 19:41:27.171 [info] Got 0 sessions for read:user,repo,user:email...
2024-12-30 19:41:27.171 [info] Getting sessions for read:user,repo,user:email,workflow...
2024-12-30 19:41:27.171 [info] Got 0 sessions for read:user,repo,user:email,workflow...
2024-12-30 19:41:28.176 [info] Getting sessions for all scopes...
2024-12-30 19:41:28.176 [info] Got 0 sessions for ...
2024-12-30 19:41:41.043 [info] Reading sessions from keychain...
2024-12-30 19:41:41.043 [info] Getting sessions for all scopes...
2024-12-30 19:41:41.043 [info] Getting sessions for all scopes...
2024-12-30 19:41:41.043 [info] Got 0 sessions for ...
2024-12-30 19:41:41.043 [info] Got 0 sessions for ...
2024-12-30 19:41:41.046 [info] Getting sessions for project,read:org,read:user,repo,user:email,workflow...
2024-12-30 19:41:41.046 [info] Got 0 sessions for project,read:org,read:user,repo,user:email,workflow...
2024-12-30 19:41:41.047 [info] Getting sessions for read:user,repo,user:email,workflow...
2024-12-30 19:41:41.047 [info] Got 0 sessions for read:user,repo,user:email,workflow...
2024-12-30 19:41:41.048 [info] Getting sessions for read:user,repo,user:email...
2024-12-30 19:41:41.048 [info] Got 0 sessions for read:user,repo,user:email...
2024-12-30 19:41:41.049 [info] Getting sessions for read:user,repo,user:email,workflow...
2024-12-30 19:41:41.049 [info] Got 0 sessions for read:user,repo,user:email,workflow...
2024-12-30 19:41:42.560 [info] Getting sessions for all scopes...
2024-12-30 19:41:42.560 [info] Got 0 sessions for ...
2024-12-30 19:41:45.095 [info] Getting sessions for read:user,repo,user:email,workflow...
2024-12-30 19:41:45.095 [info] Got 0 sessions for read:user,repo,user:email,workflow...
