[Info  - 6:14:01 AM] Connection to server got closed. Server will restart.
[Error - 6:14:01 AM] Server initialization failed.
  Message: Pending response rejected since connection got disposed
  Code: -32097 
[Error - 6:14:01 AM] XML Support client: couldn't create connection to server.
  Message: Pending response rejected since connection got disposed
  Code: -32097 
Could not start dynamically linked executable: /home/jordan/.vscode-oss/extensions/redhat.vscode-xml-0.27.2-linux-x64/server/lemminx-linux
NixOS cannot run dynamically linked executables intended for generic
linux environments out of the box. For more information, see:
https://nix.dev/permalink/stub-ld
[Info  - 6:14:01 AM] Connection to server got closed. Server will restart.
[Error - 6:14:01 AM] Server initialization failed.
  Message: Pending response rejected since connection got disposed
  Code: -32097 
[Error - 6:14:01 AM] XML Support client: couldn't create connection to server.
  Message: Pending response rejected since connection got disposed
  Code: -32097 
Could not start dynamically linked executable: /home/jordan/.vscode-oss/extensions/redhat.vscode-xml-0.27.2-linux-x64/server/lemminx-linux
NixOS cannot run dynamically linked executables intended for generic
linux environments out of the box. For more information, see:
https://nix.dev/permalink/stub-ld
[Info  - 6:14:02 AM] Connection to server got closed. Server will restart.
[Error - 6:14:02 AM] Server initialization failed.
  Message: Pending response rejected since connection got disposed
  Code: -32097 
[Error - 6:14:02 AM] XML Support client: couldn't create connection to server.
  Message: Pending response rejected since connection got disposed
  Code: -32097 
[Error - 6:14:02 AM] Restarting server failed
  Message: Pending response rejected since connection got disposed
  Code: -32097 
Could not start dynamically linked executable: /home/jordan/.vscode-oss/extensions/redhat.vscode-xml-0.27.2-linux-x64/server/lemminx-linux
NixOS cannot run dynamically linked executables intended for generic
linux environments out of the box. For more information, see:
https://nix.dev/permalink/stub-ld
[Info  - 6:14:02 AM] Connection to server got closed. Server will restart.
[Error - 6:14:02 AM] Server initialization failed.
  Message: Pending response rejected since connection got disposed
  Code: -32097 
[Error - 6:14:02 AM] XML Support client: couldn't create connection to server.
  Message: Pending response rejected since connection got disposed
  Code: -32097 
[Error - 6:14:02 AM] Restarting server failed
  Message: Pending response rejected since connection got disposed
  Code: -32097 
Could not start dynamically linked executable: /home/jordan/.vscode-oss/extensions/redhat.vscode-xml-0.27.2-linux-x64/server/lemminx-linux
NixOS cannot run dynamically linked executables intended for generic
linux environments out of the box. For more information, see:
https://nix.dev/permalink/stub-ld
[Error - 6:14:02 AM] Connection to server got closed. Server will not be restarted.
[Error - 6:14:02 AM] Server initialization failed.
  Message: Pending response rejected since connection got disposed
  Code: -32097 
[Error - 6:14:02 AM] XML Support client: couldn't create connection to server.
  Message: Pending response rejected since connection got disposed
  Code: -32097 
[Error - 6:14:02 AM] Restarting server failed
  Message: Pending response rejected since connection got disposed
  Code: -32097 
Could not start dynamically linked executable: /home/jordan/.vscode-oss/extensions/redhat.vscode-xml-0.27.2-linux-x64/server/lemminx-linux
NixOS cannot run dynamically linked executables intended for generic
linux environments out of the box. For more information, see:
https://nix.dev/permalink/stub-ld
