2025-01-01 08:06:12.667 [info] Extension host with pid 82898 started
2025-01-01 08:06:12.667 [info] Skipping acquiring lock for /home/jordan/.config/VSCodium/User/workspaceStorage/dc3b9073849298492d15542e7bdb4449.
2025-01-01 08:06:12.960 [info] ExtensionService#_doActivateExtension vscode.emmet, startup: false, activationEvent: 'onLanguage'
2025-01-01 08:06:13.034 [info] ExtensionService#_doActivateExtension vscode.git-base, startup: true, activationEvent: '*', root cause: vscode.git
2025-01-01 08:06:13.037 [info] ExtensionService#_doActivateExtension vscode.npm, startup: true, activationEvent: 'workspaceContains:package.json'
2025-01-01 08:06:13.111 [info] ExtensionService#_doActivateExtension vscode.git, startup: true, activationEvent: '*'
2025-01-01 08:06:13.183 [info] ExtensionService#_doActivateExtension vscode.github, startup: true, activationEvent: '*'
2025-01-01 08:06:13.232 [info] Eager extensions activated
2025-01-01 08:06:13.280 [info] ExtensionService#_doActivateExtension vscode.debug-auto-launch, startup: false, activationEvent: 'onStartupFinished'
2025-01-01 08:06:13.282 [info] ExtensionService#_doActivateExtension vscode.merge-conflict, startup: false, activationEvent: 'onStartupFinished'
2025-01-01 08:06:13.305 [info] ExtensionService#_doActivateExtension cweijan.vscode-mysql-client2, startup: false, activationEvent: 'onStartupFinished'
2025-01-01 08:06:13.705 [info] ExtensionService#_doActivateExtension esbenp.prettier-vscode, startup: false, activationEvent: 'onStartupFinished'
2025-01-01 08:06:13.784 [info] ExtensionService#_doActivateExtension vscode.github-authentication, startup: false, activationEvent: 'onStartupFinished', root cause: GitHub.vscode-pull-request-github
2025-01-01 08:06:13.809 [info] ExtensionService#_doActivateExtension PKief.material-icon-theme, startup: false, activationEvent: 'onStartupFinished'
2025-01-01 08:06:13.934 [info] ExtensionService#_doActivateExtension GitHub.vscode-pull-request-github, startup: false, activationEvent: 'onStartupFinished'
2025-01-01 08:06:14.029 [info] ExtensionService#_doActivateExtension vscode.configuration-editing, startup: false, activationEvent: 'onLanguage:jsonc'
2025-01-01 08:06:14.036 [info] ExtensionService#_doActivateExtension vscode.json-language-features, startup: false, activationEvent: 'onLanguage:jsonc'
2025-01-01 08:06:14.078 [info] ExtensionService#_doActivateExtension vscode.typescript-language-features, startup: false, activationEvent: 'onLanguage:jsonc'
2025-01-01 08:06:19.159 [info] ExtensionService#_doActivateExtension vscode.extension-editing, startup: false, activationEvent: 'onLanguage:json'
2025-01-01 08:10:53.043 [info] Extension host terminating: renderer closed the MessagePort
2025-01-01 08:10:53.057 [error] Canceled: Canceled
	at new D3 (file:///nix/store/lcc8767cmnjrz8mpfm0pir5dzv5hw73i-vscodium-1.96.2.24355/lib/vscode/resources/app/out/vs/workbench/api/node/extensionHostProcess.js:32:118193)
	at Py._remoteCall (file:///nix/store/lcc8767cmnjrz8mpfm0pir5dzv5hw73i-vscodium-1.96.2.24355/lib/vscode/resources/app/out/vs/workbench/api/node/extensionHostProcess.js:32:124487)
	at s.<computed>.n.charCodeAt.s.<computed> (file:///nix/store/lcc8767cmnjrz8mpfm0pir5dzv5hw73i-vscodium-1.96.2.24355/lib/vscode/resources/app/out/vs/workbench/api/node/extensionHostProcess.js:32:121246)
	at l0._doExecuteCommand (file:///nix/store/lcc8767cmnjrz8mpfm0pir5dzv5hw73i-vscodium-1.96.2.24355/lib/vscode/resources/app/out/vs/workbench/api/node/extensionHostProcess.js:115:38451)
	at l0.executeCommand (file:///nix/store/lcc8767cmnjrz8mpfm0pir5dzv5hw73i-vscodium-1.96.2.24355/lib/vscode/resources/app/out/vs/workbench/api/node/extensionHostProcess.js:115:37890)
	at r.registerCommand.description (file:///nix/store/lcc8767cmnjrz8mpfm0pir5dzv5hw73i-vscodium-1.96.2.24355/lib/vscode/resources/app/out/vs/workbench/api/node/extensionHostProcess.js:115:37154)
	at l0._executeContributedCommand (file:///nix/store/lcc8767cmnjrz8mpfm0pir5dzv5hw73i-vscodium-1.96.2.24355/lib/vscode/resources/app/out/vs/workbench/api/node/extensionHostProcess.js:115:39020)
	at l0._doExecuteCommand (file:///nix/store/lcc8767cmnjrz8mpfm0pir5dzv5hw73i-vscodium-1.96.2.24355/lib/vscode/resources/app/out/vs/workbench/api/node/extensionHostProcess.js:115:38023)
	at l0.executeCommand (file:///nix/store/lcc8767cmnjrz8mpfm0pir5dzv5hw73i-vscodium-1.96.2.24355/lib/vscode/resources/app/out/vs/workbench/api/node/extensionHostProcess.js:115:37890)
	at Object.executeCommand (file:///nix/store/lcc8767cmnjrz8mpfm0pir5dzv5hw73i-vscodium-1.96.2.24355/lib/vscode/resources/app/out/vs/workbench/api/node/extensionHostProcess.js:157:42391)
	at xh.L [as value] (/nix/store/lcc8767cmnjrz8mpfm0pir5dzv5hw73i-vscodium-1.96.2.24355/lib/vscode/resources/app/extensions/git/dist/main.js:2:975661)
	at I._deliver (file:///nix/store/lcc8767cmnjrz8mpfm0pir5dzv5hw73i-vscodium-1.96.2.24355/lib/vscode/resources/app/out/vs/workbench/api/node/extensionHostProcess.js:30:922)
	at I._deliverQueue (file:///nix/store/lcc8767cmnjrz8mpfm0pir5dzv5hw73i-vscodium-1.96.2.24355/lib/vscode/resources/app/out/vs/workbench/api/node/extensionHostProcess.js:30:1013)
	at I.fire (file:///nix/store/lcc8767cmnjrz8mpfm0pir5dzv5hw73i-vscodium-1.96.2.24355/lib/vscode/resources/app/out/vs/workbench/api/node/extensionHostProcess.js:30:1349)
	at Object.p [as dispose] (/nix/store/lcc8767cmnjrz8mpfm0pir5dzv5hw73i-vscodium-1.96.2.24355/lib/vscode/resources/app/extensions/git/dist/main.js:2:997218)
	at /nix/store/lcc8767cmnjrz8mpfm0pir5dzv5hw73i-vscodium-1.96.2.24355/lib/vscode/resources/app/extensions/git/dist/main.js:2:1003340
	at Array.forEach (<anonymous>)
	at b.dispose (/nix/store/lcc8767cmnjrz8mpfm0pir5dzv5hw73i-vscodium-1.96.2.24355/lib/vscode/resources/app/extensions/git/dist/main.js:2:1003326)
	at e1.<anonymous> (file:///nix/store/lcc8767cmnjrz8mpfm0pir5dzv5hw73i-vscodium-1.96.2.24355/lib/vscode/resources/app/out/vs/workbench/api/node/extensionHostProcess.js:109:21508)
	at e1.dispose (file:///nix/store/lcc8767cmnjrz8mpfm0pir5dzv5hw73i-vscodium-1.96.2.24355/lib/vscode/resources/app/out/vs/workbench/api/node/extensionHostProcess.js:109:21604)
	at e1.<anonymous> (/nix/store/lcc8767cmnjrz8mpfm0pir5dzv5hw73i-vscodium-1.96.2.24355/lib/vscode/resources/app/extensions/git/dist/main.js:2:978140)
	at e1.dispose (file:///nix/store/lcc8767cmnjrz8mpfm0pir5dzv5hw73i-vscodium-1.96.2.24355/lib/vscode/resources/app/out/vs/workbench/api/node/extensionHostProcess.js:109:21604)
	at ai (file:///nix/store/lcc8767cmnjrz8mpfm0pir5dzv5hw73i-vscodium-1.96.2.24355/lib/vscode/resources/app/out/vs/workbench/api/node/extensionHostProcess.js:25:699)
	at file:///nix/store/lcc8767cmnjrz8mpfm0pir5dzv5hw73i-vscodium-1.96.2.24355/lib/vscode/resources/app/out/vs/workbench/api/node/extensionHostProcess.js:119:18392
	at file:///nix/store/lcc8767cmnjrz8mpfm0pir5dzv5hw73i-vscodium-1.96.2.24355/lib/vscode/resources/app/out/vs/workbench/api/node/extensionHostProcess.js:25:1009
	at Object.dispose (file:///nix/store/lcc8767cmnjrz8mpfm0pir5dzv5hw73i-vscodium-1.96.2.24355/lib/vscode/resources/app/out/vs/workbench/api/node/extensionHostProcess.js:8:705)
	at VV._deactivate (file:///nix/store/lcc8767cmnjrz8mpfm0pir5dzv5hw73i-vscodium-1.96.2.24355/lib/vscode/resources/app/out/vs/workbench/api/node/extensionHostProcess.js:119:14727)
	at file:///nix/store/lcc8767cmnjrz8mpfm0pir5dzv5hw73i-vscodium-1.96.2.24355/lib/vscode/resources/app/out/vs/workbench/api/node/extensionHostProcess.js:119:12013
	at Array.map (<anonymous>)
	at VV._deactivateAll (file:///nix/store/lcc8767cmnjrz8mpfm0pir5dzv5hw73i-vscodium-1.96.2.24355/lib/vscode/resources/app/out/vs/workbench/api/node/extensionHostProcess.js:119:12001)
	at VV.terminate (file:///nix/store/lcc8767cmnjrz8mpfm0pir5dzv5hw73i-vscodium-1.96.2.24355/lib/vscode/resources/app/out/vs/workbench/api/node/extensionHostProcess.js:119:12354)
	at XT.terminate (file:///nix/store/lcc8767cmnjrz8mpfm0pir5dzv5hw73i-vscodium-1.96.2.24355/lib/vscode/resources/app/out/vs/workbench/api/node/extensionHostProcess.js:120:1592)
	at Zi (file:///nix/store/lcc8767cmnjrz8mpfm0pir5dzv5hw73i-vscodium-1.96.2.24355/lib/vscode/resources/app/out/vs/workbench/api/node/extensionHostProcess.js:175:16313)
	at MessagePortMain.<anonymous> (file:///nix/store/lcc8767cmnjrz8mpfm0pir5dzv5hw73i-vscodium-1.96.2.24355/lib/vscode/resources/app/out/vs/workbench/api/node/extensionHostProcess.js:175:12769)
	at MessagePortMain.emit (node:events:518:28)
	at MessagePortMain._internalPort.emit (node:electron/js2c/utility_init:2:2949) setContext undefined
2025-01-01 08:10:53.058 [error] Canceled: Canceled
	at new D3 (file:///nix/store/lcc8767cmnjrz8mpfm0pir5dzv5hw73i-vscodium-1.96.2.24355/lib/vscode/resources/app/out/vs/workbench/api/node/extensionHostProcess.js:32:118193)
	at Py._remoteCall (file:///nix/store/lcc8767cmnjrz8mpfm0pir5dzv5hw73i-vscodium-1.96.2.24355/lib/vscode/resources/app/out/vs/workbench/api/node/extensionHostProcess.js:32:124487)
	at s.<computed>.n.charCodeAt.s.<computed> (file:///nix/store/lcc8767cmnjrz8mpfm0pir5dzv5hw73i-vscodium-1.96.2.24355/lib/vscode/resources/app/out/vs/workbench/api/node/extensionHostProcess.js:32:121246)
	at l0._doExecuteCommand (file:///nix/store/lcc8767cmnjrz8mpfm0pir5dzv5hw73i-vscodium-1.96.2.24355/lib/vscode/resources/app/out/vs/workbench/api/node/extensionHostProcess.js:115:38451)
	at l0.executeCommand (file:///nix/store/lcc8767cmnjrz8mpfm0pir5dzv5hw73i-vscodium-1.96.2.24355/lib/vscode/resources/app/out/vs/workbench/api/node/extensionHostProcess.js:115:37890)
	at r.registerCommand.description (file:///nix/store/lcc8767cmnjrz8mpfm0pir5dzv5hw73i-vscodium-1.96.2.24355/lib/vscode/resources/app/out/vs/workbench/api/node/extensionHostProcess.js:115:37154)
	at l0._executeContributedCommand (file:///nix/store/lcc8767cmnjrz8mpfm0pir5dzv5hw73i-vscodium-1.96.2.24355/lib/vscode/resources/app/out/vs/workbench/api/node/extensionHostProcess.js:115:39020)
	at l0._doExecuteCommand (file:///nix/store/lcc8767cmnjrz8mpfm0pir5dzv5hw73i-vscodium-1.96.2.24355/lib/vscode/resources/app/out/vs/workbench/api/node/extensionHostProcess.js:115:38023)
	at l0.executeCommand (file:///nix/store/lcc8767cmnjrz8mpfm0pir5dzv5hw73i-vscodium-1.96.2.24355/lib/vscode/resources/app/out/vs/workbench/api/node/extensionHostProcess.js:115:37890)
	at Object.executeCommand (file:///nix/store/lcc8767cmnjrz8mpfm0pir5dzv5hw73i-vscodium-1.96.2.24355/lib/vscode/resources/app/out/vs/workbench/api/node/extensionHostProcess.js:157:42391)
	at set hasGitHubRepositories (/nix/store/lcc8767cmnjrz8mpfm0pir5dzv5hw73i-vscodium-1.96.2.24355/lib/vscode/resources/app/extensions/github/dist/extension.js:2:328582)
	at /nix/store/lcc8767cmnjrz8mpfm0pir5dzv5hw73i-vscodium-1.96.2.24355/lib/vscode/resources/app/extensions/github/dist/extension.js:2:329541
	at xh.value (/nix/store/lcc8767cmnjrz8mpfm0pir5dzv5hw73i-vscodium-1.96.2.24355/lib/vscode/resources/app/extensions/git/dist/main.js:2:1088522)
	at I._deliver (file:///nix/store/lcc8767cmnjrz8mpfm0pir5dzv5hw73i-vscodium-1.96.2.24355/lib/vscode/resources/app/out/vs/workbench/api/node/extensionHostProcess.js:30:922)
	at I._deliverQueue (file:///nix/store/lcc8767cmnjrz8mpfm0pir5dzv5hw73i-vscodium-1.96.2.24355/lib/vscode/resources/app/out/vs/workbench/api/node/extensionHostProcess.js:30:1013)
	at I.fire (file:///nix/store/lcc8767cmnjrz8mpfm0pir5dzv5hw73i-vscodium-1.96.2.24355/lib/vscode/resources/app/out/vs/workbench/api/node/extensionHostProcess.js:30:1349)
	at Object.p [as dispose] (/nix/store/lcc8767cmnjrz8mpfm0pir5dzv5hw73i-vscodium-1.96.2.24355/lib/vscode/resources/app/extensions/git/dist/main.js:2:997218)
	at /nix/store/lcc8767cmnjrz8mpfm0pir5dzv5hw73i-vscodium-1.96.2.24355/lib/vscode/resources/app/extensions/git/dist/main.js:2:1003340
	at Array.forEach (<anonymous>)
	at b.dispose (/nix/store/lcc8767cmnjrz8mpfm0pir5dzv5hw73i-vscodium-1.96.2.24355/lib/vscode/resources/app/extensions/git/dist/main.js:2:1003326)
	at e1.<anonymous> (file:///nix/store/lcc8767cmnjrz8mpfm0pir5dzv5hw73i-vscodium-1.96.2.24355/lib/vscode/resources/app/out/vs/workbench/api/node/extensionHostProcess.js:109:21508)
	at e1.dispose (file:///nix/store/lcc8767cmnjrz8mpfm0pir5dzv5hw73i-vscodium-1.96.2.24355/lib/vscode/resources/app/out/vs/workbench/api/node/extensionHostProcess.js:109:21604)
	at e1.<anonymous> (/nix/store/lcc8767cmnjrz8mpfm0pir5dzv5hw73i-vscodium-1.96.2.24355/lib/vscode/resources/app/extensions/git/dist/main.js:2:978140)
	at e1.dispose (file:///nix/store/lcc8767cmnjrz8mpfm0pir5dzv5hw73i-vscodium-1.96.2.24355/lib/vscode/resources/app/out/vs/workbench/api/node/extensionHostProcess.js:109:21604)
	at ai (file:///nix/store/lcc8767cmnjrz8mpfm0pir5dzv5hw73i-vscodium-1.96.2.24355/lib/vscode/resources/app/out/vs/workbench/api/node/extensionHostProcess.js:25:699)
	at file:///nix/store/lcc8767cmnjrz8mpfm0pir5dzv5hw73i-vscodium-1.96.2.24355/lib/vscode/resources/app/out/vs/workbench/api/node/extensionHostProcess.js:119:18392
	at file:///nix/store/lcc8767cmnjrz8mpfm0pir5dzv5hw73i-vscodium-1.96.2.24355/lib/vscode/resources/app/out/vs/workbench/api/node/extensionHostProcess.js:25:1009
	at Object.dispose (file:///nix/store/lcc8767cmnjrz8mpfm0pir5dzv5hw73i-vscodium-1.96.2.24355/lib/vscode/resources/app/out/vs/workbench/api/node/extensionHostProcess.js:8:705)
	at VV._deactivate (file:///nix/store/lcc8767cmnjrz8mpfm0pir5dzv5hw73i-vscodium-1.96.2.24355/lib/vscode/resources/app/out/vs/workbench/api/node/extensionHostProcess.js:119:14727)
	at file:///nix/store/lcc8767cmnjrz8mpfm0pir5dzv5hw73i-vscodium-1.96.2.24355/lib/vscode/resources/app/out/vs/workbench/api/node/extensionHostProcess.js:119:12013
	at Array.map (<anonymous>)
	at VV._deactivateAll (file:///nix/store/lcc8767cmnjrz8mpfm0pir5dzv5hw73i-vscodium-1.96.2.24355/lib/vscode/resources/app/out/vs/workbench/api/node/extensionHostProcess.js:119:12001)
	at VV.terminate (file:///nix/store/lcc8767cmnjrz8mpfm0pir5dzv5hw73i-vscodium-1.96.2.24355/lib/vscode/resources/app/out/vs/workbench/api/node/extensionHostProcess.js:119:12354)
	at XT.terminate (file:///nix/store/lcc8767cmnjrz8mpfm0pir5dzv5hw73i-vscodium-1.96.2.24355/lib/vscode/resources/app/out/vs/workbench/api/node/extensionHostProcess.js:120:1592)
	at Zi (file:///nix/store/lcc8767cmnjrz8mpfm0pir5dzv5hw73i-vscodium-1.96.2.24355/lib/vscode/resources/app/out/vs/workbench/api/node/extensionHostProcess.js:175:16313)
	at MessagePortMain.<anonymous> (file:///nix/store/lcc8767cmnjrz8mpfm0pir5dzv5hw73i-vscodium-1.96.2.24355/lib/vscode/resources/app/out/vs/workbench/api/node/extensionHostProcess.js:175:12769)
	at MessagePortMain.emit (node:events:518:28)
	at MessagePortMain._internalPort.emit (node:electron/js2c/utility_init:2:2949) setContext undefined
2025-01-01 08:10:53.060 [error] Canceled: Canceled
	at new D3 (file:///nix/store/lcc8767cmnjrz8mpfm0pir5dzv5hw73i-vscodium-1.96.2.24355/lib/vscode/resources/app/out/vs/workbench/api/node/extensionHostProcess.js:32:118193)
	at Py._remoteCall (file:///nix/store/lcc8767cmnjrz8mpfm0pir5dzv5hw73i-vscodium-1.96.2.24355/lib/vscode/resources/app/out/vs/workbench/api/node/extensionHostProcess.js:32:124487)
	at s.<computed>.n.charCodeAt.s.<computed> (file:///nix/store/lcc8767cmnjrz8mpfm0pir5dzv5hw73i-vscodium-1.96.2.24355/lib/vscode/resources/app/out/vs/workbench/api/node/extensionHostProcess.js:32:121246)
	at l0._doExecuteCommand (file:///nix/store/lcc8767cmnjrz8mpfm0pir5dzv5hw73i-vscodium-1.96.2.24355/lib/vscode/resources/app/out/vs/workbench/api/node/extensionHostProcess.js:115:38451)
	at l0.executeCommand (file:///nix/store/lcc8767cmnjrz8mpfm0pir5dzv5hw73i-vscodium-1.96.2.24355/lib/vscode/resources/app/out/vs/workbench/api/node/extensionHostProcess.js:115:37890)
	at r.registerCommand.description (file:///nix/store/lcc8767cmnjrz8mpfm0pir5dzv5hw73i-vscodium-1.96.2.24355/lib/vscode/resources/app/out/vs/workbench/api/node/extensionHostProcess.js:115:37154)
	at l0._executeContributedCommand (file:///nix/store/lcc8767cmnjrz8mpfm0pir5dzv5hw73i-vscodium-1.96.2.24355/lib/vscode/resources/app/out/vs/workbench/api/node/extensionHostProcess.js:115:39020)
	at l0._doExecuteCommand (file:///nix/store/lcc8767cmnjrz8mpfm0pir5dzv5hw73i-vscodium-1.96.2.24355/lib/vscode/resources/app/out/vs/workbench/api/node/extensionHostProcess.js:115:38023)
	at l0.executeCommand (file:///nix/store/lcc8767cmnjrz8mpfm0pir5dzv5hw73i-vscodium-1.96.2.24355/lib/vscode/resources/app/out/vs/workbench/api/node/extensionHostProcess.js:115:37890)
	at Object.executeCommand (file:///nix/store/lcc8767cmnjrz8mpfm0pir5dzv5hw73i-vscodium-1.96.2.24355/lib/vscode/resources/app/out/vs/workbench/api/node/extensionHostProcess.js:157:42391)
	at e (/home/jordan/.vscode-oss/extensions/github.vscode-pull-request-github-0.102.0-universal/dist/extension.js:2138:2059)
	at Object.i [as setContext] (/home/jordan/.vscode-oss/extensions/github.vscode-pull-request-github-0.102.0-universal/dist/extension.js:2138:2174)
	at Gm.updateActiveReviewCount (/home/jordan/.vscode-oss/extensions/github.vscode-pull-request-github-0.102.0-universal/dist/extension.js:2214:23876)
	at Gm.removeRepo (/home/jordan/.vscode-oss/extensions/github.vscode-pull-request-github-0.102.0-universal/dist/extension.js:2214:25061)
	at xh.value (/home/jordan/.vscode-oss/extensions/github.vscode-pull-request-github-0.102.0-universal/dist/extension.js:2546:4266)
	at I._deliver (file:///nix/store/lcc8767cmnjrz8mpfm0pir5dzv5hw73i-vscodium-1.96.2.24355/lib/vscode/resources/app/out/vs/workbench/api/node/extensionHostProcess.js:30:922)
	at I._deliverQueue (file:///nix/store/lcc8767cmnjrz8mpfm0pir5dzv5hw73i-vscodium-1.96.2.24355/lib/vscode/resources/app/out/vs/workbench/api/node/extensionHostProcess.js:30:1013)
	at I.fire (file:///nix/store/lcc8767cmnjrz8mpfm0pir5dzv5hw73i-vscodium-1.96.2.24355/lib/vscode/resources/app/out/vs/workbench/api/node/extensionHostProcess.js:30:1349)
	at xh.value (/home/jordan/.vscode-oss/extensions/github.vscode-pull-request-github-0.102.0-universal/dist/extension.js:2105:444616)
	at I._deliver (file:///nix/store/lcc8767cmnjrz8mpfm0pir5dzv5hw73i-vscodium-1.96.2.24355/lib/vscode/resources/app/out/vs/workbench/api/node/extensionHostProcess.js:30:922)
	at I.fire (file:///nix/store/lcc8767cmnjrz8mpfm0pir5dzv5hw73i-vscodium-1.96.2.24355/lib/vscode/resources/app/out/vs/workbench/api/node/extensionHostProcess.js:30:1242)
	at /home/jordan/.vscode-oss/extensions/github.vscode-pull-request-github-0.102.0-universal/dist/extension.js:2214:28821
	at xh.value (/nix/store/lcc8767cmnjrz8mpfm0pir5dzv5hw73i-vscodium-1.96.2.24355/lib/vscode/resources/app/extensions/git/dist/main.js:2:1088522)
	at I._deliver (file:///nix/store/lcc8767cmnjrz8mpfm0pir5dzv5hw73i-vscodium-1.96.2.24355/lib/vscode/resources/app/out/vs/workbench/api/node/extensionHostProcess.js:30:922)
	at I._deliverQueue (file:///nix/store/lcc8767cmnjrz8mpfm0pir5dzv5hw73i-vscodium-1.96.2.24355/lib/vscode/resources/app/out/vs/workbench/api/node/extensionHostProcess.js:30:1013)
	at I.fire (file:///nix/store/lcc8767cmnjrz8mpfm0pir5dzv5hw73i-vscodium-1.96.2.24355/lib/vscode/resources/app/out/vs/workbench/api/node/extensionHostProcess.js:30:1349)
	at Object.p [as dispose] (/nix/store/lcc8767cmnjrz8mpfm0pir5dzv5hw73i-vscodium-1.96.2.24355/lib/vscode/resources/app/extensions/git/dist/main.js:2:997218)
	at /nix/store/lcc8767cmnjrz8mpfm0pir5dzv5hw73i-vscodium-1.96.2.24355/lib/vscode/resources/app/extensions/git/dist/main.js:2:1003340
	at Array.forEach (<anonymous>)
	at b.dispose (/nix/store/lcc8767cmnjrz8mpfm0pir5dzv5hw73i-vscodium-1.96.2.24355/lib/vscode/resources/app/extensions/git/dist/main.js:2:1003326)
	at e1.<anonymous> (file:///nix/store/lcc8767cmnjrz8mpfm0pir5dzv5hw73i-vscodium-1.96.2.24355/lib/vscode/resources/app/out/vs/workbench/api/node/extensionHostProcess.js:109:21508)
	at e1.dispose (file:///nix/store/lcc8767cmnjrz8mpfm0pir5dzv5hw73i-vscodium-1.96.2.24355/lib/vscode/resources/app/out/vs/workbench/api/node/extensionHostProcess.js:109:21604)
	at e1.<anonymous> (/nix/store/lcc8767cmnjrz8mpfm0pir5dzv5hw73i-vscodium-1.96.2.24355/lib/vscode/resources/app/extensions/git/dist/main.js:2:978140)
	at e1.dispose (file:///nix/store/lcc8767cmnjrz8mpfm0pir5dzv5hw73i-vscodium-1.96.2.24355/lib/vscode/resources/app/out/vs/workbench/api/node/extensionHostProcess.js:109:21604)
	at ai (file:///nix/store/lcc8767cmnjrz8mpfm0pir5dzv5hw73i-vscodium-1.96.2.24355/lib/vscode/resources/app/out/vs/workbench/api/node/extensionHostProcess.js:25:699)
	at file:///nix/store/lcc8767cmnjrz8mpfm0pir5dzv5hw73i-vscodium-1.96.2.24355/lib/vscode/resources/app/out/vs/workbench/api/node/extensionHostProcess.js:119:18392
	at file:///nix/store/lcc8767cmnjrz8mpfm0pir5dzv5hw73i-vscodium-1.96.2.24355/lib/vscode/resources/app/out/vs/workbench/api/node/extensionHostProcess.js:25:1009
	at Object.dispose (file:///nix/store/lcc8767cmnjrz8mpfm0pir5dzv5hw73i-vscodium-1.96.2.24355/lib/vscode/resources/app/out/vs/workbench/api/node/extensionHostProcess.js:8:705)
	at VV._deactivate (file:///nix/store/lcc8767cmnjrz8mpfm0pir5dzv5hw73i-vscodium-1.96.2.24355/lib/vscode/resources/app/out/vs/workbench/api/node/extensionHostProcess.js:119:14727)
	at file:///nix/store/lcc8767cmnjrz8mpfm0pir5dzv5hw73i-vscodium-1.96.2.24355/lib/vscode/resources/app/out/vs/workbench/api/node/extensionHostProcess.js:119:12013
	at Array.map (<anonymous>)
	at VV._deactivateAll (file:///nix/store/lcc8767cmnjrz8mpfm0pir5dzv5hw73i-vscodium-1.96.2.24355/lib/vscode/resources/app/out/vs/workbench/api/node/extensionHostProcess.js:119:12001)
	at VV.terminate (file:///nix/store/lcc8767cmnjrz8mpfm0pir5dzv5hw73i-vscodium-1.96.2.24355/lib/vscode/resources/app/out/vs/workbench/api/node/extensionHostProcess.js:119:12354)
	at XT.terminate (file:///nix/store/lcc8767cmnjrz8mpfm0pir5dzv5hw73i-vscodium-1.96.2.24355/lib/vscode/resources/app/out/vs/workbench/api/node/extensionHostProcess.js:120:1592)
	at Zi (file:///nix/store/lcc8767cmnjrz8mpfm0pir5dzv5hw73i-vscodium-1.96.2.24355/lib/vscode/resources/app/out/vs/workbench/api/node/extensionHostProcess.js:175:16313)
	at MessagePortMain.<anonymous> (file:///nix/store/lcc8767cmnjrz8mpfm0pir5dzv5hw73i-vscodium-1.96.2.24355/lib/vscode/resources/app/out/vs/workbench/api/node/extensionHostProcess.js:175:12769)
	at MessagePortMain.emit (node:events:518:28)
	at MessagePortMain._internalPort.emit (node:electron/js2c/utility_init:2:2949) setContext undefined
2025-01-01 08:10:53.060 [error] Canceled: Canceled
	at new D3 (file:///nix/store/lcc8767cmnjrz8mpfm0pir5dzv5hw73i-vscodium-1.96.2.24355/lib/vscode/resources/app/out/vs/workbench/api/node/extensionHostProcess.js:32:118193)
	at Py._remoteCall (file:///nix/store/lcc8767cmnjrz8mpfm0pir5dzv5hw73i-vscodium-1.96.2.24355/lib/vscode/resources/app/out/vs/workbench/api/node/extensionHostProcess.js:32:124487)
	at s.<computed>.n.charCodeAt.s.<computed> (file:///nix/store/lcc8767cmnjrz8mpfm0pir5dzv5hw73i-vscodium-1.96.2.24355/lib/vscode/resources/app/out/vs/workbench/api/node/extensionHostProcess.js:32:121246)
	at l0._doExecuteCommand (file:///nix/store/lcc8767cmnjrz8mpfm0pir5dzv5hw73i-vscodium-1.96.2.24355/lib/vscode/resources/app/out/vs/workbench/api/node/extensionHostProcess.js:115:38451)
	at l0.executeCommand (file:///nix/store/lcc8767cmnjrz8mpfm0pir5dzv5hw73i-vscodium-1.96.2.24355/lib/vscode/resources/app/out/vs/workbench/api/node/extensionHostProcess.js:115:37890)
	at r.registerCommand.description (file:///nix/store/lcc8767cmnjrz8mpfm0pir5dzv5hw73i-vscodium-1.96.2.24355/lib/vscode/resources/app/out/vs/workbench/api/node/extensionHostProcess.js:115:37154)
	at l0._executeContributedCommand (file:///nix/store/lcc8767cmnjrz8mpfm0pir5dzv5hw73i-vscodium-1.96.2.24355/lib/vscode/resources/app/out/vs/workbench/api/node/extensionHostProcess.js:115:39020)
	at l0._doExecuteCommand (file:///nix/store/lcc8767cmnjrz8mpfm0pir5dzv5hw73i-vscodium-1.96.2.24355/lib/vscode/resources/app/out/vs/workbench/api/node/extensionHostProcess.js:115:38023)
	at l0.executeCommand (file:///nix/store/lcc8767cmnjrz8mpfm0pir5dzv5hw73i-vscodium-1.96.2.24355/lib/vscode/resources/app/out/vs/workbench/api/node/extensionHostProcess.js:115:37890)
	at Object.executeCommand (file:///nix/store/lcc8767cmnjrz8mpfm0pir5dzv5hw73i-vscodium-1.96.2.24355/lib/vscode/resources/app/out/vs/workbench/api/node/extensionHostProcess.js:157:42391)
	at e (/home/jordan/.vscode-oss/extensions/github.vscode-pull-request-github-0.102.0-universal/dist/extension.js:2138:2059)
	at Object.i [as setContext] (/home/jordan/.vscode-oss/extensions/github.vscode-pull-request-github-0.102.0-universal/dist/extension.js:2138:2174)
	at Yh.setReviewModeContexts (/home/jordan/.vscode-oss/extensions/github.vscode-pull-request-github-0.102.0-universal/dist/extension.js:2533:18902)
	at Yh.removePrFromView (/home/jordan/.vscode-oss/extensions/github.vscode-pull-request-github-0.102.0-universal/dist/extension.js:2533:19529)
	at vf.clear (/home/jordan/.vscode-oss/extensions/github.vscode-pull-request-github-0.102.0-universal/dist/extension.js:2195:10444)
	at vf.dispose (/home/jordan/.vscode-oss/extensions/github.vscode-pull-request-github-0.102.0-universal/dist/extension.js:2197:188)
	at rf.removeReviewManager (/home/jordan/.vscode-oss/extensions/github.vscode-pull-request-github-0.102.0-universal/dist/extension.js:2533:50497)
	at xh.value (/home/jordan/.vscode-oss/extensions/github.vscode-pull-request-github-0.102.0-universal/dist/extension.js:2546:4283)
	at I._deliver (file:///nix/store/lcc8767cmnjrz8mpfm0pir5dzv5hw73i-vscodium-1.96.2.24355/lib/vscode/resources/app/out/vs/workbench/api/node/extensionHostProcess.js:30:922)
	at I._deliverQueue (file:///nix/store/lcc8767cmnjrz8mpfm0pir5dzv5hw73i-vscodium-1.96.2.24355/lib/vscode/resources/app/out/vs/workbench/api/node/extensionHostProcess.js:30:1013)
	at I.fire (file:///nix/store/lcc8767cmnjrz8mpfm0pir5dzv5hw73i-vscodium-1.96.2.24355/lib/vscode/resources/app/out/vs/workbench/api/node/extensionHostProcess.js:30:1349)
	at xh.value (/home/jordan/.vscode-oss/extensions/github.vscode-pull-request-github-0.102.0-universal/dist/extension.js:2105:444616)
	at I._deliver (file:///nix/store/lcc8767cmnjrz8mpfm0pir5dzv5hw73i-vscodium-1.96.2.24355/lib/vscode/resources/app/out/vs/workbench/api/node/extensionHostProcess.js:30:922)
	at I.fire (file:///nix/store/lcc8767cmnjrz8mpfm0pir5dzv5hw73i-vscodium-1.96.2.24355/lib/vscode/resources/app/out/vs/workbench/api/node/extensionHostProcess.js:30:1242)
	at /home/jordan/.vscode-oss/extensions/github.vscode-pull-request-github-0.102.0-universal/dist/extension.js:2214:28821
	at xh.value (/nix/store/lcc8767cmnjrz8mpfm0pir5dzv5hw73i-vscodium-1.96.2.24355/lib/vscode/resources/app/extensions/git/dist/main.js:2:1088522)
	at I._deliver (file:///nix/store/lcc8767cmnjrz8mpfm0pir5dzv5hw73i-vscodium-1.96.2.24355/lib/vscode/resources/app/out/vs/workbench/api/node/extensionHostProcess.js:30:922)
	at I._deliverQueue (file:///nix/store/lcc8767cmnjrz8mpfm0pir5dzv5hw73i-vscodium-1.96.2.24355/lib/vscode/resources/app/out/vs/workbench/api/node/extensionHostProcess.js:30:1013)
	at I.fire (file:///nix/store/lcc8767cmnjrz8mpfm0pir5dzv5hw73i-vscodium-1.96.2.24355/lib/vscode/resources/app/out/vs/workbench/api/node/extensionHostProcess.js:30:1349)
	at Object.p [as dispose] (/nix/store/lcc8767cmnjrz8mpfm0pir5dzv5hw73i-vscodium-1.96.2.24355/lib/vscode/resources/app/extensions/git/dist/main.js:2:997218)
	at /nix/store/lcc8767cmnjrz8mpfm0pir5dzv5hw73i-vscodium-1.96.2.24355/lib/vscode/resources/app/extensions/git/dist/main.js:2:1003340
	at Array.forEach (<anonymous>)
	at b.dispose (/nix/store/lcc8767cmnjrz8mpfm0pir5dzv5hw73i-vscodium-1.96.2.24355/lib/vscode/resources/app/extensions/git/dist/main.js:2:1003326)
	at e1.<anonymous> (file:///nix/store/lcc8767cmnjrz8mpfm0pir5dzv5hw73i-vscodium-1.96.2.24355/lib/vscode/resources/app/out/vs/workbench/api/node/extensionHostProcess.js:109:21508)
	at e1.dispose (file:///nix/store/lcc8767cmnjrz8mpfm0pir5dzv5hw73i-vscodium-1.96.2.24355/lib/vscode/resources/app/out/vs/workbench/api/node/extensionHostProcess.js:109:21604)
	at e1.<anonymous> (/nix/store/lcc8767cmnjrz8mpfm0pir5dzv5hw73i-vscodium-1.96.2.24355/lib/vscode/resources/app/extensions/git/dist/main.js:2:978140)
	at e1.dispose (file:///nix/store/lcc8767cmnjrz8mpfm0pir5dzv5hw73i-vscodium-1.96.2.24355/lib/vscode/resources/app/out/vs/workbench/api/node/extensionHostProcess.js:109:21604)
	at ai (file:///nix/store/lcc8767cmnjrz8mpfm0pir5dzv5hw73i-vscodium-1.96.2.24355/lib/vscode/resources/app/out/vs/workbench/api/node/extensionHostProcess.js:25:699)
	at file:///nix/store/lcc8767cmnjrz8mpfm0pir5dzv5hw73i-vscodium-1.96.2.24355/lib/vscode/resources/app/out/vs/workbench/api/node/extensionHostProcess.js:119:18392
	at file:///nix/store/lcc8767cmnjrz8mpfm0pir5dzv5hw73i-vscodium-1.96.2.24355/lib/vscode/resources/app/out/vs/workbench/api/node/extensionHostProcess.js:25:1009
	at Object.dispose (file:///nix/store/lcc8767cmnjrz8mpfm0pir5dzv5hw73i-vscodium-1.96.2.24355/lib/vscode/resources/app/out/vs/workbench/api/node/extensionHostProcess.js:8:705)
	at VV._deactivate (file:///nix/store/lcc8767cmnjrz8mpfm0pir5dzv5hw73i-vscodium-1.96.2.24355/lib/vscode/resources/app/out/vs/workbench/api/node/extensionHostProcess.js:119:14727)
	at file:///nix/store/lcc8767cmnjrz8mpfm0pir5dzv5hw73i-vscodium-1.96.2.24355/lib/vscode/resources/app/out/vs/workbench/api/node/extensionHostProcess.js:119:12013
	at Array.map (<anonymous>)
	at VV._deactivateAll (file:///nix/store/lcc8767cmnjrz8mpfm0pir5dzv5hw73i-vscodium-1.96.2.24355/lib/vscode/resources/app/out/vs/workbench/api/node/extensionHostProcess.js:119:12001)
	at VV.terminate (file:///nix/store/lcc8767cmnjrz8mpfm0pir5dzv5hw73i-vscodium-1.96.2.24355/lib/vscode/resources/app/out/vs/workbench/api/node/extensionHostProcess.js:119:12354)
	at XT.terminate (file:///nix/store/lcc8767cmnjrz8mpfm0pir5dzv5hw73i-vscodium-1.96.2.24355/lib/vscode/resources/app/out/vs/workbench/api/node/extensionHostProcess.js:120:1592)
	at Zi (file:///nix/store/lcc8767cmnjrz8mpfm0pir5dzv5hw73i-vscodium-1.96.2.24355/lib/vscode/resources/app/out/vs/workbench/api/node/extensionHostProcess.js:175:16313)
	at MessagePortMain.<anonymous> (file:///nix/store/lcc8767cmnjrz8mpfm0pir5dzv5hw73i-vscodium-1.96.2.24355/lib/vscode/resources/app/out/vs/workbench/api/node/extensionHostProcess.js:175:12769)
	at MessagePortMain.emit (node:events:518:28)
	at MessagePortMain._internalPort.emit (node:electron/js2c/utility_init:2:2949) setContext undefined
2025-01-01 08:10:53.061 [info] Extension host with pid 82898 exiting with code 0
2025-01-01 08:10:53.613 [info] Extension host with pid 83608 started
2025-01-01 08:10:53.613 [info] Skipping acquiring lock for /home/jordan/.config/VSCodium/User/workspaceStorage/210c0a65f10da3541c82805c0e60a310.
2025-01-01 08:10:53.621 [info] ExtensionService#_doActivateExtension vscode.emmet, startup: false, activationEvent: 'onLanguage'
2025-01-01 08:10:53.636 [info] ExtensionService#_doActivateExtension vscode.configuration-editing, startup: false, activationEvent: 'onLanguage:jsonc'
2025-01-01 08:10:53.646 [info] ExtensionService#_doActivateExtension vscode.json-language-features, startup: false, activationEvent: 'onLanguage:jsonc'
2025-01-01 08:10:53.693 [info] ExtensionService#_doActivateExtension vscode.typescript-language-features, startup: false, activationEvent: 'onLanguage:jsonc'
2025-01-01 08:10:53.726 [info] ExtensionService#_doActivateExtension vscode.git-base, startup: false, activationEvent: 'onFileSystem:git', root cause: vscode.git
2025-01-01 08:10:53.728 [info] ExtensionService#_doActivateExtension vscode.extension-editing, startup: false, activationEvent: 'onLanguage:json'
2025-01-01 08:10:53.737 [info] ExtensionService#_doActivateExtension vscode.npm, startup: false, activationEvent: 'onLanguage:json'
2025-01-01 08:10:53.782 [info] ExtensionService#_doActivateExtension vscode.git, startup: false, activationEvent: 'onFileSystem:git'
2025-01-01 08:10:54.137 [info] ExtensionService#_doActivateExtension vscode.github, startup: true, activationEvent: '*'
2025-01-01 08:10:54.209 [info] Eager extensions activated
2025-01-01 08:10:54.217 [info] ExtensionService#_doActivateExtension vscode.debug-auto-launch, startup: false, activationEvent: 'onStartupFinished'
2025-01-01 08:10:54.219 [info] ExtensionService#_doActivateExtension vscode.merge-conflict, startup: false, activationEvent: 'onStartupFinished'
2025-01-01 08:10:54.232 [info] ExtensionService#_doActivateExtension cweijan.vscode-mysql-client2, startup: false, activationEvent: 'onStartupFinished'
2025-01-01 08:10:54.591 [info] ExtensionService#_doActivateExtension esbenp.prettier-vscode, startup: false, activationEvent: 'onStartupFinished'
2025-01-01 08:10:54.645 [info] ExtensionService#_doActivateExtension vscode.github-authentication, startup: false, activationEvent: 'onStartupFinished', root cause: GitHub.vscode-pull-request-github
2025-01-01 08:10:54.670 [info] ExtensionService#_doActivateExtension PKief.material-icon-theme, startup: false, activationEvent: 'onStartupFinished'
2025-01-01 08:10:54.800 [info] ExtensionService#_doActivateExtension GitHub.vscode-pull-request-github, startup: false, activationEvent: 'onStartupFinished'
2025-01-01 10:38:22.930 [info] ExtensionService#_doActivateExtension vscode.markdown-language-features, startup: false, activationEvent: 'onLanguage:markdown'
2025-01-01 10:38:23.446 [info] ExtensionService#_doActivateExtension vscode.markdown-math, startup: false, activationEvent: 'api', root cause: vscode.markdown-language-features
2025-01-01 12:20:20.235 [info] ExtensionService#_doActivateExtension vscode.html-language-features, startup: false, activationEvent: 'onLanguage:html'
2025-01-02 05:39:30.130 [info] ExtensionService#_doActivateExtension bungcip.better-toml, startup: false, activationEvent: 'onLanguage:toml'
2025-01-02 06:14:01.441 [info] ExtensionService#_doActivateExtension redhat.vscode-xml, startup: false, activationEvent: 'onLanguage:xml'
2025-01-02 06:14:01.988 [error] Activating extension redhat.vscode-xml failed due to an error:
2025-01-02 06:14:01.989 [error] Error: Pending response rejected since connection got disposed
	at Object.dispose (/home/jordan/.vscode-oss/extensions/redhat.vscode-xml-0.27.2-linux-x64/dist/extension.js:2:579772)
	at Object.dispose (/home/jordan/.vscode-oss/extensions/redhat.vscode-xml-0.27.2-linux-x64/dist/extension.js:2:392345)
	at x.handleConnectionClosed (/home/jordan/.vscode-oss/extensions/redhat.vscode-xml-0.27.2-linux-x64/dist/extension.js:2:392623)
	at x.handleConnectionClosed (/home/jordan/.vscode-oss/extensions/redhat.vscode-xml-0.27.2-linux-x64/dist/extension.js:2:547074)
	at /home/jordan/.vscode-oss/extensions/redhat.vscode-xml-0.27.2-linux-x64/dist/extension.js:2:392433
	at a.invoke (/home/jordan/.vscode-oss/extensions/redhat.vscode-xml-0.27.2-linux-x64/dist/extension.js:2:581482)
	at o.fire (/home/jordan/.vscode-oss/extensions/redhat.vscode-xml-0.27.2-linux-x64/dist/extension.js:2:582247)
	at Z (/home/jordan/.vscode-oss/extensions/redhat.vscode-xml-0.27.2-linux-x64/dist/extension.js:2:568128)
	at a.invoke (/home/jordan/.vscode-oss/extensions/redhat.vscode-xml-0.27.2-linux-x64/dist/extension.js:2:581482)
	at o.fire (/home/jordan/.vscode-oss/extensions/redhat.vscode-xml-0.27.2-linux-x64/dist/extension.js:2:582247)
	at v.fireClose (/home/jordan/.vscode-oss/extensions/redhat.vscode-xml-0.27.2-linux-x64/dist/extension.js:2:593587)
	at Socket.<anonymous> (/home/jordan/.vscode-oss/extensions/redhat.vscode-xml-0.27.2-linux-x64/dist/extension.js:2:594317)
	at Socket.emit (node:events:518:28)
	at Pipe.<anonymous> (node:net:343:12)
2025-01-02 06:14:02.971 [error] Error: Pending response rejected since connection got disposed
	at Object.dispose (/home/jordan/.vscode-oss/extensions/redhat.vscode-xml-0.27.2-linux-x64/dist/extension.js:2:579772)
	at Object.dispose (/home/jordan/.vscode-oss/extensions/redhat.vscode-xml-0.27.2-linux-x64/dist/extension.js:2:392345)
	at x.handleConnectionClosed (/home/jordan/.vscode-oss/extensions/redhat.vscode-xml-0.27.2-linux-x64/dist/extension.js:2:392623)
	at x.handleConnectionClosed (/home/jordan/.vscode-oss/extensions/redhat.vscode-xml-0.27.2-linux-x64/dist/extension.js:2:547074)
	at /home/jordan/.vscode-oss/extensions/redhat.vscode-xml-0.27.2-linux-x64/dist/extension.js:2:392433
	at a.invoke (/home/jordan/.vscode-oss/extensions/redhat.vscode-xml-0.27.2-linux-x64/dist/extension.js:2:581482)
	at o.fire (/home/jordan/.vscode-oss/extensions/redhat.vscode-xml-0.27.2-linux-x64/dist/extension.js:2:582247)
	at Z (/home/jordan/.vscode-oss/extensions/redhat.vscode-xml-0.27.2-linux-x64/dist/extension.js:2:568128)
	at a.invoke (/home/jordan/.vscode-oss/extensions/redhat.vscode-xml-0.27.2-linux-x64/dist/extension.js:2:581482)
	at o.fire (/home/jordan/.vscode-oss/extensions/redhat.vscode-xml-0.27.2-linux-x64/dist/extension.js:2:582247)
	at v.fireClose (/home/jordan/.vscode-oss/extensions/redhat.vscode-xml-0.27.2-linux-x64/dist/extension.js:2:593587)
	at Socket.<anonymous> (/home/jordan/.vscode-oss/extensions/redhat.vscode-xml-0.27.2-linux-x64/dist/extension.js:2:594317)
	at Socket.emit (node:events:518:28)
	at Pipe.<anonymous> (node:net:343:12)
