2025-01-01 07:18:47.156 [warning] /home/jordan/.ssh/config: ENOENT: no such file or directory, open '/home/jordan/.ssh/config'
2025-01-01 07:18:47.156 [info] Activation> Extension version: 0.102.0
2025-01-01 07:18:47.170 [info] Looking for git repository
2025-01-01 07:18:47.170 [info] Found 0 repositories during activation
2025-01-01 07:18:47.170 [info] Git repository found, initializing review manager and pr tree view.
2025-01-01 07:18:47.173 [info] Registering git provider
2025-01-01 07:18:47.173 [info] Review+0> Validate state in progress
2025-01-01 07:18:47.173 [info] Review+0> Validating state...
2025-01-01 07:18:47.181 [info] Found GitHub remote for folder /home/jordan/Documents/docs
2025-01-01 07:18:47.182 [info] Trying to use globalState for assignableUsers.
2025-01-01 07:18:47.194 [info] Review+0> No matching pull request metadata found locally for current branch main
2025-01-01 07:18:47.195 [info] Review+0> No matching pull request metadata found on GitHub for current branch main
2025-01-01 07:18:47.195 [info] GlobalState does not exist for assignableUsers.
2025-01-01 07:29:40.912 [info] Repo state for file:///home/jordan/Documents/docs changed.
2025-01-01 07:29:40.912 [info] Repo file:///home/jordan/Documents/docs has already been setup.
2025-01-01 07:32:37.898 [info] Review+0> Validate state in progress
2025-01-01 07:32:37.898 [info] Review+0> Validating state...
2025-01-01 07:32:37.925 [info] Found GitHub remote for folder /home/jordan/Documents/docs
2025-01-01 07:32:37.925 [info] Using in-memory cached assignable users.
2025-01-01 07:32:37.932 [info] Review+0> No matching pull request metadata found locally for current branch main
2025-01-01 07:32:37.932 [info] Review+0> No matching pull request metadata found on GitHub for current branch main
2025-01-01 07:33:20.850 [info] Review+0> Validate state in progress
2025-01-01 07:33:20.850 [info] Review+0> Validating state...
2025-01-01 07:33:20.856 [info] Found GitHub remote for folder /home/jordan/Documents/docs
2025-01-01 07:33:20.856 [info] Using in-memory cached assignable users.
2025-01-01 07:33:20.867 [info] Review+0> No matching pull request metadata found locally for current branch main
2025-01-01 07:33:20.867 [info] Review+0> No matching pull request metadata found on GitHub for current branch main
2025-01-01 07:37:21.772 [info] Review+0> Validate state in progress
2025-01-01 07:37:21.772 [info] Review+0> Validating state...
2025-01-01 07:37:21.804 [info] Found GitHub remote for folder /home/jordan/Documents/docs
2025-01-01 07:37:21.804 [info] Using in-memory cached assignable users.
2025-01-01 07:37:21.811 [info] Review+0> No matching pull request metadata found locally for current branch main
2025-01-01 07:37:21.811 [info] Review+0> No matching pull request metadata found on GitHub for current branch main
2025-01-01 07:37:30.586 [info] Review+0> Validate state in progress
2025-01-01 07:37:30.586 [info] Review+0> Validating state...
2025-01-01 07:37:30.599 [info] Found GitHub remote for folder /home/jordan/Documents/docs
2025-01-01 07:37:30.599 [info] Using in-memory cached assignable users.
2025-01-01 07:37:30.607 [info] Review+0> No matching pull request metadata found locally for current branch main
2025-01-01 07:37:30.607 [info] Review+0> No matching pull request metadata found on GitHub for current branch main
2025-01-01 07:52:18.715 [info] Review+0> Validate state in progress
2025-01-01 07:52:18.715 [info] Review+0> Validating state...
2025-01-01 07:52:18.744 [info] Found GitHub remote for folder /home/jordan/Documents/docs
2025-01-01 07:52:18.744 [info] Using in-memory cached assignable users.
2025-01-01 07:52:18.751 [info] Review+0> No matching pull request metadata found locally for current branch main
2025-01-01 07:52:18.752 [info] Review+0> No matching pull request metadata found on GitHub for current branch main
2025-01-01 07:53:29.900 [info] Review+0> Validate state in progress
2025-01-01 07:53:29.900 [info] Review+0> Validating state...
2025-01-01 07:53:29.929 [info] Found GitHub remote for folder /home/jordan/Documents/docs
2025-01-01 07:53:29.929 [info] Using in-memory cached assignable users.
2025-01-01 07:53:29.938 [info] Review+0> No matching pull request metadata found locally for current branch main
2025-01-01 07:53:29.938 [info] Review+0> No matching pull request metadata found on GitHub for current branch main
2025-01-01 07:53:43.174 [info] Review+0> Validate state in progress
2025-01-01 07:53:43.174 [info] Review+0> Validating state...
2025-01-01 07:53:43.191 [info] Found GitHub remote for folder /home/jordan/Documents/docs
2025-01-01 07:53:43.191 [info] Using in-memory cached assignable users.
2025-01-01 07:53:43.201 [info] Review+0> No matching pull request metadata found locally for current branch main
2025-01-01 07:53:43.202 [info] Review+0> No matching pull request metadata found on GitHub for current branch main
2025-01-01 07:56:26.554 [info] Review+0> Validate state in progress
2025-01-01 07:56:26.554 [info] Review+0> Validating state...
2025-01-01 07:56:26.584 [info] Found GitHub remote for folder /home/jordan/Documents/docs
2025-01-01 07:56:26.584 [info] Using in-memory cached assignable users.
2025-01-01 07:56:26.591 [info] Review+0> No matching pull request metadata found locally for current branch main
2025-01-01 07:56:26.592 [info] Review+0> No matching pull request metadata found on GitHub for current branch main
2025-01-01 07:56:31.933 [info] Review+0> Validate state in progress
2025-01-01 07:56:31.933 [info] Review+0> Validating state...
2025-01-01 07:56:31.946 [info] Found GitHub remote for folder /home/jordan/Documents/docs
2025-01-01 07:56:31.946 [info] Using in-memory cached assignable users.
2025-01-01 07:56:31.953 [info] Review+0> No matching pull request metadata found locally for current branch main
2025-01-01 07:56:31.953 [info] Review+0> No matching pull request metadata found on GitHub for current branch main
