2024-12-30 19:41:25.627 [info] Added views:outline in workbench.view.explorer
2024-12-30 19:41:25.627 [info] Added views:workbench.view.search in workbench.view.search
2024-12-30 19:41:25.627 [info] Added views:workbench.scm in workbench.view.scm
2024-12-30 19:41:25.627 [info] Added views:workbench.panel.markers.view in workbench.panel.markers
2024-12-30 19:41:25.627 [info] Added views:workbench.panel.output in workbench.panel.output
2024-12-30 19:41:25.627 [info] Added views:terminal in terminal
2024-12-30 19:41:25.627 [info] Added views:timeline in workbench.view.explorer
2024-12-30 19:41:25.627 [info] Added views:workbench.explorer.emptyView in workbench.view.explorer
2024-12-30 19:41:25.977 [info] Added views:github.cweijan.mysql in workbench.view.extension.github-cweijan-mysql
2024-12-30 19:41:25.977 [info] Added views:github.cweijan.nosql in workbench.view.extension.github-cweijan-nosql
2024-12-30 19:41:25.977 [info] Added views:pr:github,issues:github in workbench.view.extension.github-pull-requests
2024-12-30 19:41:25.979 [info] Added views:workspaceViewer in workbench.view.extension.workspaceViewer
2024-12-30 19:41:26.189 [info] Added views:workbench.debug.welcome in workbench.view.debug
2024-12-30 19:41:26.243 [info] Added views:workbench.panel.repl.view in workbench.panel.repl
2024-12-30 19:41:26.333 [info] Added views:~remote.forwardedPorts in ~remote.forwardedPortsContainer
2024-12-30 19:41:40.040 [info] Added views:outline in workbench.view.explorer
2024-12-30 19:41:40.040 [info] Added views:workbench.view.search in workbench.view.search
2024-12-30 19:41:40.040 [info] Added views:workbench.scm in workbench.view.scm
2024-12-30 19:41:40.040 [info] Added views:workbench.panel.markers.view in workbench.panel.markers
2024-12-30 19:41:40.040 [info] Added views:workbench.panel.output in workbench.panel.output
2024-12-30 19:41:40.040 [info] Added views:terminal in terminal
2024-12-30 19:41:40.040 [info] Added views:timeline in workbench.view.explorer
2024-12-30 19:41:40.040 [info] Added views:workbench.explorer.fileView in workbench.view.explorer
2024-12-30 19:41:40.389 [info] Added views:pr:github,issues:github in workbench.view.extension.github-pull-requests
2024-12-30 19:41:40.552 [info] Added views:workbench.debug.variablesView,workbench.debug.watchExpressionsView,workbench.debug.callStackView,workbench.debug.breakPointsView in workbench.view.debug
2024-12-30 19:41:40.586 [info] Added views:workbench.panel.repl.view in workbench.panel.repl
2024-12-30 19:41:40.586 [info] Removed views:workbench.debug.breakPointsView,workbench.debug.callStackView,workbench.debug.watchExpressionsView,workbench.debug.variablesView from workbench.view.debug
2024-12-30 19:41:40.587 [info] Added views:workbench.debug.welcome in workbench.view.debug
2024-12-30 19:41:40.602 [info] Added views:~remote.forwardedPorts in ~remote.forwardedPortsContainer
2024-12-30 19:41:44.288 [info] Added views:github.cweijan.mysql in workbench.view.extension.github-cweijan-mysql
2024-12-30 19:41:44.289 [info] Added views:github.cweijan.nosql in workbench.view.extension.github-cweijan-nosql
2024-12-30 19:41:44.290 [info] Added views:workspaceViewer in workbench.view.extension.workspaceViewer
2024-12-30 19:41:44.978 [info] Added views:workbench.scm.history in workbench.view.scm
2024-12-30 19:41:45.043 [info] Removed views:issues:github,pr:github from workbench.view.extension.github-pull-requests
2024-12-30 19:41:45.043 [info] Added views:github:login in workbench.view.extension.github-pull-requests
2024-12-30 19:50:10.226 [info] Removed views:workbench.scm.history from workbench.view.scm
