2024-12-30 19:37:22.402 [info] Getting Manifest... ms-python.python
2024-12-30 19:37:22.986 [info] Installing extension: ms-python.python {"isMachineScoped":false,"installPreReleaseVersion":false,"pinned":false,"profileLocation":{"$mid":1,"external":"vscode-userdata:/home/jordan/.vscode-oss/extensions/extensions.json","path":"/home/jordan/.vscode-oss/extensions/extensions.json","scheme":"vscode-userdata"},"installOnlyNewlyAddedFromExtensionPack":true,"isApplicationScoped":false,"productVersion":{"version":"1.96.2","date":"2024-12-21T00:45:47.611Z"}}
2024-12-30 19:37:23.049 [info] Getting Manifest... ms-python.debugpy
2024-12-30 19:37:23.176 [info] Installing extension: ms-python.debugpy {"isMachineScoped":false,"installPreReleaseVersion":false,"pinned":false,"profileLocation":{"$mid":1,"external":"vscode-userdata:/home/jordan/.vscode-oss/extensions/extensions.json","path":"/home/jordan/.vscode-oss/extensions/extensions.json","scheme":"vscode-userdata"},"installOnlyNewlyAddedFromExtensionPack":true,"isApplicationScoped":false,"productVersion":{"version":"1.96.2","date":"2024-12-21T00:45:47.611Z"},"context":{"dependecyOrPackExtensionInstall":true}}
2024-12-30 19:37:24.371 [info] Getting Manifest... github.vscode-pull-request-github
2024-12-30 19:37:24.756 [info] Installing extension: github.vscode-pull-request-github {"isMachineScoped":false,"installPreReleaseVersion":false,"pinned":false,"profileLocation":{"$mid":1,"external":"vscode-userdata:/home/jordan/.vscode-oss/extensions/extensions.json","path":"/home/jordan/.vscode-oss/extensions/extensions.json","scheme":"vscode-userdata"},"installOnlyNewlyAddedFromExtensionPack":true,"isApplicationScoped":false,"productVersion":{"version":"1.96.2","date":"2024-12-21T00:45:47.611Z"}}
2024-12-30 19:37:25.242 [info] Extracted extension to file:///home/jordan/.vscode-oss/extensions/github.vscode-pull-request-github-0.102.0-universal: github.vscode-pull-request-github
2024-12-30 19:37:25.248 [info] Renamed to /home/jordan/.vscode-oss/extensions/github.vscode-pull-request-github-0.102.0-universal
2024-12-30 19:37:25.265 [info] Extension installed successfully: github.vscode-pull-request-github vscode-userdata:/home/jordan/.vscode-oss/extensions/extensions.json
2024-12-30 19:37:25.333 [error] [uncaught exception in sharedProcess]: Error: ENOENT: no such file or directory, stat '/home/jordan/.vscode-oss/extensions/extensions.json.vsctmp': EntryNotFound (FileSystemError): Error: ENOENT: no such file or directory, stat '/home/jordan/.vscode-oss/extensions/extensions.json.vsctmp'
    at Kv.create (file:///nix/store/lcc8767cmnjrz8mpfm0pir5dzv5hw73i-vscodium-1.96.2.24355/lib/vscode/resources/app/out/vs/code/electron-utility/sharedProcess/sharedProcessMain.js:35:44554)
    at xi (file:///nix/store/lcc8767cmnjrz8mpfm0pir5dzv5hw73i-vscodium-1.96.2.24355/lib/vscode/resources/app/out/vs/code/electron-utility/sharedProcess/sharedProcessMain.js:35:44661)
    at jn.toFileSystemProviderError (file:///nix/store/lcc8767cmnjrz8mpfm0pir5dzv5hw73i-vscodium-1.96.2.24355/lib/vscode/resources/app/out/vs/code/electron-utility/sharedProcess/sharedProcessMain.js:78:28652)
    at jn.stat (file:///nix/store/lcc8767cmnjrz8mpfm0pir5dzv5hw73i-vscodium-1.96.2.24355/lib/vscode/resources/app/out/vs/code/electron-utility/sharedProcess/sharedProcessMain.js:78:20509)
    at async vu.stat (file:///nix/store/lcc8767cmnjrz8mpfm0pir5dzv5hw73i-vscodium-1.96.2.24355/lib/vscode/resources/app/out/vs/code/electron-utility/sharedProcess/sharedProcessMain.js:77:103140)
    at async du.onDidFilesChange (file:///nix/store/lcc8767cmnjrz8mpfm0pir5dzv5hw73i-vscodium-1.96.2.24355/lib/vscode/resources/app/out/vs/code/electron-utility/sharedProcess/sharedProcessMain.js:77:80829)
2024-12-30 19:37:25.659 [info] Extracted extension to file:///home/jordan/.vscode-oss/extensions/ms-python.python-2024.22.1-universal: ms-python.python
2024-12-30 19:37:25.721 [info] Renamed to /home/jordan/.vscode-oss/extensions/ms-python.python-2024.22.1-universal
2024-12-30 19:37:25.772 [info] Extracted extension to file:///home/jordan/.vscode-oss/extensions/ms-python.debugpy-2024.14.0-linux-x64: ms-python.debugpy
2024-12-30 19:37:25.787 [info] Renamed to /home/jordan/.vscode-oss/extensions/ms-python.debugpy-2024.14.0-linux-x64
2024-12-30 19:37:25.801 [info] Extension installed successfully: ms-python.python vscode-userdata:/home/jordan/.vscode-oss/extensions/extensions.json
2024-12-30 19:37:25.801 [info] Extension installed successfully: ms-python.debugpy vscode-userdata:/home/jordan/.vscode-oss/extensions/extensions.json
2024-12-30 19:37:25.803 [error] [uncaught exception in sharedProcess]: Error: ENOENT: no such file or directory, stat '/home/jordan/.vscode-oss/extensions/extensions.json.vsctmp': EntryNotFound (FileSystemError): Error: ENOENT: no such file or directory, stat '/home/jordan/.vscode-oss/extensions/extensions.json.vsctmp'
    at Kv.create (file:///nix/store/lcc8767cmnjrz8mpfm0pir5dzv5hw73i-vscodium-1.96.2.24355/lib/vscode/resources/app/out/vs/code/electron-utility/sharedProcess/sharedProcessMain.js:35:44554)
    at xi (file:///nix/store/lcc8767cmnjrz8mpfm0pir5dzv5hw73i-vscodium-1.96.2.24355/lib/vscode/resources/app/out/vs/code/electron-utility/sharedProcess/sharedProcessMain.js:35:44661)
    at jn.toFileSystemProviderError (file:///nix/store/lcc8767cmnjrz8mpfm0pir5dzv5hw73i-vscodium-1.96.2.24355/lib/vscode/resources/app/out/vs/code/electron-utility/sharedProcess/sharedProcessMain.js:78:28652)
    at jn.stat (file:///nix/store/lcc8767cmnjrz8mpfm0pir5dzv5hw73i-vscodium-1.96.2.24355/lib/vscode/resources/app/out/vs/code/electron-utility/sharedProcess/sharedProcessMain.js:78:20509)
    at async vu.stat (file:///nix/store/lcc8767cmnjrz8mpfm0pir5dzv5hw73i-vscodium-1.96.2.24355/lib/vscode/resources/app/out/vs/code/electron-utility/sharedProcess/sharedProcessMain.js:77:103140)
    at async du.onDidFilesChange (file:///nix/store/lcc8767cmnjrz8mpfm0pir5dzv5hw73i-vscodium-1.96.2.24355/lib/vscode/resources/app/out/vs/code/electron-utility/sharedProcess/sharedProcessMain.js:77:80829)
2024-12-30 19:37:27.911 [info] Getting Manifest... ms-toolsai.jupyter
2024-12-30 19:37:28.033 [info] Installing extension: ms-toolsai.jupyter {"isMachineScoped":false,"installPreReleaseVersion":false,"pinned":false,"profileLocation":{"$mid":1,"external":"vscode-userdata:/home/jordan/.vscode-oss/extensions/extensions.json","path":"/home/jordan/.vscode-oss/extensions/extensions.json","scheme":"vscode-userdata"},"installOnlyNewlyAddedFromExtensionPack":true,"isApplicationScoped":false,"productVersion":{"version":"1.96.2","date":"2024-12-21T00:45:47.611Z"}}
2024-12-30 19:37:28.132 [info] Getting Manifest... ms-toolsai.jupyter-renderers
2024-12-30 19:37:28.268 [info] Getting Manifest... ms-toolsai.jupyter-keymap
2024-12-30 19:37:28.428 [info] Getting Manifest... ms-toolsai.vscode-jupyter-cell-tags
2024-12-30 19:37:28.580 [info] Getting Manifest... ms-toolsai.vscode-jupyter-slideshow
2024-12-30 19:37:28.731 [info] Installing extension: ms-toolsai.jupyter-renderers {"isMachineScoped":false,"installPreReleaseVersion":false,"pinned":false,"profileLocation":{"$mid":1,"external":"vscode-userdata:/home/jordan/.vscode-oss/extensions/extensions.json","path":"/home/jordan/.vscode-oss/extensions/extensions.json","scheme":"vscode-userdata"},"installOnlyNewlyAddedFromExtensionPack":true,"isApplicationScoped":false,"productVersion":{"version":"1.96.2","date":"2024-12-21T00:45:47.611Z"},"context":{"dependecyOrPackExtensionInstall":true}}
2024-12-30 19:37:28.731 [info] Installing extension: ms-toolsai.jupyter-keymap {"isMachineScoped":false,"installPreReleaseVersion":false,"pinned":false,"profileLocation":{"$mid":1,"external":"vscode-userdata:/home/jordan/.vscode-oss/extensions/extensions.json","path":"/home/jordan/.vscode-oss/extensions/extensions.json","scheme":"vscode-userdata"},"installOnlyNewlyAddedFromExtensionPack":true,"isApplicationScoped":false,"productVersion":{"version":"1.96.2","date":"2024-12-21T00:45:47.611Z"},"context":{"dependecyOrPackExtensionInstall":true}}
2024-12-30 19:37:28.731 [info] Installing extension: ms-toolsai.vscode-jupyter-cell-tags {"isMachineScoped":false,"installPreReleaseVersion":false,"pinned":false,"profileLocation":{"$mid":1,"external":"vscode-userdata:/home/jordan/.vscode-oss/extensions/extensions.json","path":"/home/jordan/.vscode-oss/extensions/extensions.json","scheme":"vscode-userdata"},"installOnlyNewlyAddedFromExtensionPack":true,"isApplicationScoped":false,"productVersion":{"version":"1.96.2","date":"2024-12-21T00:45:47.611Z"},"context":{"dependecyOrPackExtensionInstall":true}}
2024-12-30 19:37:28.731 [info] Installing extension: ms-toolsai.vscode-jupyter-slideshow {"isMachineScoped":false,"installPreReleaseVersion":false,"pinned":false,"profileLocation":{"$mid":1,"external":"vscode-userdata:/home/jordan/.vscode-oss/extensions/extensions.json","path":"/home/jordan/.vscode-oss/extensions/extensions.json","scheme":"vscode-userdata"},"installOnlyNewlyAddedFromExtensionPack":true,"isApplicationScoped":false,"productVersion":{"version":"1.96.2","date":"2024-12-21T00:45:47.611Z"},"context":{"dependecyOrPackExtensionInstall":true}}
2024-12-30 19:37:28.883 [info] Extracted extension to file:///home/jordan/.vscode-oss/extensions/ms-toolsai.vscode-jupyter-slideshow-0.1.6-universal: ms-toolsai.vscode-jupyter-slideshow
2024-12-30 19:37:28.888 [info] Renamed to /home/jordan/.vscode-oss/extensions/ms-toolsai.vscode-jupyter-slideshow-0.1.6-universal
2024-12-30 19:37:28.955 [info] Extracted extension to file:///home/jordan/.vscode-oss/extensions/ms-toolsai.jupyter-keymap-1.1.2-universal: ms-toolsai.jupyter-keymap
2024-12-30 19:37:28.959 [info] Renamed to /home/jordan/.vscode-oss/extensions/ms-toolsai.jupyter-keymap-1.1.2-universal
2024-12-30 19:37:28.965 [error] [uncaught exception in sharedProcess]: Error: ENOENT: no such file or directory, stat '/home/jordan/.vscode-oss/extensions/extensions.json.vsctmp': EntryNotFound (FileSystemError): Error: ENOENT: no such file or directory, stat '/home/jordan/.vscode-oss/extensions/extensions.json.vsctmp'
    at Kv.create (file:///nix/store/lcc8767cmnjrz8mpfm0pir5dzv5hw73i-vscodium-1.96.2.24355/lib/vscode/resources/app/out/vs/code/electron-utility/sharedProcess/sharedProcessMain.js:35:44554)
    at xi (file:///nix/store/lcc8767cmnjrz8mpfm0pir5dzv5hw73i-vscodium-1.96.2.24355/lib/vscode/resources/app/out/vs/code/electron-utility/sharedProcess/sharedProcessMain.js:35:44661)
    at jn.toFileSystemProviderError (file:///nix/store/lcc8767cmnjrz8mpfm0pir5dzv5hw73i-vscodium-1.96.2.24355/lib/vscode/resources/app/out/vs/code/electron-utility/sharedProcess/sharedProcessMain.js:78:28652)
    at jn.stat (file:///nix/store/lcc8767cmnjrz8mpfm0pir5dzv5hw73i-vscodium-1.96.2.24355/lib/vscode/resources/app/out/vs/code/electron-utility/sharedProcess/sharedProcessMain.js:78:20509)
    at async vu.stat (file:///nix/store/lcc8767cmnjrz8mpfm0pir5dzv5hw73i-vscodium-1.96.2.24355/lib/vscode/resources/app/out/vs/code/electron-utility/sharedProcess/sharedProcessMain.js:77:103140)
    at async du.onDidFilesChange (file:///nix/store/lcc8767cmnjrz8mpfm0pir5dzv5hw73i-vscodium-1.96.2.24355/lib/vscode/resources/app/out/vs/code/electron-utility/sharedProcess/sharedProcessMain.js:77:80829)
2024-12-30 19:37:29.046 [info] Extracted extension to file:///home/jordan/.vscode-oss/extensions/ms-toolsai.vscode-jupyter-cell-tags-0.1.9-universal: ms-toolsai.vscode-jupyter-cell-tags
2024-12-30 19:37:29.051 [info] Renamed to /home/jordan/.vscode-oss/extensions/ms-toolsai.vscode-jupyter-cell-tags-0.1.9-universal
2024-12-30 19:37:30.292 [info] Extracted extension to file:///home/jordan/.vscode-oss/extensions/ms-toolsai.jupyter-renderers-1.0.21-universal: ms-toolsai.jupyter-renderers
2024-12-30 19:37:30.298 [info] Renamed to /home/jordan/.vscode-oss/extensions/ms-toolsai.jupyter-renderers-1.0.21-universal
2024-12-30 19:37:30.342 [error] [uncaught exception in sharedProcess]: Error: ENOENT: no such file or directory, stat '/home/jordan/.vscode-oss/extensions/extensions.json.vsctmp': EntryNotFound (FileSystemError): Error: ENOENT: no such file or directory, stat '/home/jordan/.vscode-oss/extensions/extensions.json.vsctmp'
    at Kv.create (file:///nix/store/lcc8767cmnjrz8mpfm0pir5dzv5hw73i-vscodium-1.96.2.24355/lib/vscode/resources/app/out/vs/code/electron-utility/sharedProcess/sharedProcessMain.js:35:44554)
    at xi (file:///nix/store/lcc8767cmnjrz8mpfm0pir5dzv5hw73i-vscodium-1.96.2.24355/lib/vscode/resources/app/out/vs/code/electron-utility/sharedProcess/sharedProcessMain.js:35:44661)
    at jn.toFileSystemProviderError (file:///nix/store/lcc8767cmnjrz8mpfm0pir5dzv5hw73i-vscodium-1.96.2.24355/lib/vscode/resources/app/out/vs/code/electron-utility/sharedProcess/sharedProcessMain.js:78:28652)
    at jn.stat (file:///nix/store/lcc8767cmnjrz8mpfm0pir5dzv5hw73i-vscodium-1.96.2.24355/lib/vscode/resources/app/out/vs/code/electron-utility/sharedProcess/sharedProcessMain.js:78:20509)
    at async vu.stat (file:///nix/store/lcc8767cmnjrz8mpfm0pir5dzv5hw73i-vscodium-1.96.2.24355/lib/vscode/resources/app/out/vs/code/electron-utility/sharedProcess/sharedProcessMain.js:77:103140)
    at async du.onDidFilesChange (file:///nix/store/lcc8767cmnjrz8mpfm0pir5dzv5hw73i-vscodium-1.96.2.24355/lib/vscode/resources/app/out/vs/code/electron-utility/sharedProcess/sharedProcessMain.js:77:80829)
2024-12-30 19:37:31.532 [info] Extracted extension to file:///home/jordan/.vscode-oss/extensions/ms-toolsai.jupyter-2024.11.0-universal: ms-toolsai.jupyter
2024-12-30 19:37:31.548 [info] Renamed to /home/jordan/.vscode-oss/extensions/ms-toolsai.jupyter-2024.11.0-universal
2024-12-30 19:37:31.566 [info] Extension installed successfully: ms-toolsai.vscode-jupyter-slideshow vscode-userdata:/home/jordan/.vscode-oss/extensions/extensions.json
2024-12-30 19:37:31.566 [info] Extension installed successfully: ms-toolsai.jupyter-keymap vscode-userdata:/home/jordan/.vscode-oss/extensions/extensions.json
2024-12-30 19:37:31.566 [info] Extension installed successfully: ms-toolsai.vscode-jupyter-cell-tags vscode-userdata:/home/jordan/.vscode-oss/extensions/extensions.json
2024-12-30 19:37:31.566 [info] Extension installed successfully: ms-toolsai.jupyter-renderers vscode-userdata:/home/jordan/.vscode-oss/extensions/extensions.json
2024-12-30 19:37:31.566 [info] Extension installed successfully: ms-toolsai.jupyter vscode-userdata:/home/jordan/.vscode-oss/extensions/extensions.json
2024-12-30 19:37:31.629 [error] [uncaught exception in sharedProcess]: Error: ENOENT: no such file or directory, stat '/home/jordan/.vscode-oss/extensions/extensions.json.vsctmp': EntryNotFound (FileSystemError): Error: ENOENT: no such file or directory, stat '/home/jordan/.vscode-oss/extensions/extensions.json.vsctmp'
    at Kv.create (file:///nix/store/lcc8767cmnjrz8mpfm0pir5dzv5hw73i-vscodium-1.96.2.24355/lib/vscode/resources/app/out/vs/code/electron-utility/sharedProcess/sharedProcessMain.js:35:44554)
    at xi (file:///nix/store/lcc8767cmnjrz8mpfm0pir5dzv5hw73i-vscodium-1.96.2.24355/lib/vscode/resources/app/out/vs/code/electron-utility/sharedProcess/sharedProcessMain.js:35:44661)
    at jn.toFileSystemProviderError (file:///nix/store/lcc8767cmnjrz8mpfm0pir5dzv5hw73i-vscodium-1.96.2.24355/lib/vscode/resources/app/out/vs/code/electron-utility/sharedProcess/sharedProcessMain.js:78:28652)
    at jn.stat (file:///nix/store/lcc8767cmnjrz8mpfm0pir5dzv5hw73i-vscodium-1.96.2.24355/lib/vscode/resources/app/out/vs/code/electron-utility/sharedProcess/sharedProcessMain.js:78:20509)
    at async vu.stat (file:///nix/store/lcc8767cmnjrz8mpfm0pir5dzv5hw73i-vscodium-1.96.2.24355/lib/vscode/resources/app/out/vs/code/electron-utility/sharedProcess/sharedProcessMain.js:77:103140)
    at async du.onDidFilesChange (file:///nix/store/lcc8767cmnjrz8mpfm0pir5dzv5hw73i-vscodium-1.96.2.24355/lib/vscode/resources/app/out/vs/code/electron-utility/sharedProcess/sharedProcessMain.js:77:80829)
2024-12-30 19:37:38.563 [info] Getting Manifest... esbenp.prettier-vscode
2024-12-30 19:37:38.676 [info] Installing extension: esbenp.prettier-vscode {"isMachineScoped":false,"installPreReleaseVersion":false,"pinned":false,"profileLocation":{"$mid":1,"external":"vscode-userdata:/home/jordan/.vscode-oss/extensions/extensions.json","path":"/home/jordan/.vscode-oss/extensions/extensions.json","scheme":"vscode-userdata"},"installOnlyNewlyAddedFromExtensionPack":true,"isApplicationScoped":false,"productVersion":{"version":"1.96.2","date":"2024-12-21T00:45:47.611Z"}}
2024-12-30 19:37:39.116 [info] Extracted extension to file:///home/jordan/.vscode-oss/extensions/esbenp.prettier-vscode-11.0.0-universal: esbenp.prettier-vscode
2024-12-30 19:37:39.121 [info] Renamed to /home/jordan/.vscode-oss/extensions/esbenp.prettier-vscode-11.0.0-universal
2024-12-30 19:37:39.138 [info] Extension installed successfully: esbenp.prettier-vscode vscode-userdata:/home/jordan/.vscode-oss/extensions/extensions.json
2024-12-30 19:37:39.200 [error] [uncaught exception in sharedProcess]: Error: ENOENT: no such file or directory, stat '/home/jordan/.vscode-oss/extensions/extensions.json.vsctmp': EntryNotFound (FileSystemError): Error: ENOENT: no such file or directory, stat '/home/jordan/.vscode-oss/extensions/extensions.json.vsctmp'
    at Kv.create (file:///nix/store/lcc8767cmnjrz8mpfm0pir5dzv5hw73i-vscodium-1.96.2.24355/lib/vscode/resources/app/out/vs/code/electron-utility/sharedProcess/sharedProcessMain.js:35:44554)
    at xi (file:///nix/store/lcc8767cmnjrz8mpfm0pir5dzv5hw73i-vscodium-1.96.2.24355/lib/vscode/resources/app/out/vs/code/electron-utility/sharedProcess/sharedProcessMain.js:35:44661)
    at jn.toFileSystemProviderError (file:///nix/store/lcc8767cmnjrz8mpfm0pir5dzv5hw73i-vscodium-1.96.2.24355/lib/vscode/resources/app/out/vs/code/electron-utility/sharedProcess/sharedProcessMain.js:78:28652)
    at jn.stat (file:///nix/store/lcc8767cmnjrz8mpfm0pir5dzv5hw73i-vscodium-1.96.2.24355/lib/vscode/resources/app/out/vs/code/electron-utility/sharedProcess/sharedProcessMain.js:78:20509)
    at async vu.stat (file:///nix/store/lcc8767cmnjrz8mpfm0pir5dzv5hw73i-vscodium-1.96.2.24355/lib/vscode/resources/app/out/vs/code/electron-utility/sharedProcess/sharedProcessMain.js:77:103140)
    at async du.onDidFilesChange (file:///nix/store/lcc8767cmnjrz8mpfm0pir5dzv5hw73i-vscodium-1.96.2.24355/lib/vscode/resources/app/out/vs/code/electron-utility/sharedProcess/sharedProcessMain.js:77:80829)
2024-12-30 19:37:45.725 [info] Getting Manifest... redhat.vscode-yaml
2024-12-30 19:37:45.839 [info] Installing extension: redhat.vscode-yaml {"isMachineScoped":false,"installPreReleaseVersion":false,"pinned":false,"profileLocation":{"$mid":1,"external":"vscode-userdata:/home/jordan/.vscode-oss/extensions/extensions.json","path":"/home/jordan/.vscode-oss/extensions/extensions.json","scheme":"vscode-userdata"},"installOnlyNewlyAddedFromExtensionPack":true,"isApplicationScoped":false,"productVersion":{"version":"1.96.2","date":"2024-12-21T00:45:47.611Z"}}
2024-12-30 19:37:46.186 [info] Extracted extension to file:///home/jordan/.vscode-oss/extensions/redhat.vscode-yaml-1.15.0-universal: redhat.vscode-yaml
2024-12-30 19:37:46.191 [info] Renamed to /home/jordan/.vscode-oss/extensions/redhat.vscode-yaml-1.15.0-universal
2024-12-30 19:37:46.208 [info] Extension installed successfully: redhat.vscode-yaml vscode-userdata:/home/jordan/.vscode-oss/extensions/extensions.json
2024-12-30 19:37:46.272 [error] [uncaught exception in sharedProcess]: Error: ENOENT: no such file or directory, stat '/home/jordan/.vscode-oss/extensions/extensions.json.vsctmp': EntryNotFound (FileSystemError): Error: ENOENT: no such file or directory, stat '/home/jordan/.vscode-oss/extensions/extensions.json.vsctmp'
    at Kv.create (file:///nix/store/lcc8767cmnjrz8mpfm0pir5dzv5hw73i-vscodium-1.96.2.24355/lib/vscode/resources/app/out/vs/code/electron-utility/sharedProcess/sharedProcessMain.js:35:44554)
    at xi (file:///nix/store/lcc8767cmnjrz8mpfm0pir5dzv5hw73i-vscodium-1.96.2.24355/lib/vscode/resources/app/out/vs/code/electron-utility/sharedProcess/sharedProcessMain.js:35:44661)
    at jn.toFileSystemProviderError (file:///nix/store/lcc8767cmnjrz8mpfm0pir5dzv5hw73i-vscodium-1.96.2.24355/lib/vscode/resources/app/out/vs/code/electron-utility/sharedProcess/sharedProcessMain.js:78:28652)
    at jn.stat (file:///nix/store/lcc8767cmnjrz8mpfm0pir5dzv5hw73i-vscodium-1.96.2.24355/lib/vscode/resources/app/out/vs/code/electron-utility/sharedProcess/sharedProcessMain.js:78:20509)
    at async vu.stat (file:///nix/store/lcc8767cmnjrz8mpfm0pir5dzv5hw73i-vscodium-1.96.2.24355/lib/vscode/resources/app/out/vs/code/electron-utility/sharedProcess/sharedProcessMain.js:77:103140)
    at async du.onDidFilesChange (file:///nix/store/lcc8767cmnjrz8mpfm0pir5dzv5hw73i-vscodium-1.96.2.24355/lib/vscode/resources/app/out/vs/code/electron-utility/sharedProcess/sharedProcessMain.js:77:80829)
2024-12-30 19:37:48.303 [info] Getting Manifest... pkief.material-icon-theme
2024-12-30 19:37:48.445 [info] Installing extension: pkief.material-icon-theme {"isMachineScoped":false,"installPreReleaseVersion":false,"pinned":false,"profileLocation":{"$mid":1,"external":"vscode-userdata:/home/jordan/.vscode-oss/extensions/extensions.json","path":"/home/jordan/.vscode-oss/extensions/extensions.json","scheme":"vscode-userdata"},"installOnlyNewlyAddedFromExtensionPack":true,"isApplicationScoped":false,"productVersion":{"version":"1.96.2","date":"2024-12-21T00:45:47.611Z"}}
2024-12-30 19:37:48.950 [info] Extracted extension to file:///home/jordan/.vscode-oss/extensions/pkief.material-icon-theme-5.16.0-universal: pkief.material-icon-theme
2024-12-30 19:37:48.967 [info] Renamed to /home/jordan/.vscode-oss/extensions/pkief.material-icon-theme-5.16.0-universal
2024-12-30 19:37:48.982 [info] Extension installed successfully: pkief.material-icon-theme vscode-userdata:/home/jordan/.vscode-oss/extensions/extensions.json
2024-12-30 19:37:49.050 [error] [uncaught exception in sharedProcess]: Error: ENOENT: no such file or directory, stat '/home/jordan/.vscode-oss/extensions/extensions.json.vsctmp': EntryNotFound (FileSystemError): Error: ENOENT: no such file or directory, stat '/home/jordan/.vscode-oss/extensions/extensions.json.vsctmp'
    at Kv.create (file:///nix/store/lcc8767cmnjrz8mpfm0pir5dzv5hw73i-vscodium-1.96.2.24355/lib/vscode/resources/app/out/vs/code/electron-utility/sharedProcess/sharedProcessMain.js:35:44554)
    at xi (file:///nix/store/lcc8767cmnjrz8mpfm0pir5dzv5hw73i-vscodium-1.96.2.24355/lib/vscode/resources/app/out/vs/code/electron-utility/sharedProcess/sharedProcessMain.js:35:44661)
    at jn.toFileSystemProviderError (file:///nix/store/lcc8767cmnjrz8mpfm0pir5dzv5hw73i-vscodium-1.96.2.24355/lib/vscode/resources/app/out/vs/code/electron-utility/sharedProcess/sharedProcessMain.js:78:28652)
    at jn.stat (file:///nix/store/lcc8767cmnjrz8mpfm0pir5dzv5hw73i-vscodium-1.96.2.24355/lib/vscode/resources/app/out/vs/code/electron-utility/sharedProcess/sharedProcessMain.js:78:20509)
    at async vu.stat (file:///nix/store/lcc8767cmnjrz8mpfm0pir5dzv5hw73i-vscodium-1.96.2.24355/lib/vscode/resources/app/out/vs/code/electron-utility/sharedProcess/sharedProcessMain.js:77:103140)
    at async du.onDidFilesChange (file:///nix/store/lcc8767cmnjrz8mpfm0pir5dzv5hw73i-vscodium-1.96.2.24355/lib/vscode/resources/app/out/vs/code/electron-utility/sharedProcess/sharedProcessMain.js:77:80829)
2024-12-30 19:38:05.755 [info] Getting Manifest... cweijan.vscode-mysql-client2
2024-12-30 19:38:05.868 [info] Installing extension: cweijan.vscode-mysql-client2 {"isMachineScoped":false,"installPreReleaseVersion":false,"pinned":false,"profileLocation":{"$mid":1,"external":"vscode-userdata:/home/jordan/.vscode-oss/extensions/extensions.json","path":"/home/jordan/.vscode-oss/extensions/extensions.json","scheme":"vscode-userdata"},"installOnlyNewlyAddedFromExtensionPack":true,"isApplicationScoped":false,"productVersion":{"version":"1.96.2","date":"2024-12-21T00:45:47.611Z"}}
2024-12-30 19:38:05.962 [info] Getting Manifest... cweijan.dbclient-jdbc
2024-12-30 19:38:06.095 [info] Installing extension: cweijan.dbclient-jdbc {"isMachineScoped":false,"installPreReleaseVersion":false,"pinned":false,"profileLocation":{"$mid":1,"external":"vscode-userdata:/home/jordan/.vscode-oss/extensions/extensions.json","path":"/home/jordan/.vscode-oss/extensions/extensions.json","scheme":"vscode-userdata"},"installOnlyNewlyAddedFromExtensionPack":true,"isApplicationScoped":false,"productVersion":{"version":"1.96.2","date":"2024-12-21T00:45:47.611Z"},"context":{"dependecyOrPackExtensionInstall":true}}
2024-12-30 19:38:06.678 [info] Extracted extension to file:///home/jordan/.vscode-oss/extensions/cweijan.vscode-mysql-client2-8.0.9-universal: cweijan.vscode-mysql-client2
2024-12-30 19:38:06.687 [info] Renamed to /home/jordan/.vscode-oss/extensions/cweijan.vscode-mysql-client2-8.0.9-universal
2024-12-30 19:38:06.707 [error] [uncaught exception in sharedProcess]: Error: ENOENT: no such file or directory, stat '/home/jordan/.vscode-oss/extensions/extensions.json.vsctmp': EntryNotFound (FileSystemError): Error: ENOENT: no such file or directory, stat '/home/jordan/.vscode-oss/extensions/extensions.json.vsctmp'
    at Kv.create (file:///nix/store/lcc8767cmnjrz8mpfm0pir5dzv5hw73i-vscodium-1.96.2.24355/lib/vscode/resources/app/out/vs/code/electron-utility/sharedProcess/sharedProcessMain.js:35:44554)
    at xi (file:///nix/store/lcc8767cmnjrz8mpfm0pir5dzv5hw73i-vscodium-1.96.2.24355/lib/vscode/resources/app/out/vs/code/electron-utility/sharedProcess/sharedProcessMain.js:35:44661)
    at jn.toFileSystemProviderError (file:///nix/store/lcc8767cmnjrz8mpfm0pir5dzv5hw73i-vscodium-1.96.2.24355/lib/vscode/resources/app/out/vs/code/electron-utility/sharedProcess/sharedProcessMain.js:78:28652)
    at jn.stat (file:///nix/store/lcc8767cmnjrz8mpfm0pir5dzv5hw73i-vscodium-1.96.2.24355/lib/vscode/resources/app/out/vs/code/electron-utility/sharedProcess/sharedProcessMain.js:78:20509)
    at async vu.stat (file:///nix/store/lcc8767cmnjrz8mpfm0pir5dzv5hw73i-vscodium-1.96.2.24355/lib/vscode/resources/app/out/vs/code/electron-utility/sharedProcess/sharedProcessMain.js:77:103140)
    at async du.onDidFilesChange (file:///nix/store/lcc8767cmnjrz8mpfm0pir5dzv5hw73i-vscodium-1.96.2.24355/lib/vscode/resources/app/out/vs/code/electron-utility/sharedProcess/sharedProcessMain.js:77:80829)
2024-12-30 19:38:07.712 [info] Extracted extension to file:///home/jordan/.vscode-oss/extensions/cweijan.dbclient-jdbc-1.3.9-universal: cweijan.dbclient-jdbc
2024-12-30 19:38:07.716 [info] Renamed to /home/jordan/.vscode-oss/extensions/cweijan.dbclient-jdbc-1.3.9-universal
2024-12-30 19:38:07.734 [info] Extension installed successfully: cweijan.vscode-mysql-client2 vscode-userdata:/home/jordan/.vscode-oss/extensions/extensions.json
2024-12-30 19:38:07.734 [info] Extension installed successfully: cweijan.dbclient-jdbc vscode-userdata:/home/jordan/.vscode-oss/extensions/extensions.json
2024-12-30 19:38:07.803 [error] [uncaught exception in sharedProcess]: Error: ENOENT: no such file or directory, stat '/home/jordan/.vscode-oss/extensions/extensions.json.vsctmp': EntryNotFound (FileSystemError): Error: ENOENT: no such file or directory, stat '/home/jordan/.vscode-oss/extensions/extensions.json.vsctmp'
    at Kv.create (file:///nix/store/lcc8767cmnjrz8mpfm0pir5dzv5hw73i-vscodium-1.96.2.24355/lib/vscode/resources/app/out/vs/code/electron-utility/sharedProcess/sharedProcessMain.js:35:44554)
    at xi (file:///nix/store/lcc8767cmnjrz8mpfm0pir5dzv5hw73i-vscodium-1.96.2.24355/lib/vscode/resources/app/out/vs/code/electron-utility/sharedProcess/sharedProcessMain.js:35:44661)
    at jn.toFileSystemProviderError (file:///nix/store/lcc8767cmnjrz8mpfm0pir5dzv5hw73i-vscodium-1.96.2.24355/lib/vscode/resources/app/out/vs/code/electron-utility/sharedProcess/sharedProcessMain.js:78:28652)
    at jn.stat (file:///nix/store/lcc8767cmnjrz8mpfm0pir5dzv5hw73i-vscodium-1.96.2.24355/lib/vscode/resources/app/out/vs/code/electron-utility/sharedProcess/sharedProcessMain.js:78:20509)
    at async vu.stat (file:///nix/store/lcc8767cmnjrz8mpfm0pir5dzv5hw73i-vscodium-1.96.2.24355/lib/vscode/resources/app/out/vs/code/electron-utility/sharedProcess/sharedProcessMain.js:77:103140)
    at async du.onDidFilesChange (file:///nix/store/lcc8767cmnjrz8mpfm0pir5dzv5hw73i-vscodium-1.96.2.24355/lib/vscode/resources/app/out/vs/code/electron-utility/sharedProcess/sharedProcessMain.js:77:80829)
2024-12-30 19:38:12.878 [info] Getting Manifest... reditorsupport.r
2024-12-30 19:38:13.013 [info] Installing extension: reditorsupport.r {"isMachineScoped":false,"installPreReleaseVersion":false,"pinned":false,"profileLocation":{"$mid":1,"external":"vscode-userdata:/home/jordan/.vscode-oss/extensions/extensions.json","path":"/home/jordan/.vscode-oss/extensions/extensions.json","scheme":"vscode-userdata"},"installOnlyNewlyAddedFromExtensionPack":true,"isApplicationScoped":false,"productVersion":{"version":"1.96.2","date":"2024-12-21T00:45:47.611Z"}}
2024-12-30 19:38:13.527 [info] Extracted extension to file:///home/jordan/.vscode-oss/extensions/reditorsupport.r-2.8.4-universal: reditorsupport.r
2024-12-30 19:38:13.533 [info] Renamed to /home/jordan/.vscode-oss/extensions/reditorsupport.r-2.8.4-universal
2024-12-30 19:38:13.553 [info] Extension installed successfully: reditorsupport.r vscode-userdata:/home/jordan/.vscode-oss/extensions/extensions.json
2024-12-30 19:38:13.613 [error] [uncaught exception in sharedProcess]: Error: ENOENT: no such file or directory, stat '/home/jordan/.vscode-oss/extensions/extensions.json.vsctmp': EntryNotFound (FileSystemError): Error: ENOENT: no such file or directory, stat '/home/jordan/.vscode-oss/extensions/extensions.json.vsctmp'
    at Kv.create (file:///nix/store/lcc8767cmnjrz8mpfm0pir5dzv5hw73i-vscodium-1.96.2.24355/lib/vscode/resources/app/out/vs/code/electron-utility/sharedProcess/sharedProcessMain.js:35:44554)
    at xi (file:///nix/store/lcc8767cmnjrz8mpfm0pir5dzv5hw73i-vscodium-1.96.2.24355/lib/vscode/resources/app/out/vs/code/electron-utility/sharedProcess/sharedProcessMain.js:35:44661)
    at jn.toFileSystemProviderError (file:///nix/store/lcc8767cmnjrz8mpfm0pir5dzv5hw73i-vscodium-1.96.2.24355/lib/vscode/resources/app/out/vs/code/electron-utility/sharedProcess/sharedProcessMain.js:78:28652)
    at jn.stat (file:///nix/store/lcc8767cmnjrz8mpfm0pir5dzv5hw73i-vscodium-1.96.2.24355/lib/vscode/resources/app/out/vs/code/electron-utility/sharedProcess/sharedProcessMain.js:78:20509)
    at async vu.stat (file:///nix/store/lcc8767cmnjrz8mpfm0pir5dzv5hw73i-vscodium-1.96.2.24355/lib/vscode/resources/app/out/vs/code/electron-utility/sharedProcess/sharedProcessMain.js:77:103140)
    at async du.onDidFilesChange (file:///nix/store/lcc8767cmnjrz8mpfm0pir5dzv5hw73i-vscodium-1.96.2.24355/lib/vscode/resources/app/out/vs/code/electron-utility/sharedProcess/sharedProcessMain.js:77:80829)
2024-12-30 19:38:17.614 [info] Getting Manifest... redhat.vscode-xml
2024-12-30 19:38:17.760 [info] Installing extension: redhat.vscode-xml {"isMachineScoped":false,"installPreReleaseVersion":false,"pinned":false,"profileLocation":{"$mid":1,"external":"vscode-userdata:/home/jordan/.vscode-oss/extensions/extensions.json","path":"/home/jordan/.vscode-oss/extensions/extensions.json","scheme":"vscode-userdata"},"installOnlyNewlyAddedFromExtensionPack":true,"isApplicationScoped":false,"productVersion":{"version":"1.96.2","date":"2024-12-21T00:45:47.611Z"}}
2024-12-30 19:38:22.012 [info] Extracted extension to file:///home/jordan/.vscode-oss/extensions/redhat.vscode-xml-0.27.2-linux-x64: redhat.vscode-xml
2024-12-30 19:38:22.022 [info] Renamed to /home/jordan/.vscode-oss/extensions/redhat.vscode-xml-0.27.2-linux-x64
2024-12-30 19:38:22.041 [info] Extension installed successfully: redhat.vscode-xml vscode-userdata:/home/jordan/.vscode-oss/extensions/extensions.json
2024-12-30 19:38:22.101 [error] [uncaught exception in sharedProcess]: Error: ENOENT: no such file or directory, stat '/home/jordan/.vscode-oss/extensions/extensions.json.vsctmp': EntryNotFound (FileSystemError): Error: ENOENT: no such file or directory, stat '/home/jordan/.vscode-oss/extensions/extensions.json.vsctmp'
    at Kv.create (file:///nix/store/lcc8767cmnjrz8mpfm0pir5dzv5hw73i-vscodium-1.96.2.24355/lib/vscode/resources/app/out/vs/code/electron-utility/sharedProcess/sharedProcessMain.js:35:44554)
    at xi (file:///nix/store/lcc8767cmnjrz8mpfm0pir5dzv5hw73i-vscodium-1.96.2.24355/lib/vscode/resources/app/out/vs/code/electron-utility/sharedProcess/sharedProcessMain.js:35:44661)
    at jn.toFileSystemProviderError (file:///nix/store/lcc8767cmnjrz8mpfm0pir5dzv5hw73i-vscodium-1.96.2.24355/lib/vscode/resources/app/out/vs/code/electron-utility/sharedProcess/sharedProcessMain.js:78:28652)
    at jn.stat (file:///nix/store/lcc8767cmnjrz8mpfm0pir5dzv5hw73i-vscodium-1.96.2.24355/lib/vscode/resources/app/out/vs/code/electron-utility/sharedProcess/sharedProcessMain.js:78:20509)
    at async vu.stat (file:///nix/store/lcc8767cmnjrz8mpfm0pir5dzv5hw73i-vscodium-1.96.2.24355/lib/vscode/resources/app/out/vs/code/electron-utility/sharedProcess/sharedProcessMain.js:77:103140)
    at async du.onDidFilesChange (file:///nix/store/lcc8767cmnjrz8mpfm0pir5dzv5hw73i-vscodium-1.96.2.24355/lib/vscode/resources/app/out/vs/code/electron-utility/sharedProcess/sharedProcessMain.js:77:80829)
2024-12-30 19:38:32.668 [info] Getting Manifest... james-yu.latex-workshop
2024-12-30 19:38:32.800 [info] Installing extension: james-yu.latex-workshop {"isMachineScoped":false,"installPreReleaseVersion":false,"pinned":false,"profileLocation":{"$mid":1,"external":"vscode-userdata:/home/jordan/.vscode-oss/extensions/extensions.json","path":"/home/jordan/.vscode-oss/extensions/extensions.json","scheme":"vscode-userdata"},"installOnlyNewlyAddedFromExtensionPack":true,"isApplicationScoped":false,"productVersion":{"version":"1.96.2","date":"2024-12-21T00:45:47.611Z"}}
2024-12-30 19:38:34.106 [info] Extracted extension to file:///home/jordan/.vscode-oss/extensions/james-yu.latex-workshop-10.7.1-universal: james-yu.latex-workshop
2024-12-30 19:38:34.145 [info] Renamed to /home/jordan/.vscode-oss/extensions/james-yu.latex-workshop-10.7.1-universal
2024-12-30 19:38:34.169 [info] Extension installed successfully: james-yu.latex-workshop vscode-userdata:/home/jordan/.vscode-oss/extensions/extensions.json
2024-12-30 19:38:34.225 [error] [uncaught exception in sharedProcess]: Error: ENOENT: no such file or directory, stat '/home/jordan/.vscode-oss/extensions/extensions.json.vsctmp': EntryNotFound (FileSystemError): Error: ENOENT: no such file or directory, stat '/home/jordan/.vscode-oss/extensions/extensions.json.vsctmp'
    at Kv.create (file:///nix/store/lcc8767cmnjrz8mpfm0pir5dzv5hw73i-vscodium-1.96.2.24355/lib/vscode/resources/app/out/vs/code/electron-utility/sharedProcess/sharedProcessMain.js:35:44554)
    at xi (file:///nix/store/lcc8767cmnjrz8mpfm0pir5dzv5hw73i-vscodium-1.96.2.24355/lib/vscode/resources/app/out/vs/code/electron-utility/sharedProcess/sharedProcessMain.js:35:44661)
    at jn.toFileSystemProviderError (file:///nix/store/lcc8767cmnjrz8mpfm0pir5dzv5hw73i-vscodium-1.96.2.24355/lib/vscode/resources/app/out/vs/code/electron-utility/sharedProcess/sharedProcessMain.js:78:28652)
    at jn.stat (file:///nix/store/lcc8767cmnjrz8mpfm0pir5dzv5hw73i-vscodium-1.96.2.24355/lib/vscode/resources/app/out/vs/code/electron-utility/sharedProcess/sharedProcessMain.js:78:20509)
    at async vu.stat (file:///nix/store/lcc8767cmnjrz8mpfm0pir5dzv5hw73i-vscodium-1.96.2.24355/lib/vscode/resources/app/out/vs/code/electron-utility/sharedProcess/sharedProcessMain.js:77:103140)
    at async du.onDidFilesChange (file:///nix/store/lcc8767cmnjrz8mpfm0pir5dzv5hw73i-vscodium-1.96.2.24355/lib/vscode/resources/app/out/vs/code/electron-utility/sharedProcess/sharedProcessMain.js:77:80829)
2024-12-30 19:39:00.383 [info] Getting Manifest... garlicbreadcleric.pandoc-markdown-syntax
2024-12-30 19:39:00.521 [info] Installing extension: garlicbreadcleric.pandoc-markdown-syntax {"isMachineScoped":false,"installPreReleaseVersion":false,"pinned":false,"profileLocation":{"$mid":1,"external":"vscode-userdata:/home/jordan/.vscode-oss/extensions/extensions.json","path":"/home/jordan/.vscode-oss/extensions/extensions.json","scheme":"vscode-userdata"},"installOnlyNewlyAddedFromExtensionPack":true,"isApplicationScoped":false,"productVersion":{"version":"1.96.2","date":"2024-12-21T00:45:47.611Z"}}
2024-12-30 19:39:00.733 [info] Extracted extension to file:///home/jordan/.vscode-oss/extensions/garlicbreadcleric.pandoc-markdown-syntax-0.0.2-universal: garlicbreadcleric.pandoc-markdown-syntax
2024-12-30 19:39:00.737 [info] Renamed to /home/jordan/.vscode-oss/extensions/garlicbreadcleric.pandoc-markdown-syntax-0.0.2-universal
2024-12-30 19:39:00.759 [info] Extension installed successfully: garlicbreadcleric.pandoc-markdown-syntax vscode-userdata:/home/jordan/.vscode-oss/extensions/extensions.json
2024-12-30 19:39:00.818 [error] [uncaught exception in sharedProcess]: Error: ENOENT: no such file or directory, stat '/home/jordan/.vscode-oss/extensions/extensions.json.vsctmp': EntryNotFound (FileSystemError): Error: ENOENT: no such file or directory, stat '/home/jordan/.vscode-oss/extensions/extensions.json.vsctmp'
    at Kv.create (file:///nix/store/lcc8767cmnjrz8mpfm0pir5dzv5hw73i-vscodium-1.96.2.24355/lib/vscode/resources/app/out/vs/code/electron-utility/sharedProcess/sharedProcessMain.js:35:44554)
    at xi (file:///nix/store/lcc8767cmnjrz8mpfm0pir5dzv5hw73i-vscodium-1.96.2.24355/lib/vscode/resources/app/out/vs/code/electron-utility/sharedProcess/sharedProcessMain.js:35:44661)
    at jn.toFileSystemProviderError (file:///nix/store/lcc8767cmnjrz8mpfm0pir5dzv5hw73i-vscodium-1.96.2.24355/lib/vscode/resources/app/out/vs/code/electron-utility/sharedProcess/sharedProcessMain.js:78:28652)
    at jn.stat (file:///nix/store/lcc8767cmnjrz8mpfm0pir5dzv5hw73i-vscodium-1.96.2.24355/lib/vscode/resources/app/out/vs/code/electron-utility/sharedProcess/sharedProcessMain.js:78:20509)
    at async vu.stat (file:///nix/store/lcc8767cmnjrz8mpfm0pir5dzv5hw73i-vscodium-1.96.2.24355/lib/vscode/resources/app/out/vs/code/electron-utility/sharedProcess/sharedProcessMain.js:77:103140)
    at async du.onDidFilesChange (file:///nix/store/lcc8767cmnjrz8mpfm0pir5dzv5hw73i-vscodium-1.96.2.24355/lib/vscode/resources/app/out/vs/code/electron-utility/sharedProcess/sharedProcessMain.js:77:80829)
