2024-12-30 19:41:26.389 [info] [main] Log level: Info
2024-12-30 19:41:26.389 [info] [main] Validating found git in: "git"
2024-12-30 19:41:26.389 [info] [main] Using git "2.47.0" from "git"
2024-12-30 19:41:26.389 [info] [Model][doInitialScan] Initial repository scan started
2024-12-30 19:41:26.389 [info] [Model][doInitialScan] Initial repository scan completed - repositories (0), closed repositories (0), parent repositories (0), unsafe repositories (0)
2024-12-30 19:41:44.873 [info] [main] Log level: Info
2024-12-30 19:41:44.873 [info] [main] Validating found git in: "git"
2024-12-30 19:41:44.873 [info] [main] Using git "2.47.0" from "git"
2024-12-30 19:41:44.873 [info] [Model][doInitialScan] Initial repository scan started
2024-12-30 19:41:44.873 [info] > git rev-parse --show-toplevel [43ms]
2024-12-30 19:41:44.973 [info] > git rev-parse --git-dir --git-common-dir [101ms]
2024-12-30 19:41:44.981 [info] [Model][openRepository] Opened repository: /home/jordan/Documents/docs
2024-12-30 19:41:45.011 [info] > git rev-parse --show-toplevel [4ms]
2024-12-30 19:41:45.011 [info] > git config --get commit.template [8ms]
2024-12-30 19:41:45.040 [info] > git for-each-ref --format=%(refname)%00%(upstream:short)%00%(objectname)%00%(upstream:track)%00%(upstream:remotename)%00%(upstream:remoteref) refs/heads/main refs/remotes/main [18ms]
2024-12-30 19:41:45.040 [info] > git rev-parse --show-toplevel [24ms]
2024-12-30 19:41:45.041 [info] [Model][doInitialScan] Initial repository scan completed - repositories (1), closed repositories (0), parent repositories (0), unsafe repositories (0)
2024-12-30 19:41:45.048 [warning] [Git][revParse] Unable to read file: ENOENT: no such file or directory, open '/home/jordan/Documents/docs/.git/refs/remotes/origin/main'
2024-12-30 19:41:45.049 [info] > git rev-parse refs/remotes/origin/main [1ms]
2024-12-30 19:41:45.062 [info] > git status -z -uall [7ms]
2024-12-30 19:41:45.063 [info] > git for-each-ref --sort -committerdate --format %(refname) %(objectname) %(*objectname) [2ms]
2024-12-30 19:41:45.085 [info] > git for-each-ref --format=%(refname)%00%(upstream:short)%00%(objectname)%00%(upstream:track)%00%(upstream:remotename)%00%(upstream:remoteref) refs/heads/main refs/remotes/main [11ms]
2024-12-30 19:41:45.094 [info] > git config --get commit.template [8ms]
2024-12-30 19:41:45.095 [info] > git config --local branch.main.vscode-merge-base [2ms]
2024-12-30 19:41:45.095 [warning] [Git][config] git config failed: Failed to execute git
2024-12-30 19:41:45.113 [info] > git for-each-ref --format=%(refname)%00%(upstream:short)%00%(objectname)%00%(upstream:track)%00%(upstream:remotename)%00%(upstream:remoteref) refs/heads/main refs/remotes/main [8ms]
2024-12-30 19:41:45.113 [info] > git reflog main --grep-reflog=branch: Created from *. [13ms]
2024-12-30 19:41:45.123 [warning] [Git][revParse] Unable to read file: ENOENT: no such file or directory, open '/home/jordan/Documents/docs/.git/refs/remotes/origin/main'
2024-12-30 19:41:45.123 [info] > git config --local branch.main.github-pr-owner-number [11ms]
2024-12-30 19:41:45.123 [warning] [Git][config] git config failed: Failed to execute git
2024-12-30 19:41:45.125 [info] > git rev-parse refs/remotes/origin/main [1ms]
2024-12-30 19:41:45.134 [info] > git symbolic-ref --short refs/remotes/origin/HEAD [16ms]
2024-12-30 19:41:45.139 [info] > git status -z -uall [10ms]
2024-12-30 19:41:45.140 [info] > git for-each-ref --sort -committerdate --format %(refname) %(objectname) %(*objectname) [6ms]
2024-12-30 19:41:45.150 [info] > git for-each-ref --format=%(refname)%00%(upstream:short)%00%(objectname)%00%(upstream:track)%00%(upstream:remotename)%00%(upstream:remoteref) refs/heads/main refs/remotes/main [4ms]
2024-12-30 19:41:45.157 [info] > git for-each-ref --format=%(refname)%00%(upstream:short)%00%(objectname)%00%(upstream:track)%00%(upstream:remotename)%00%(upstream:remoteref) refs/heads/origin/main refs/remotes/origin/main [18ms]
2024-12-30 19:41:45.163 [info] > git config --local branch.main.vscode-merge-base [6ms]
2024-12-30 19:41:45.163 [warning] [Git][config] git config failed: Failed to execute git
2024-12-30 19:41:45.169 [info] > git config --local branch.main.vscode-merge-base origin/main [7ms]
2024-12-30 19:41:45.182 [info] > git reflog main --grep-reflog=branch: Created from *. [14ms]
2024-12-30 19:41:45.189 [info] > git config --get commit.template [14ms]
2024-12-30 19:41:45.195 [info] > git symbolic-ref --short refs/remotes/origin/HEAD [7ms]
2024-12-30 19:41:45.200 [info] > git for-each-ref --format=%(refname)%00%(upstream:short)%00%(objectname)%00%(upstream:track)%00%(upstream:remotename)%00%(upstream:remoteref) refs/heads/main refs/remotes/main [6ms]
2024-12-30 19:41:45.205 [warning] [Git][revParse] Unable to read file: ENOENT: no such file or directory, open '/home/jordan/Documents/docs/.git/refs/remotes/origin/main'
2024-12-30 19:41:45.206 [info] > git for-each-ref --format=%(refname)%00%(upstream:short)%00%(objectname)%00%(upstream:track)%00%(upstream:remotename)%00%(upstream:remoteref) refs/heads/origin/main refs/remotes/origin/main [7ms]
2024-12-30 19:41:45.211 [info] > git rev-parse refs/remotes/origin/main [6ms]
2024-12-30 19:41:45.222 [info] > git status -z -uall [6ms]
2024-12-30 19:41:45.222 [info] > git config --local branch.main.vscode-merge-base origin/main [11ms]
2024-12-30 19:41:45.222 [info] > git for-each-ref --sort -committerdate --format %(refname) %(objectname) %(*objectname) [1ms] (cancelled)
2024-12-30 19:41:45.240 [info] > git merge-base refs/heads/main refs/remotes/origin/main [7ms]
2024-12-30 19:41:45.245 [info] > git for-each-ref --format=%(refname)%00%(upstream:short)%00%(objectname)%00%(upstream:track)%00%(upstream:remotename)%00%(upstream:remoteref) refs/heads/main refs/remotes/main [17ms]
2024-12-30 19:41:45.251 [info] > git config --local branch.main.vscode-merge-base [1ms]
2024-12-30 19:41:45.257 [info] > git diff --name-status -z --diff-filter=ADMR 1e7e6bae0f2c6aaef442f898921cae14759c6754...refs/remotes/origin/main [12ms]
2024-12-30 19:41:45.257 [info] > git config --get commit.template [18ms]
2024-12-30 19:41:45.258 [info] > git for-each-ref --format=%(refname)%00%(upstream:short)%00%(objectname)%00%(upstream:track)%00%(upstream:remotename)%00%(upstream:remoteref) refs/heads/origin/main refs/remotes/origin/main [1ms]
2024-12-30 19:41:45.265 [info] > git for-each-ref --format=%(refname)%00%(upstream:short)%00%(objectname)%00%(upstream:track)%00%(upstream:remotename)%00%(upstream:remoteref) refs/heads/main refs/remotes/main [1ms]
2024-12-30 19:41:45.270 [warning] [Git][revParse] Unable to read file: ENOENT: no such file or directory, open '/home/jordan/Documents/docs/.git/refs/remotes/origin/main'
2024-12-30 19:41:45.271 [info] > git rev-parse refs/remotes/origin/main [1ms]
2024-12-30 19:41:45.281 [info] > git status -z -uall [5ms]
2024-12-30 19:41:45.281 [info] > git for-each-ref --sort -committerdate --format %(refname) %(objectname) %(*objectname) [1ms]
2024-12-30 19:41:45.519 [info] > git check-ignore -v -z --stdin [1ms]
2024-12-30 19:41:46.358 [info] > git config --get commit.template [10ms]
2024-12-30 19:41:46.359 [info] > git for-each-ref --format=%(refname)%00%(upstream:short)%00%(objectname)%00%(upstream:track)%00%(upstream:remotename)%00%(upstream:remoteref) refs/heads/main refs/remotes/main [2ms]
2024-12-30 19:41:46.366 [warning] [Git][revParse] Unable to read file: ENOENT: no such file or directory, open '/home/jordan/Documents/docs/.git/refs/remotes/origin/main'
2024-12-30 19:41:46.367 [info] > git rev-parse refs/remotes/origin/main [1ms]
2024-12-30 19:41:46.380 [info] > git status -z -uall [6ms]
2024-12-30 19:41:46.381 [info] > git for-each-ref --sort -committerdate --format %(refname) %(objectname) %(*objectname) [2ms]
2024-12-30 19:41:47.649 [info] > git check-ignore -v -z --stdin [1ms]
2024-12-30 19:41:52.154 [info] > git check-ignore -v -z --stdin [1ms]
2024-12-30 19:41:54.213 [info] > git check-ignore -v -z --stdin [1ms]
2024-12-30 19:41:56.000 [info] > git check-ignore -v -z --stdin [1ms]
2024-12-30 19:41:57.878 [info] > git check-ignore -v -z --stdin [1ms]
2024-12-30 19:42:03.447 [info] > git check-ignore -v -z --stdin [1ms]
2024-12-30 19:42:14.456 [info] > git show --textconv :starlight/src/content/docs/software/nixos.mdx [14ms]
2024-12-30 19:42:14.458 [info] > git ls-files --stage -- /home/jordan/Documents/docs/starlight/src/content/docs/software/nixos.mdx [4ms]
2024-12-30 19:42:14.717 [info] > git check-ignore -v -z --stdin [3ms]
2024-12-30 19:42:15.285 [info] > git config --get commit.template [5ms]
2024-12-30 19:42:15.286 [info] > git for-each-ref --format=%(refname)%00%(upstream:short)%00%(objectname)%00%(upstream:track)%00%(upstream:remotename)%00%(upstream:remoteref) refs/heads/main refs/remotes/main [1ms]
2024-12-30 19:42:15.290 [warning] [Git][revParse] Unable to read file: ENOENT: no such file or directory, open '/home/jordan/Documents/docs/.git/refs/remotes/origin/main'
2024-12-30 19:42:15.291 [info] > git rev-parse refs/remotes/origin/main [1ms]
2024-12-30 19:42:15.303 [info] > git status -z -uall [6ms]
2024-12-30 19:42:15.303 [info] > git for-each-ref --sort -committerdate --format %(refname) %(objectname) %(*objectname) [1ms]
2024-12-30 19:42:39.487 [info] > git check-ignore -v -z --stdin [2ms]
2024-12-30 19:42:40.069 [info] > git config --get commit.template [13ms]
2024-12-30 19:42:40.070 [info] > git for-each-ref --format=%(refname)%00%(upstream:short)%00%(objectname)%00%(upstream:track)%00%(upstream:remotename)%00%(upstream:remoteref) refs/heads/main refs/remotes/main [3ms]
2024-12-30 19:42:40.078 [warning] [Git][revParse] Unable to read file: ENOENT: no such file or directory, open '/home/jordan/Documents/docs/.git/refs/remotes/origin/main'
2024-12-30 19:42:40.079 [info] > git rev-parse refs/remotes/origin/main [1ms]
2024-12-30 19:42:40.090 [info] > git status -z -uall [6ms]
2024-12-30 19:42:40.091 [info] > git for-each-ref --sort -committerdate --format %(refname) %(objectname) %(*objectname) [1ms]
2024-12-30 19:42:45.139 [info] > git show --textconv :starlight/src/content/docs/software/nixos/nixos.mdx [12ms]
2024-12-30 19:42:45.140 [info] > git ls-files --stage -- /home/jordan/Documents/docs/starlight/src/content/docs/software/nixos/nixos.mdx [3ms]
2024-12-30 19:42:45.418 [info] > git check-ignore -v -z --stdin [3ms]
2024-12-30 19:42:45.961 [info] > git config --get commit.template [14ms]
2024-12-30 19:42:45.962 [info] > git for-each-ref --format=%(refname)%00%(upstream:short)%00%(objectname)%00%(upstream:track)%00%(upstream:remotename)%00%(upstream:remoteref) refs/heads/main refs/remotes/main [2ms]
2024-12-30 19:42:45.973 [warning] [Git][revParse] Unable to read file: ENOENT: no such file or directory, open '/home/jordan/Documents/docs/.git/refs/remotes/origin/main'
2024-12-30 19:42:45.975 [info] > git rev-parse refs/remotes/origin/main [2ms]
2024-12-30 19:42:45.994 [info] > git status -z -uall [10ms]
2024-12-30 19:42:45.995 [info] > git for-each-ref --sort -committerdate --format %(refname) %(objectname) %(*objectname) [1ms]
2024-12-30 19:42:53.893 [info] > git show --textconv :starlight/src/content/docs/software/pi-hole/pi-hole.mdx [14ms]
2024-12-30 19:42:53.894 [info] > git ls-files --stage -- /home/jordan/Documents/docs/starlight/src/content/docs/software/pi-hole/pi-hole.mdx [3ms]
2024-12-30 19:42:53.903 [info] > git cat-file -s d708d8f2d694010045aba0783f94355806a0e2bf [2ms]
2024-12-30 19:43:11.796 [info] > git show --textconv :starlight/src/content/docs/software/nixos/nixos.mdx [14ms]
2024-12-30 19:43:11.797 [info] > git ls-files --stage -- /home/jordan/Documents/docs/starlight/src/content/docs/software/nixos/nixos.mdx [3ms]
2024-12-30 19:43:13.925 [info] > git show --textconv :starlight/src/content/docs/software/pi-hole/pi-hole.mdx [12ms]
2024-12-30 19:43:13.926 [info] > git ls-files --stage -- /home/jordan/Documents/docs/starlight/src/content/docs/software/pi-hole/pi-hole.mdx [3ms]
2024-12-30 19:43:13.935 [info] > git cat-file -s d708d8f2d694010045aba0783f94355806a0e2bf [1ms]
2024-12-30 19:43:16.090 [info] > git show --textconv :starlight/src/content/docs/software/nixos/nixos.mdx [6ms]
2024-12-30 19:43:16.091 [info] > git ls-files --stage -- /home/jordan/Documents/docs/starlight/src/content/docs/software/nixos/nixos.mdx [2ms]
2024-12-30 19:43:18.616 [info] > git blame --root --incremental 1e7e6bae0f2c6aaef442f898921cae14759c6754 -- /home/jordan/Documents/docs/starlight/src/content/docs/software/nixos/nixos.mdx [3ms]
2024-12-30 19:43:18.616 [info] fatal: no such path starlight/src/content/docs/software/nixos/nixos.mdx in 1e7e6bae0f2c6aaef442f898921cae14759c6754
2024-12-30 19:43:23.422 [info] > git show --textconv :starlight/src/content/docs/software/pi-hole/pi-hole.mdx [8ms]
2024-12-30 19:43:23.423 [info] > git ls-files --stage -- /home/jordan/Documents/docs/starlight/src/content/docs/software/pi-hole/pi-hole.mdx [1ms]
2024-12-30 19:43:23.429 [info] > git cat-file -s d708d8f2d694010045aba0783f94355806a0e2bf [0ms]
2024-12-30 19:43:25.979 [info] > git show --textconv :starlight/src/content/docs/software/nixos/nixos.mdx [11ms]
2024-12-30 19:43:25.980 [info] > git ls-files --stage -- /home/jordan/Documents/docs/starlight/src/content/docs/software/nixos/nixos.mdx [2ms]
2024-12-30 19:43:31.528 [info] > git show --textconv :starlight/src/content/docs/software/pi-hole/pi-hole.mdx [13ms]
2024-12-30 19:43:31.529 [info] > git ls-files --stage -- /home/jordan/Documents/docs/starlight/src/content/docs/software/pi-hole/pi-hole.mdx [2ms]
2024-12-30 19:43:31.538 [info] > git cat-file -s d708d8f2d694010045aba0783f94355806a0e2bf [1ms]
2024-12-30 19:43:33.372 [info] > git show --textconv :starlight/src/content/docs/software/nixos/nixos.mdx [14ms]
2024-12-30 19:43:33.374 [info] > git ls-files --stage -- /home/jordan/Documents/docs/starlight/src/content/docs/software/nixos/nixos.mdx [4ms]
2024-12-30 19:43:37.909 [info] > git show --textconv :starlight/src/content/docs/software/pi-hole/pi-hole.mdx [15ms]
2024-12-30 19:43:37.910 [info] > git ls-files --stage -- /home/jordan/Documents/docs/starlight/src/content/docs/software/pi-hole/pi-hole.mdx [2ms]
2024-12-30 19:43:37.918 [info] > git cat-file -s d708d8f2d694010045aba0783f94355806a0e2bf [1ms]
2024-12-30 19:43:39.401 [info] > git blame --root --incremental 1e7e6bae0f2c6aaef442f898921cae14759c6754 -- /home/jordan/Documents/docs/starlight/src/content/docs/software/pi-hole/pi-hole.mdx [4ms]
2024-12-30 19:43:43.044 [info] > git show --textconv :starlight/src/content/docs/software/nixos/nixos.mdx [11ms]
2024-12-30 19:43:43.045 [info] > git ls-files --stage -- /home/jordan/Documents/docs/starlight/src/content/docs/software/nixos/nixos.mdx [2ms]
2024-12-30 19:43:48.110 [info] > git show --textconv :starlight/src/content/docs/software/pi-hole/pi-hole.mdx [11ms]
2024-12-30 19:43:48.111 [info] > git ls-files --stage -- /home/jordan/Documents/docs/starlight/src/content/docs/software/pi-hole/pi-hole.mdx [2ms]
2024-12-30 19:43:48.119 [info] > git cat-file -s d708d8f2d694010045aba0783f94355806a0e2bf [0ms]
2024-12-30 19:43:53.526 [info] > git show --textconv :starlight/src/content/docs/software/nixos/nixos.mdx [13ms]
2024-12-30 19:43:53.528 [info] > git ls-files --stage -- /home/jordan/Documents/docs/starlight/src/content/docs/software/nixos/nixos.mdx [4ms]
2024-12-30 19:43:55.260 [info] > git config --get commit.template [9ms]
2024-12-30 19:43:55.261 [info] > git for-each-ref --format=%(refname)%00%(upstream:short)%00%(objectname)%00%(upstream:track)%00%(upstream:remotename)%00%(upstream:remoteref) refs/heads/main refs/remotes/main [3ms]
2024-12-30 19:43:55.270 [warning] [Git][revParse] Unable to read file: ENOENT: no such file or directory, open '/home/jordan/Documents/docs/.git/refs/remotes/origin/main'
2024-12-30 19:43:55.272 [info] > git rev-parse refs/remotes/origin/main [2ms]
2024-12-30 19:43:55.285 [info] > git status -z -uall [8ms]
2024-12-30 19:43:55.285 [info] > git for-each-ref --sort -committerdate --format %(refname) %(objectname) %(*objectname) [1ms]
2024-12-30 19:44:05.485 [info] > git check-ignore -v -z --stdin [2ms]
2024-12-30 19:44:07.441 [info] > git check-ignore -v -z --stdin [2ms]
2024-12-30 19:44:09.222 [info] > git check-ignore -v -z --stdin [2ms]
2024-12-30 19:44:14.048 [info] > git check-ignore -v -z --stdin [2ms]
2024-12-30 19:44:18.518 [info] > git check-ignore -v -z --stdin [2ms]
2024-12-30 19:50:09.548 [info] > git config --get commit.template [6ms]
2024-12-30 19:50:09.548 [info] > git for-each-ref --format=%(refname)%00%(upstream:short)%00%(objectname)%00%(upstream:track)%00%(upstream:remotename)%00%(upstream:remoteref) refs/heads/main refs/remotes/main [1ms]
2024-12-30 19:50:09.553 [warning] [Git][revParse] Unable to read file: ENOENT: no such file or directory, open '/home/jordan/Documents/docs/.git/refs/remotes/origin/main'
2024-12-30 19:50:09.554 [info] > git rev-parse refs/remotes/origin/main [1ms]
2024-12-30 19:50:09.565 [info] > git status -z -uall [6ms]
2024-12-30 19:50:09.566 [info] > git for-each-ref --sort -committerdate --format %(refname) %(objectname) %(*objectname) [1ms]
