2025-01-01 07:18:45.823 [info] Extension host with pid 72821 started
2025-01-01 07:18:45.823 [info] Skipping acquiring lock for /home/jordan/.config/VSCodium/User/workspaceStorage/dc3b9073849298492d15542e7bdb4449.
2025-01-01 07:18:45.917 [info] ExtensionService#_doActivateExtension vscode.emmet, startup: false, activationEvent: 'onLanguage'
2025-01-01 07:18:46.008 [info] ExtensionService#_doActivateExtension vscode.git-base, startup: true, activationEvent: '*', root cause: vscode.git
2025-01-01 07:18:46.011 [info] ExtensionService#_doActivateExtension vscode.npm, startup: true, activationEvent: 'workspaceContains:package.json'
2025-01-01 07:18:46.054 [info] ExtensionService#_doActivateExtension vscode.git, startup: true, activationEvent: '*'
2025-01-01 07:18:46.136 [info] ExtensionService#_doActivateExtension vscode.github, startup: true, activationEvent: '*'
2025-01-01 07:18:46.234 [info] Eager extensions activated
2025-01-01 07:18:46.287 [info] ExtensionService#_doActivateExtension vscode.debug-auto-launch, startup: false, activationEvent: 'onStartupFinished'
2025-01-01 07:18:46.289 [info] ExtensionService#_doActivateExtension vscode.merge-conflict, startup: false, activationEvent: 'onStartupFinished'
2025-01-01 07:18:46.305 [info] ExtensionService#_doActivateExtension cweijan.vscode-mysql-client2, startup: false, activationEvent: 'onStartupFinished'
2025-01-01 07:18:46.661 [info] ExtensionService#_doActivateExtension esbenp.prettier-vscode, startup: false, activationEvent: 'onStartupFinished'
2025-01-01 07:18:46.730 [info] ExtensionService#_doActivateExtension vscode.github-authentication, startup: false, activationEvent: 'onStartupFinished', root cause: GitHub.vscode-pull-request-github
2025-01-01 07:18:46.753 [info] ExtensionService#_doActivateExtension PKief.material-icon-theme, startup: false, activationEvent: 'onStartupFinished'
2025-01-01 07:18:46.900 [info] ExtensionService#_doActivateExtension GitHub.vscode-pull-request-github, startup: false, activationEvent: 'onStartupFinished'
2025-01-01 07:18:46.996 [info] ExtensionService#_doActivateExtension vscode.configuration-editing, startup: false, activationEvent: 'onLanguage:jsonc'
2025-01-01 07:18:47.005 [info] ExtensionService#_doActivateExtension vscode.json-language-features, startup: false, activationEvent: 'onLanguage:jsonc'
2025-01-01 07:18:47.047 [info] ExtensionService#_doActivateExtension vscode.typescript-language-features, startup: false, activationEvent: 'onLanguage:jsonc'
2025-01-01 07:18:52.143 [info] ExtensionService#_doActivateExtension vscode.extension-editing, startup: false, activationEvent: 'onLanguage:json'
2025-01-01 07:20:53.272 [info] ExtensionService#_doActivateExtension vscode.markdown-language-features, startup: false, activationEvent: 'onLanguage:markdown'
2025-01-01 07:20:53.655 [info] ExtensionService#_doActivateExtension vscode.markdown-math, startup: false, activationEvent: 'api', root cause: vscode.markdown-language-features
2025-01-01 07:29:47.974 [warning] [Decorations] CAPPING events from decorations provider vscode.git 6977
2025-01-01 07:32:11.951 [warning] [Decorations] CAPPING events from decorations provider vscode.git 6978
2025-01-01 07:32:22.903 [warning] [Decorations] CAPPING events from decorations provider vscode.git 6978
2025-01-01 07:32:23.992 [warning] [Decorations] CAPPING events from decorations provider vscode.git 6978
2025-01-01 07:32:37.886 [warning] [Decorations] CAPPING events from decorations provider vscode.git 6978
2025-01-01 07:44:56.789 [info] ExtensionService#_doActivateExtension vscode.simple-browser, startup: false, activationEvent: 'onOpenExternalUri:http'
2025-01-01 07:51:10.086 [warning] [Decorations] CAPPING events from decorations provider vscode.git 1670
2025-01-01 07:51:34.287 [warning] [Decorations] CAPPING events from decorations provider vscode.git 1656
2025-01-01 07:51:38.476 [warning] [Decorations] CAPPING events from decorations provider vscode.git 1642
2025-01-01 07:52:02.155 [warning] [Decorations] CAPPING events from decorations provider vscode.git 1642
2025-01-01 07:52:07.831 [warning] [Decorations] CAPPING events from decorations provider vscode.git 1642
2025-01-01 07:52:08.972 [warning] [Decorations] CAPPING events from decorations provider vscode.git 1642
2025-01-01 07:52:18.708 [warning] [Decorations] CAPPING events from decorations provider vscode.git 1642
2025-01-01 07:52:47.375 [warning] [Decorations] CAPPING events from decorations provider vscode.git 8605
2025-01-01 07:52:55.909 [warning] [Decorations] CAPPING events from decorations provider vscode.git 8611
2025-01-01 07:53:16.062 [warning] [Decorations] CAPPING events from decorations provider vscode.git 8611
2025-01-01 07:56:14.347 [warning] [Decorations] CAPPING events from decorations provider vscode.git 8607
2025-01-01 07:56:17.864 [warning] [Decorations] CAPPING events from decorations provider vscode.git 8607
2025-01-01 07:57:00.424 [info] Extension host terminating: renderer closed the MessagePort
2025-01-01 07:57:00.445 [error] Canceled: Canceled
	at new D3 (file:///nix/store/lcc8767cmnjrz8mpfm0pir5dzv5hw73i-vscodium-1.96.2.24355/lib/vscode/resources/app/out/vs/workbench/api/node/extensionHostProcess.js:32:118193)
	at Py._remoteCall (file:///nix/store/lcc8767cmnjrz8mpfm0pir5dzv5hw73i-vscodium-1.96.2.24355/lib/vscode/resources/app/out/vs/workbench/api/node/extensionHostProcess.js:32:124487)
	at s.<computed>.n.charCodeAt.s.<computed> (file:///nix/store/lcc8767cmnjrz8mpfm0pir5dzv5hw73i-vscodium-1.96.2.24355/lib/vscode/resources/app/out/vs/workbench/api/node/extensionHostProcess.js:32:121246)
	at l0._doExecuteCommand (file:///nix/store/lcc8767cmnjrz8mpfm0pir5dzv5hw73i-vscodium-1.96.2.24355/lib/vscode/resources/app/out/vs/workbench/api/node/extensionHostProcess.js:115:38451)
	at l0.executeCommand (file:///nix/store/lcc8767cmnjrz8mpfm0pir5dzv5hw73i-vscodium-1.96.2.24355/lib/vscode/resources/app/out/vs/workbench/api/node/extensionHostProcess.js:115:37890)
	at r.registerCommand.description (file:///nix/store/lcc8767cmnjrz8mpfm0pir5dzv5hw73i-vscodium-1.96.2.24355/lib/vscode/resources/app/out/vs/workbench/api/node/extensionHostProcess.js:115:37154)
	at l0._executeContributedCommand (file:///nix/store/lcc8767cmnjrz8mpfm0pir5dzv5hw73i-vscodium-1.96.2.24355/lib/vscode/resources/app/out/vs/workbench/api/node/extensionHostProcess.js:115:39020)
	at l0._doExecuteCommand (file:///nix/store/lcc8767cmnjrz8mpfm0pir5dzv5hw73i-vscodium-1.96.2.24355/lib/vscode/resources/app/out/vs/workbench/api/node/extensionHostProcess.js:115:38023)
	at l0.executeCommand (file:///nix/store/lcc8767cmnjrz8mpfm0pir5dzv5hw73i-vscodium-1.96.2.24355/lib/vscode/resources/app/out/vs/workbench/api/node/extensionHostProcess.js:115:37890)
	at Object.executeCommand (file:///nix/store/lcc8767cmnjrz8mpfm0pir5dzv5hw73i-vscodium-1.96.2.24355/lib/vscode/resources/app/out/vs/workbench/api/node/extensionHostProcess.js:157:42391)
	at xh.L [as value] (/nix/store/lcc8767cmnjrz8mpfm0pir5dzv5hw73i-vscodium-1.96.2.24355/lib/vscode/resources/app/extensions/git/dist/main.js:2:975661)
	at I._deliver (file:///nix/store/lcc8767cmnjrz8mpfm0pir5dzv5hw73i-vscodium-1.96.2.24355/lib/vscode/resources/app/out/vs/workbench/api/node/extensionHostProcess.js:30:922)
	at I._deliverQueue (file:///nix/store/lcc8767cmnjrz8mpfm0pir5dzv5hw73i-vscodium-1.96.2.24355/lib/vscode/resources/app/out/vs/workbench/api/node/extensionHostProcess.js:30:1013)
	at I.fire (file:///nix/store/lcc8767cmnjrz8mpfm0pir5dzv5hw73i-vscodium-1.96.2.24355/lib/vscode/resources/app/out/vs/workbench/api/node/extensionHostProcess.js:30:1349)
	at Object.p [as dispose] (/nix/store/lcc8767cmnjrz8mpfm0pir5dzv5hw73i-vscodium-1.96.2.24355/lib/vscode/resources/app/extensions/git/dist/main.js:2:997218)
	at /nix/store/lcc8767cmnjrz8mpfm0pir5dzv5hw73i-vscodium-1.96.2.24355/lib/vscode/resources/app/extensions/git/dist/main.js:2:1003340
	at Array.forEach (<anonymous>)
	at b.dispose (/nix/store/lcc8767cmnjrz8mpfm0pir5dzv5hw73i-vscodium-1.96.2.24355/lib/vscode/resources/app/extensions/git/dist/main.js:2:1003326)
	at e1.<anonymous> (file:///nix/store/lcc8767cmnjrz8mpfm0pir5dzv5hw73i-vscodium-1.96.2.24355/lib/vscode/resources/app/out/vs/workbench/api/node/extensionHostProcess.js:109:21508)
	at e1.dispose (file:///nix/store/lcc8767cmnjrz8mpfm0pir5dzv5hw73i-vscodium-1.96.2.24355/lib/vscode/resources/app/out/vs/workbench/api/node/extensionHostProcess.js:109:21604)
	at e1.<anonymous> (/nix/store/lcc8767cmnjrz8mpfm0pir5dzv5hw73i-vscodium-1.96.2.24355/lib/vscode/resources/app/extensions/git/dist/main.js:2:978140)
	at e1.dispose (file:///nix/store/lcc8767cmnjrz8mpfm0pir5dzv5hw73i-vscodium-1.96.2.24355/lib/vscode/resources/app/out/vs/workbench/api/node/extensionHostProcess.js:109:21604)
	at ai (file:///nix/store/lcc8767cmnjrz8mpfm0pir5dzv5hw73i-vscodium-1.96.2.24355/lib/vscode/resources/app/out/vs/workbench/api/node/extensionHostProcess.js:25:699)
	at file:///nix/store/lcc8767cmnjrz8mpfm0pir5dzv5hw73i-vscodium-1.96.2.24355/lib/vscode/resources/app/out/vs/workbench/api/node/extensionHostProcess.js:119:18392
	at file:///nix/store/lcc8767cmnjrz8mpfm0pir5dzv5hw73i-vscodium-1.96.2.24355/lib/vscode/resources/app/out/vs/workbench/api/node/extensionHostProcess.js:25:1009
	at Object.dispose (file:///nix/store/lcc8767cmnjrz8mpfm0pir5dzv5hw73i-vscodium-1.96.2.24355/lib/vscode/resources/app/out/vs/workbench/api/node/extensionHostProcess.js:8:705)
	at VV._deactivate (file:///nix/store/lcc8767cmnjrz8mpfm0pir5dzv5hw73i-vscodium-1.96.2.24355/lib/vscode/resources/app/out/vs/workbench/api/node/extensionHostProcess.js:119:14727)
	at file:///nix/store/lcc8767cmnjrz8mpfm0pir5dzv5hw73i-vscodium-1.96.2.24355/lib/vscode/resources/app/out/vs/workbench/api/node/extensionHostProcess.js:119:12013
	at Array.map (<anonymous>)
	at VV._deactivateAll (file:///nix/store/lcc8767cmnjrz8mpfm0pir5dzv5hw73i-vscodium-1.96.2.24355/lib/vscode/resources/app/out/vs/workbench/api/node/extensionHostProcess.js:119:12001)
	at VV.terminate (file:///nix/store/lcc8767cmnjrz8mpfm0pir5dzv5hw73i-vscodium-1.96.2.24355/lib/vscode/resources/app/out/vs/workbench/api/node/extensionHostProcess.js:119:12354)
	at XT.terminate (file:///nix/store/lcc8767cmnjrz8mpfm0pir5dzv5hw73i-vscodium-1.96.2.24355/lib/vscode/resources/app/out/vs/workbench/api/node/extensionHostProcess.js:120:1592)
	at Zi (file:///nix/store/lcc8767cmnjrz8mpfm0pir5dzv5hw73i-vscodium-1.96.2.24355/lib/vscode/resources/app/out/vs/workbench/api/node/extensionHostProcess.js:175:16313)
	at MessagePortMain.<anonymous> (file:///nix/store/lcc8767cmnjrz8mpfm0pir5dzv5hw73i-vscodium-1.96.2.24355/lib/vscode/resources/app/out/vs/workbench/api/node/extensionHostProcess.js:175:12769)
	at MessagePortMain.emit (node:events:518:28)
	at MessagePortMain._internalPort.emit (node:electron/js2c/utility_init:2:2949) setContext undefined
2025-01-01 07:57:00.446 [error] Canceled: Canceled
	at new D3 (file:///nix/store/lcc8767cmnjrz8mpfm0pir5dzv5hw73i-vscodium-1.96.2.24355/lib/vscode/resources/app/out/vs/workbench/api/node/extensionHostProcess.js:32:118193)
	at Py._remoteCall (file:///nix/store/lcc8767cmnjrz8mpfm0pir5dzv5hw73i-vscodium-1.96.2.24355/lib/vscode/resources/app/out/vs/workbench/api/node/extensionHostProcess.js:32:124487)
	at s.<computed>.n.charCodeAt.s.<computed> (file:///nix/store/lcc8767cmnjrz8mpfm0pir5dzv5hw73i-vscodium-1.96.2.24355/lib/vscode/resources/app/out/vs/workbench/api/node/extensionHostProcess.js:32:121246)
	at l0._doExecuteCommand (file:///nix/store/lcc8767cmnjrz8mpfm0pir5dzv5hw73i-vscodium-1.96.2.24355/lib/vscode/resources/app/out/vs/workbench/api/node/extensionHostProcess.js:115:38451)
	at l0.executeCommand (file:///nix/store/lcc8767cmnjrz8mpfm0pir5dzv5hw73i-vscodium-1.96.2.24355/lib/vscode/resources/app/out/vs/workbench/api/node/extensionHostProcess.js:115:37890)
	at r.registerCommand.description (file:///nix/store/lcc8767cmnjrz8mpfm0pir5dzv5hw73i-vscodium-1.96.2.24355/lib/vscode/resources/app/out/vs/workbench/api/node/extensionHostProcess.js:115:37154)
	at l0._executeContributedCommand (file:///nix/store/lcc8767cmnjrz8mpfm0pir5dzv5hw73i-vscodium-1.96.2.24355/lib/vscode/resources/app/out/vs/workbench/api/node/extensionHostProcess.js:115:39020)
	at l0._doExecuteCommand (file:///nix/store/lcc8767cmnjrz8mpfm0pir5dzv5hw73i-vscodium-1.96.2.24355/lib/vscode/resources/app/out/vs/workbench/api/node/extensionHostProcess.js:115:38023)
	at l0.executeCommand (file:///nix/store/lcc8767cmnjrz8mpfm0pir5dzv5hw73i-vscodium-1.96.2.24355/lib/vscode/resources/app/out/vs/workbench/api/node/extensionHostProcess.js:115:37890)
	at Object.executeCommand (file:///nix/store/lcc8767cmnjrz8mpfm0pir5dzv5hw73i-vscodium-1.96.2.24355/lib/vscode/resources/app/out/vs/workbench/api/node/extensionHostProcess.js:157:42391)
	at set hasGitHubRepositories (/nix/store/lcc8767cmnjrz8mpfm0pir5dzv5hw73i-vscodium-1.96.2.24355/lib/vscode/resources/app/extensions/github/dist/extension.js:2:328582)
	at /nix/store/lcc8767cmnjrz8mpfm0pir5dzv5hw73i-vscodium-1.96.2.24355/lib/vscode/resources/app/extensions/github/dist/extension.js:2:329541
	at xh.value (/nix/store/lcc8767cmnjrz8mpfm0pir5dzv5hw73i-vscodium-1.96.2.24355/lib/vscode/resources/app/extensions/git/dist/main.js:2:1088522)
	at I._deliver (file:///nix/store/lcc8767cmnjrz8mpfm0pir5dzv5hw73i-vscodium-1.96.2.24355/lib/vscode/resources/app/out/vs/workbench/api/node/extensionHostProcess.js:30:922)
	at I._deliverQueue (file:///nix/store/lcc8767cmnjrz8mpfm0pir5dzv5hw73i-vscodium-1.96.2.24355/lib/vscode/resources/app/out/vs/workbench/api/node/extensionHostProcess.js:30:1013)
	at I.fire (file:///nix/store/lcc8767cmnjrz8mpfm0pir5dzv5hw73i-vscodium-1.96.2.24355/lib/vscode/resources/app/out/vs/workbench/api/node/extensionHostProcess.js:30:1349)
	at Object.p [as dispose] (/nix/store/lcc8767cmnjrz8mpfm0pir5dzv5hw73i-vscodium-1.96.2.24355/lib/vscode/resources/app/extensions/git/dist/main.js:2:997218)
	at /nix/store/lcc8767cmnjrz8mpfm0pir5dzv5hw73i-vscodium-1.96.2.24355/lib/vscode/resources/app/extensions/git/dist/main.js:2:1003340
	at Array.forEach (<anonymous>)
	at b.dispose (/nix/store/lcc8767cmnjrz8mpfm0pir5dzv5hw73i-vscodium-1.96.2.24355/lib/vscode/resources/app/extensions/git/dist/main.js:2:1003326)
	at e1.<anonymous> (file:///nix/store/lcc8767cmnjrz8mpfm0pir5dzv5hw73i-vscodium-1.96.2.24355/lib/vscode/resources/app/out/vs/workbench/api/node/extensionHostProcess.js:109:21508)
	at e1.dispose (file:///nix/store/lcc8767cmnjrz8mpfm0pir5dzv5hw73i-vscodium-1.96.2.24355/lib/vscode/resources/app/out/vs/workbench/api/node/extensionHostProcess.js:109:21604)
	at e1.<anonymous> (/nix/store/lcc8767cmnjrz8mpfm0pir5dzv5hw73i-vscodium-1.96.2.24355/lib/vscode/resources/app/extensions/git/dist/main.js:2:978140)
	at e1.dispose (file:///nix/store/lcc8767cmnjrz8mpfm0pir5dzv5hw73i-vscodium-1.96.2.24355/lib/vscode/resources/app/out/vs/workbench/api/node/extensionHostProcess.js:109:21604)
	at ai (file:///nix/store/lcc8767cmnjrz8mpfm0pir5dzv5hw73i-vscodium-1.96.2.24355/lib/vscode/resources/app/out/vs/workbench/api/node/extensionHostProcess.js:25:699)
	at file:///nix/store/lcc8767cmnjrz8mpfm0pir5dzv5hw73i-vscodium-1.96.2.24355/lib/vscode/resources/app/out/vs/workbench/api/node/extensionHostProcess.js:119:18392
	at file:///nix/store/lcc8767cmnjrz8mpfm0pir5dzv5hw73i-vscodium-1.96.2.24355/lib/vscode/resources/app/out/vs/workbench/api/node/extensionHostProcess.js:25:1009
	at Object.dispose (file:///nix/store/lcc8767cmnjrz8mpfm0pir5dzv5hw73i-vscodium-1.96.2.24355/lib/vscode/resources/app/out/vs/workbench/api/node/extensionHostProcess.js:8:705)
	at VV._deactivate (file:///nix/store/lcc8767cmnjrz8mpfm0pir5dzv5hw73i-vscodium-1.96.2.24355/lib/vscode/resources/app/out/vs/workbench/api/node/extensionHostProcess.js:119:14727)
	at file:///nix/store/lcc8767cmnjrz8mpfm0pir5dzv5hw73i-vscodium-1.96.2.24355/lib/vscode/resources/app/out/vs/workbench/api/node/extensionHostProcess.js:119:12013
	at Array.map (<anonymous>)
	at VV._deactivateAll (file:///nix/store/lcc8767cmnjrz8mpfm0pir5dzv5hw73i-vscodium-1.96.2.24355/lib/vscode/resources/app/out/vs/workbench/api/node/extensionHostProcess.js:119:12001)
	at VV.terminate (file:///nix/store/lcc8767cmnjrz8mpfm0pir5dzv5hw73i-vscodium-1.96.2.24355/lib/vscode/resources/app/out/vs/workbench/api/node/extensionHostProcess.js:119:12354)
	at XT.terminate (file:///nix/store/lcc8767cmnjrz8mpfm0pir5dzv5hw73i-vscodium-1.96.2.24355/lib/vscode/resources/app/out/vs/workbench/api/node/extensionHostProcess.js:120:1592)
	at Zi (file:///nix/store/lcc8767cmnjrz8mpfm0pir5dzv5hw73i-vscodium-1.96.2.24355/lib/vscode/resources/app/out/vs/workbench/api/node/extensionHostProcess.js:175:16313)
	at MessagePortMain.<anonymous> (file:///nix/store/lcc8767cmnjrz8mpfm0pir5dzv5hw73i-vscodium-1.96.2.24355/lib/vscode/resources/app/out/vs/workbench/api/node/extensionHostProcess.js:175:12769)
	at MessagePortMain.emit (node:events:518:28)
	at MessagePortMain._internalPort.emit (node:electron/js2c/utility_init:2:2949) setContext undefined
2025-01-01 07:57:00.448 [error] Canceled: Canceled
	at new D3 (file:///nix/store/lcc8767cmnjrz8mpfm0pir5dzv5hw73i-vscodium-1.96.2.24355/lib/vscode/resources/app/out/vs/workbench/api/node/extensionHostProcess.js:32:118193)
	at Py._remoteCall (file:///nix/store/lcc8767cmnjrz8mpfm0pir5dzv5hw73i-vscodium-1.96.2.24355/lib/vscode/resources/app/out/vs/workbench/api/node/extensionHostProcess.js:32:124487)
	at s.<computed>.n.charCodeAt.s.<computed> (file:///nix/store/lcc8767cmnjrz8mpfm0pir5dzv5hw73i-vscodium-1.96.2.24355/lib/vscode/resources/app/out/vs/workbench/api/node/extensionHostProcess.js:32:121246)
	at l0._doExecuteCommand (file:///nix/store/lcc8767cmnjrz8mpfm0pir5dzv5hw73i-vscodium-1.96.2.24355/lib/vscode/resources/app/out/vs/workbench/api/node/extensionHostProcess.js:115:38451)
	at l0.executeCommand (file:///nix/store/lcc8767cmnjrz8mpfm0pir5dzv5hw73i-vscodium-1.96.2.24355/lib/vscode/resources/app/out/vs/workbench/api/node/extensionHostProcess.js:115:37890)
	at r.registerCommand.description (file:///nix/store/lcc8767cmnjrz8mpfm0pir5dzv5hw73i-vscodium-1.96.2.24355/lib/vscode/resources/app/out/vs/workbench/api/node/extensionHostProcess.js:115:37154)
	at l0._executeContributedCommand (file:///nix/store/lcc8767cmnjrz8mpfm0pir5dzv5hw73i-vscodium-1.96.2.24355/lib/vscode/resources/app/out/vs/workbench/api/node/extensionHostProcess.js:115:39020)
	at l0._doExecuteCommand (file:///nix/store/lcc8767cmnjrz8mpfm0pir5dzv5hw73i-vscodium-1.96.2.24355/lib/vscode/resources/app/out/vs/workbench/api/node/extensionHostProcess.js:115:38023)
	at l0.executeCommand (file:///nix/store/lcc8767cmnjrz8mpfm0pir5dzv5hw73i-vscodium-1.96.2.24355/lib/vscode/resources/app/out/vs/workbench/api/node/extensionHostProcess.js:115:37890)
	at Object.executeCommand (file:///nix/store/lcc8767cmnjrz8mpfm0pir5dzv5hw73i-vscodium-1.96.2.24355/lib/vscode/resources/app/out/vs/workbench/api/node/extensionHostProcess.js:157:42391)
	at e (/home/jordan/.vscode-oss/extensions/github.vscode-pull-request-github-0.102.0-universal/dist/extension.js:2138:2059)
	at Object.i [as setContext] (/home/jordan/.vscode-oss/extensions/github.vscode-pull-request-github-0.102.0-universal/dist/extension.js:2138:2174)
	at Gm.updateActiveReviewCount (/home/jordan/.vscode-oss/extensions/github.vscode-pull-request-github-0.102.0-universal/dist/extension.js:2214:23876)
	at Gm.removeRepo (/home/jordan/.vscode-oss/extensions/github.vscode-pull-request-github-0.102.0-universal/dist/extension.js:2214:25061)
	at xh.value (/home/jordan/.vscode-oss/extensions/github.vscode-pull-request-github-0.102.0-universal/dist/extension.js:2546:4266)
	at I._deliver (file:///nix/store/lcc8767cmnjrz8mpfm0pir5dzv5hw73i-vscodium-1.96.2.24355/lib/vscode/resources/app/out/vs/workbench/api/node/extensionHostProcess.js:30:922)
	at I._deliverQueue (file:///nix/store/lcc8767cmnjrz8mpfm0pir5dzv5hw73i-vscodium-1.96.2.24355/lib/vscode/resources/app/out/vs/workbench/api/node/extensionHostProcess.js:30:1013)
	at I.fire (file:///nix/store/lcc8767cmnjrz8mpfm0pir5dzv5hw73i-vscodium-1.96.2.24355/lib/vscode/resources/app/out/vs/workbench/api/node/extensionHostProcess.js:30:1349)
	at xh.value (/home/jordan/.vscode-oss/extensions/github.vscode-pull-request-github-0.102.0-universal/dist/extension.js:2105:444616)
	at I._deliver (file:///nix/store/lcc8767cmnjrz8mpfm0pir5dzv5hw73i-vscodium-1.96.2.24355/lib/vscode/resources/app/out/vs/workbench/api/node/extensionHostProcess.js:30:922)
	at I.fire (file:///nix/store/lcc8767cmnjrz8mpfm0pir5dzv5hw73i-vscodium-1.96.2.24355/lib/vscode/resources/app/out/vs/workbench/api/node/extensionHostProcess.js:30:1242)
	at /home/jordan/.vscode-oss/extensions/github.vscode-pull-request-github-0.102.0-universal/dist/extension.js:2214:28821
	at xh.value (/nix/store/lcc8767cmnjrz8mpfm0pir5dzv5hw73i-vscodium-1.96.2.24355/lib/vscode/resources/app/extensions/git/dist/main.js:2:1088522)
	at I._deliver (file:///nix/store/lcc8767cmnjrz8mpfm0pir5dzv5hw73i-vscodium-1.96.2.24355/lib/vscode/resources/app/out/vs/workbench/api/node/extensionHostProcess.js:30:922)
	at I._deliverQueue (file:///nix/store/lcc8767cmnjrz8mpfm0pir5dzv5hw73i-vscodium-1.96.2.24355/lib/vscode/resources/app/out/vs/workbench/api/node/extensionHostProcess.js:30:1013)
	at I.fire (file:///nix/store/lcc8767cmnjrz8mpfm0pir5dzv5hw73i-vscodium-1.96.2.24355/lib/vscode/resources/app/out/vs/workbench/api/node/extensionHostProcess.js:30:1349)
	at Object.p [as dispose] (/nix/store/lcc8767cmnjrz8mpfm0pir5dzv5hw73i-vscodium-1.96.2.24355/lib/vscode/resources/app/extensions/git/dist/main.js:2:997218)
	at /nix/store/lcc8767cmnjrz8mpfm0pir5dzv5hw73i-vscodium-1.96.2.24355/lib/vscode/resources/app/extensions/git/dist/main.js:2:1003340
	at Array.forEach (<anonymous>)
	at b.dispose (/nix/store/lcc8767cmnjrz8mpfm0pir5dzv5hw73i-vscodium-1.96.2.24355/lib/vscode/resources/app/extensions/git/dist/main.js:2:1003326)
	at e1.<anonymous> (file:///nix/store/lcc8767cmnjrz8mpfm0pir5dzv5hw73i-vscodium-1.96.2.24355/lib/vscode/resources/app/out/vs/workbench/api/node/extensionHostProcess.js:109:21508)
	at e1.dispose (file:///nix/store/lcc8767cmnjrz8mpfm0pir5dzv5hw73i-vscodium-1.96.2.24355/lib/vscode/resources/app/out/vs/workbench/api/node/extensionHostProcess.js:109:21604)
	at e1.<anonymous> (/nix/store/lcc8767cmnjrz8mpfm0pir5dzv5hw73i-vscodium-1.96.2.24355/lib/vscode/resources/app/extensions/git/dist/main.js:2:978140)
	at e1.dispose (file:///nix/store/lcc8767cmnjrz8mpfm0pir5dzv5hw73i-vscodium-1.96.2.24355/lib/vscode/resources/app/out/vs/workbench/api/node/extensionHostProcess.js:109:21604)
	at ai (file:///nix/store/lcc8767cmnjrz8mpfm0pir5dzv5hw73i-vscodium-1.96.2.24355/lib/vscode/resources/app/out/vs/workbench/api/node/extensionHostProcess.js:25:699)
	at file:///nix/store/lcc8767cmnjrz8mpfm0pir5dzv5hw73i-vscodium-1.96.2.24355/lib/vscode/resources/app/out/vs/workbench/api/node/extensionHostProcess.js:119:18392
	at file:///nix/store/lcc8767cmnjrz8mpfm0pir5dzv5hw73i-vscodium-1.96.2.24355/lib/vscode/resources/app/out/vs/workbench/api/node/extensionHostProcess.js:25:1009
	at Object.dispose (file:///nix/store/lcc8767cmnjrz8mpfm0pir5dzv5hw73i-vscodium-1.96.2.24355/lib/vscode/resources/app/out/vs/workbench/api/node/extensionHostProcess.js:8:705)
	at VV._deactivate (file:///nix/store/lcc8767cmnjrz8mpfm0pir5dzv5hw73i-vscodium-1.96.2.24355/lib/vscode/resources/app/out/vs/workbench/api/node/extensionHostProcess.js:119:14727)
	at file:///nix/store/lcc8767cmnjrz8mpfm0pir5dzv5hw73i-vscodium-1.96.2.24355/lib/vscode/resources/app/out/vs/workbench/api/node/extensionHostProcess.js:119:12013
	at Array.map (<anonymous>)
	at VV._deactivateAll (file:///nix/store/lcc8767cmnjrz8mpfm0pir5dzv5hw73i-vscodium-1.96.2.24355/lib/vscode/resources/app/out/vs/workbench/api/node/extensionHostProcess.js:119:12001)
	at VV.terminate (file:///nix/store/lcc8767cmnjrz8mpfm0pir5dzv5hw73i-vscodium-1.96.2.24355/lib/vscode/resources/app/out/vs/workbench/api/node/extensionHostProcess.js:119:12354)
	at XT.terminate (file:///nix/store/lcc8767cmnjrz8mpfm0pir5dzv5hw73i-vscodium-1.96.2.24355/lib/vscode/resources/app/out/vs/workbench/api/node/extensionHostProcess.js:120:1592)
	at Zi (file:///nix/store/lcc8767cmnjrz8mpfm0pir5dzv5hw73i-vscodium-1.96.2.24355/lib/vscode/resources/app/out/vs/workbench/api/node/extensionHostProcess.js:175:16313)
	at MessagePortMain.<anonymous> (file:///nix/store/lcc8767cmnjrz8mpfm0pir5dzv5hw73i-vscodium-1.96.2.24355/lib/vscode/resources/app/out/vs/workbench/api/node/extensionHostProcess.js:175:12769)
	at MessagePortMain.emit (node:events:518:28)
	at MessagePortMain._internalPort.emit (node:electron/js2c/utility_init:2:2949) setContext undefined
2025-01-01 07:57:00.449 [error] Canceled: Canceled
	at new D3 (file:///nix/store/lcc8767cmnjrz8mpfm0pir5dzv5hw73i-vscodium-1.96.2.24355/lib/vscode/resources/app/out/vs/workbench/api/node/extensionHostProcess.js:32:118193)
	at Py._remoteCall (file:///nix/store/lcc8767cmnjrz8mpfm0pir5dzv5hw73i-vscodium-1.96.2.24355/lib/vscode/resources/app/out/vs/workbench/api/node/extensionHostProcess.js:32:124487)
	at s.<computed>.n.charCodeAt.s.<computed> (file:///nix/store/lcc8767cmnjrz8mpfm0pir5dzv5hw73i-vscodium-1.96.2.24355/lib/vscode/resources/app/out/vs/workbench/api/node/extensionHostProcess.js:32:121246)
	at l0._doExecuteCommand (file:///nix/store/lcc8767cmnjrz8mpfm0pir5dzv5hw73i-vscodium-1.96.2.24355/lib/vscode/resources/app/out/vs/workbench/api/node/extensionHostProcess.js:115:38451)
	at l0.executeCommand (file:///nix/store/lcc8767cmnjrz8mpfm0pir5dzv5hw73i-vscodium-1.96.2.24355/lib/vscode/resources/app/out/vs/workbench/api/node/extensionHostProcess.js:115:37890)
	at r.registerCommand.description (file:///nix/store/lcc8767cmnjrz8mpfm0pir5dzv5hw73i-vscodium-1.96.2.24355/lib/vscode/resources/app/out/vs/workbench/api/node/extensionHostProcess.js:115:37154)
	at l0._executeContributedCommand (file:///nix/store/lcc8767cmnjrz8mpfm0pir5dzv5hw73i-vscodium-1.96.2.24355/lib/vscode/resources/app/out/vs/workbench/api/node/extensionHostProcess.js:115:39020)
	at l0._doExecuteCommand (file:///nix/store/lcc8767cmnjrz8mpfm0pir5dzv5hw73i-vscodium-1.96.2.24355/lib/vscode/resources/app/out/vs/workbench/api/node/extensionHostProcess.js:115:38023)
	at l0.executeCommand (file:///nix/store/lcc8767cmnjrz8mpfm0pir5dzv5hw73i-vscodium-1.96.2.24355/lib/vscode/resources/app/out/vs/workbench/api/node/extensionHostProcess.js:115:37890)
	at Object.executeCommand (file:///nix/store/lcc8767cmnjrz8mpfm0pir5dzv5hw73i-vscodium-1.96.2.24355/lib/vscode/resources/app/out/vs/workbench/api/node/extensionHostProcess.js:157:42391)
	at e (/home/jordan/.vscode-oss/extensions/github.vscode-pull-request-github-0.102.0-universal/dist/extension.js:2138:2059)
	at Object.i [as setContext] (/home/jordan/.vscode-oss/extensions/github.vscode-pull-request-github-0.102.0-universal/dist/extension.js:2138:2174)
	at Yh.setReviewModeContexts (/home/jordan/.vscode-oss/extensions/github.vscode-pull-request-github-0.102.0-universal/dist/extension.js:2533:18902)
	at Yh.removePrFromView (/home/jordan/.vscode-oss/extensions/github.vscode-pull-request-github-0.102.0-universal/dist/extension.js:2533:19529)
	at vf.clear (/home/jordan/.vscode-oss/extensions/github.vscode-pull-request-github-0.102.0-universal/dist/extension.js:2195:10444)
	at vf.dispose (/home/jordan/.vscode-oss/extensions/github.vscode-pull-request-github-0.102.0-universal/dist/extension.js:2197:188)
	at rf.removeReviewManager (/home/jordan/.vscode-oss/extensions/github.vscode-pull-request-github-0.102.0-universal/dist/extension.js:2533:50497)
	at xh.value (/home/jordan/.vscode-oss/extensions/github.vscode-pull-request-github-0.102.0-universal/dist/extension.js:2546:4283)
	at I._deliver (file:///nix/store/lcc8767cmnjrz8mpfm0pir5dzv5hw73i-vscodium-1.96.2.24355/lib/vscode/resources/app/out/vs/workbench/api/node/extensionHostProcess.js:30:922)
	at I._deliverQueue (file:///nix/store/lcc8767cmnjrz8mpfm0pir5dzv5hw73i-vscodium-1.96.2.24355/lib/vscode/resources/app/out/vs/workbench/api/node/extensionHostProcess.js:30:1013)
	at I.fire (file:///nix/store/lcc8767cmnjrz8mpfm0pir5dzv5hw73i-vscodium-1.96.2.24355/lib/vscode/resources/app/out/vs/workbench/api/node/extensionHostProcess.js:30:1349)
	at xh.value (/home/jordan/.vscode-oss/extensions/github.vscode-pull-request-github-0.102.0-universal/dist/extension.js:2105:444616)
	at I._deliver (file:///nix/store/lcc8767cmnjrz8mpfm0pir5dzv5hw73i-vscodium-1.96.2.24355/lib/vscode/resources/app/out/vs/workbench/api/node/extensionHostProcess.js:30:922)
	at I.fire (file:///nix/store/lcc8767cmnjrz8mpfm0pir5dzv5hw73i-vscodium-1.96.2.24355/lib/vscode/resources/app/out/vs/workbench/api/node/extensionHostProcess.js:30:1242)
	at /home/jordan/.vscode-oss/extensions/github.vscode-pull-request-github-0.102.0-universal/dist/extension.js:2214:28821
	at xh.value (/nix/store/lcc8767cmnjrz8mpfm0pir5dzv5hw73i-vscodium-1.96.2.24355/lib/vscode/resources/app/extensions/git/dist/main.js:2:1088522)
	at I._deliver (file:///nix/store/lcc8767cmnjrz8mpfm0pir5dzv5hw73i-vscodium-1.96.2.24355/lib/vscode/resources/app/out/vs/workbench/api/node/extensionHostProcess.js:30:922)
	at I._deliverQueue (file:///nix/store/lcc8767cmnjrz8mpfm0pir5dzv5hw73i-vscodium-1.96.2.24355/lib/vscode/resources/app/out/vs/workbench/api/node/extensionHostProcess.js:30:1013)
	at I.fire (file:///nix/store/lcc8767cmnjrz8mpfm0pir5dzv5hw73i-vscodium-1.96.2.24355/lib/vscode/resources/app/out/vs/workbench/api/node/extensionHostProcess.js:30:1349)
	at Object.p [as dispose] (/nix/store/lcc8767cmnjrz8mpfm0pir5dzv5hw73i-vscodium-1.96.2.24355/lib/vscode/resources/app/extensions/git/dist/main.js:2:997218)
	at /nix/store/lcc8767cmnjrz8mpfm0pir5dzv5hw73i-vscodium-1.96.2.24355/lib/vscode/resources/app/extensions/git/dist/main.js:2:1003340
	at Array.forEach (<anonymous>)
	at b.dispose (/nix/store/lcc8767cmnjrz8mpfm0pir5dzv5hw73i-vscodium-1.96.2.24355/lib/vscode/resources/app/extensions/git/dist/main.js:2:1003326)
	at e1.<anonymous> (file:///nix/store/lcc8767cmnjrz8mpfm0pir5dzv5hw73i-vscodium-1.96.2.24355/lib/vscode/resources/app/out/vs/workbench/api/node/extensionHostProcess.js:109:21508)
	at e1.dispose (file:///nix/store/lcc8767cmnjrz8mpfm0pir5dzv5hw73i-vscodium-1.96.2.24355/lib/vscode/resources/app/out/vs/workbench/api/node/extensionHostProcess.js:109:21604)
	at e1.<anonymous> (/nix/store/lcc8767cmnjrz8mpfm0pir5dzv5hw73i-vscodium-1.96.2.24355/lib/vscode/resources/app/extensions/git/dist/main.js:2:978140)
	at e1.dispose (file:///nix/store/lcc8767cmnjrz8mpfm0pir5dzv5hw73i-vscodium-1.96.2.24355/lib/vscode/resources/app/out/vs/workbench/api/node/extensionHostProcess.js:109:21604)
	at ai (file:///nix/store/lcc8767cmnjrz8mpfm0pir5dzv5hw73i-vscodium-1.96.2.24355/lib/vscode/resources/app/out/vs/workbench/api/node/extensionHostProcess.js:25:699)
	at file:///nix/store/lcc8767cmnjrz8mpfm0pir5dzv5hw73i-vscodium-1.96.2.24355/lib/vscode/resources/app/out/vs/workbench/api/node/extensionHostProcess.js:119:18392
	at file:///nix/store/lcc8767cmnjrz8mpfm0pir5dzv5hw73i-vscodium-1.96.2.24355/lib/vscode/resources/app/out/vs/workbench/api/node/extensionHostProcess.js:25:1009
	at Object.dispose (file:///nix/store/lcc8767cmnjrz8mpfm0pir5dzv5hw73i-vscodium-1.96.2.24355/lib/vscode/resources/app/out/vs/workbench/api/node/extensionHostProcess.js:8:705)
	at VV._deactivate (file:///nix/store/lcc8767cmnjrz8mpfm0pir5dzv5hw73i-vscodium-1.96.2.24355/lib/vscode/resources/app/out/vs/workbench/api/node/extensionHostProcess.js:119:14727)
	at file:///nix/store/lcc8767cmnjrz8mpfm0pir5dzv5hw73i-vscodium-1.96.2.24355/lib/vscode/resources/app/out/vs/workbench/api/node/extensionHostProcess.js:119:12013
	at Array.map (<anonymous>)
	at VV._deactivateAll (file:///nix/store/lcc8767cmnjrz8mpfm0pir5dzv5hw73i-vscodium-1.96.2.24355/lib/vscode/resources/app/out/vs/workbench/api/node/extensionHostProcess.js:119:12001)
	at VV.terminate (file:///nix/store/lcc8767cmnjrz8mpfm0pir5dzv5hw73i-vscodium-1.96.2.24355/lib/vscode/resources/app/out/vs/workbench/api/node/extensionHostProcess.js:119:12354)
	at XT.terminate (file:///nix/store/lcc8767cmnjrz8mpfm0pir5dzv5hw73i-vscodium-1.96.2.24355/lib/vscode/resources/app/out/vs/workbench/api/node/extensionHostProcess.js:120:1592)
	at Zi (file:///nix/store/lcc8767cmnjrz8mpfm0pir5dzv5hw73i-vscodium-1.96.2.24355/lib/vscode/resources/app/out/vs/workbench/api/node/extensionHostProcess.js:175:16313)
	at MessagePortMain.<anonymous> (file:///nix/store/lcc8767cmnjrz8mpfm0pir5dzv5hw73i-vscodium-1.96.2.24355/lib/vscode/resources/app/out/vs/workbench/api/node/extensionHostProcess.js:175:12769)
	at MessagePortMain.emit (node:events:518:28)
	at MessagePortMain._internalPort.emit (node:electron/js2c/utility_init:2:2949) setContext undefined
2025-01-01 07:57:00.451 [info] Extension host with pid 72821 exiting with code 0
