2025-01-01 08:06:14.203 [warning] /home/jordan/.ssh/config: ENOENT: no such file or directory, open '/home/jordan/.ssh/config'
2025-01-01 08:06:14.203 [info] Activation> Extension version: 0.102.0
2025-01-01 08:06:14.283 [info] Looking for git repository
2025-01-01 08:06:14.283 [info] Found 0 repositories during activation
2025-01-01 08:06:14.283 [info] Git repository found, initializing review manager and pr tree view.
2025-01-01 08:06:14.288 [info] Registering git provider
2025-01-01 08:06:14.288 [info] Review+0> Validate state in progress
2025-01-01 08:06:14.288 [info] Review+0> Validating state...
2025-01-01 08:06:14.290 [info] Repo state for file:///home/jordan/Documents/docs changed.
2025-01-01 08:06:14.290 [info] Repo file:///home/jordan/Documents/docs has already been setup.
2025-01-01 08:06:14.301 [info] Found GitHub remote for folder /home/jordan/Documents/docs
2025-01-01 08:06:14.303 [info] Trying to use globalState for assignableUsers.
2025-01-01 08:06:14.315 [info] Review+0> No matching pull request metadata found locally for current branch main
2025-01-01 08:06:14.316 [info] Review+0> No matching pull request metadata found on GitHub for current branch main
2025-01-01 08:06:14.327 [info] GlobalState does not exist for assignableUsers.
2025-01-01 08:10:32.076 [info] Review+0> Validate state in progress
2025-01-01 08:10:32.076 [info] Review+0> Validating state...
2025-01-01 08:10:32.076 [info] Review+0> Queuing additional validate state
2025-01-01 08:10:32.079 [info] Found GitHub remote for folder /home/jordan/Documents/docs
2025-01-01 08:10:32.079 [info] Using in-memory cached assignable users.
2025-01-01 08:10:32.086 [info] Review+0> No matching pull request metadata found locally for current branch main
2025-01-01 08:10:32.086 [info] Review+0> No matching pull request metadata found on GitHub for current branch main
2025-01-01 08:10:32.100 [info] Review+0> Validating state...
2025-01-01 08:10:32.102 [info] Found GitHub remote for folder /home/jordan/Documents/docs
2025-01-01 08:10:32.103 [info] Using in-memory cached assignable users.
2025-01-01 08:10:32.115 [info] Review+0> No matching pull request metadata found locally for current branch main
2025-01-01 08:10:32.116 [info] Review+0> No matching pull request metadata found on GitHub for current branch main
2025-01-01 08:10:54.990 [warning] /home/jordan/.ssh/config: ENOENT: no such file or directory, open '/home/jordan/.ssh/config'
2025-01-01 08:10:54.990 [info] Activation> Extension version: 0.102.0
2025-01-01 08:10:55.002 [info] Looking for git repository
2025-01-01 08:10:55.002 [info] Found 0 repositories during activation
2025-01-01 08:10:55.002 [info] Git repository found, initializing review manager and pr tree view.
2025-01-01 08:10:55.007 [info] Registering git provider
2025-01-01 08:10:55.007 [info] Review+0> Validate state in progress
2025-01-01 08:10:55.007 [info] Review+0> Validating state...
2025-01-01 08:10:55.007 [info] Review+1> Validate state in progress
2025-01-01 08:10:55.007 [info] Review+1> Validating state...
2025-01-01 08:10:55.085 [info] Found GitHub remote for folder /home/jordan/Documents/docs
2025-01-01 08:10:55.086 [info] Trying to use globalState for assignableUsers.
2025-01-01 08:10:55.092 [info] Found GitHub remote for folder /home/jordan/Documents/site
2025-01-01 08:10:55.092 [info] Trying to use globalState for assignableUsers.
2025-01-01 08:10:55.100 [info] Review+1> No matching pull request metadata found locally for current branch main
2025-01-01 08:10:55.100 [info] Review+1> No matching pull request metadata found on GitHub for current branch main
2025-01-01 08:10:55.101 [info] Review+0> No matching pull request metadata found locally for current branch main
2025-01-01 08:10:55.101 [info] Review+0> No matching pull request metadata found on GitHub for current branch main
2025-01-01 08:10:55.104 [info] GlobalState does not exist for assignableUsers.
2025-01-01 08:10:55.104 [info] GlobalState does not exist for assignableUsers.
2025-01-01 10:37:00.765 [info] Review+1> Validate state in progress
2025-01-01 10:37:00.765 [info] Review+1> Validating state...
2025-01-01 10:37:00.765 [info] Repo state for file:///home/jordan/Documents/site changed.
2025-01-01 10:37:00.765 [info] Repo file:///home/jordan/Documents/site has already been setup.
2025-01-01 10:37:00.793 [info] Found GitHub remote for folder /home/jordan/Documents/site
2025-01-01 10:37:00.794 [info] Using in-memory cached assignable users.
2025-01-01 10:37:00.810 [info] Review+1> No matching pull request metadata found locally for current branch main
2025-01-01 10:37:00.810 [info] Review+1> No matching pull request metadata found on GitHub for current branch main
2025-01-01 10:42:30.339 [info] Review+1> Validate state in progress
2025-01-01 10:42:30.339 [info] Review+1> Validating state...
2025-01-01 10:42:30.391 [info] Found GitHub remote for folder /home/jordan/Documents/site
2025-01-01 10:42:30.391 [info] Using in-memory cached assignable users.
2025-01-01 10:42:30.413 [info] Review+1> No matching pull request metadata found locally for current branch main
2025-01-01 10:42:30.413 [info] Review+1> No matching pull request metadata found on GitHub for current branch main
2025-01-01 10:42:38.669 [info] Review+1> Validate state in progress
2025-01-01 10:42:38.669 [info] Review+1> Validating state...
2025-01-01 10:42:38.713 [info] Found GitHub remote for folder /home/jordan/Documents/site
2025-01-01 10:42:38.713 [info] Using in-memory cached assignable users.
2025-01-01 10:42:38.723 [info] Review+1> No matching pull request metadata found locally for current branch main
2025-01-01 10:42:38.724 [info] Review+1> No matching pull request metadata found on GitHub for current branch main
2025-01-01 10:42:44.234 [info] Repo state for file:///home/jordan/Documents/docs changed.
2025-01-01 10:42:44.235 [info] Repo file:///home/jordan/Documents/docs has already been setup.
2025-01-01 10:45:21.808 [info] Review+1> Validate state in progress
2025-01-01 10:45:21.808 [info] Review+1> Validating state...
2025-01-01 10:45:21.850 [info] Found GitHub remote for folder /home/jordan/Documents/site
2025-01-01 10:45:21.851 [info] Using in-memory cached assignable users.
2025-01-01 10:45:21.869 [info] Review+1> No matching pull request metadata found locally for current branch main
2025-01-01 10:45:21.869 [info] Review+1> No matching pull request metadata found on GitHub for current branch main
2025-01-01 10:46:05.516 [info] Review+1> Validate state in progress
2025-01-01 10:46:05.516 [info] Review+1> Validating state...
2025-01-01 10:46:05.563 [info] Found GitHub remote for folder /home/jordan/Documents/site
2025-01-01 10:46:05.564 [info] Using in-memory cached assignable users.
2025-01-01 10:46:05.580 [info] Review+1> No matching pull request metadata found locally for current branch main
2025-01-01 10:46:05.580 [info] Review+1> No matching pull request metadata found on GitHub for current branch main
2025-01-01 10:46:53.351 [info] Review+1> Validate state in progress
2025-01-01 10:46:53.351 [info] Review+1> Validating state...
2025-01-01 10:46:53.417 [info] Found GitHub remote for folder /home/jordan/Documents/site
2025-01-01 10:46:53.417 [info] Using in-memory cached assignable users.
2025-01-01 10:46:53.449 [info] Review+1> No matching pull request metadata found locally for current branch main
2025-01-01 10:46:53.450 [info] Review+1> No matching pull request metadata found on GitHub for current branch main
2025-01-01 10:47:00.617 [info] Review+1> Validate state in progress
2025-01-01 10:47:00.617 [info] Review+1> Validating state...
2025-01-01 10:47:00.674 [info] Found GitHub remote for folder /home/jordan/Documents/site
2025-01-01 10:47:00.675 [info] Using in-memory cached assignable users.
2025-01-01 10:47:00.691 [info] Review+1> No matching pull request metadata found locally for current branch main
2025-01-01 10:47:00.692 [info] Review+1> No matching pull request metadata found on GitHub for current branch main
2025-01-01 10:52:30.043 [info] Using in-memory cached assignable users.
2025-01-01 10:52:30.238 [info] Using in-memory cached assignable users.
2025-01-01 11:22:01.176 [info] Using in-memory cached assignable users.
2025-01-01 11:25:45.915 [info] Review+1> Validate state in progress
2025-01-01 11:25:45.915 [info] Review+1> Validating state...
2025-01-01 11:25:45.997 [info] Found GitHub remote for folder /home/jordan/Documents/site
2025-01-01 11:25:45.998 [info] Using in-memory cached assignable users.
2025-01-01 11:25:46.036 [info] Review+1> No matching pull request metadata found locally for current branch main
2025-01-01 11:25:46.036 [info] Review+1> No matching pull request metadata found on GitHub for current branch main
2025-01-01 11:25:49.600 [info] Review+1> Validate state in progress
2025-01-01 11:25:49.600 [info] Review+1> Validating state...
2025-01-01 11:25:49.683 [info] Found GitHub remote for folder /home/jordan/Documents/site
2025-01-01 11:25:49.684 [info] Using in-memory cached assignable users.
2025-01-01 11:25:49.702 [info] Review+1> No matching pull request metadata found locally for current branch main
2025-01-01 11:25:49.702 [info] Review+1> No matching pull request metadata found on GitHub for current branch main
2025-01-01 11:45:06.238 [info] Review+1> Validate state in progress
2025-01-01 11:45:06.238 [info] Review+1> Validating state...
2025-01-01 11:45:06.304 [info] Found GitHub remote for folder /home/jordan/Documents/site
2025-01-01 11:45:06.305 [info] Using in-memory cached assignable users.
2025-01-01 11:45:06.338 [info] Review+1> No matching pull request metadata found locally for current branch main
2025-01-01 11:45:06.338 [info] Review+1> No matching pull request metadata found on GitHub for current branch main
2025-01-01 11:45:09.276 [info] Review+1> Validate state in progress
2025-01-01 11:45:09.276 [info] Review+1> Validating state...
2025-01-01 11:45:09.325 [info] Found GitHub remote for folder /home/jordan/Documents/site
2025-01-01 11:45:09.325 [info] Using in-memory cached assignable users.
2025-01-01 11:45:09.342 [info] Review+1> No matching pull request metadata found locally for current branch main
2025-01-01 11:45:09.342 [info] Review+1> No matching pull request metadata found on GitHub for current branch main
2025-01-01 12:00:11.316 [info] Review+1> Validate state in progress
2025-01-01 12:00:11.316 [info] Review+1> Validating state...
2025-01-01 12:00:11.389 [info] Found GitHub remote for folder /home/jordan/Documents/site
2025-01-01 12:00:11.390 [info] Using in-memory cached assignable users.
2025-01-01 12:00:11.428 [info] Review+1> No matching pull request metadata found locally for current branch main
2025-01-01 12:00:11.429 [info] Review+1> No matching pull request metadata found on GitHub for current branch main
2025-01-01 12:00:14.295 [info] Review+1> Validate state in progress
2025-01-01 12:00:14.295 [info] Review+1> Validating state...
2025-01-01 12:00:14.351 [info] Found GitHub remote for folder /home/jordan/Documents/site
2025-01-01 12:00:14.352 [info] Using in-memory cached assignable users.
2025-01-01 12:00:14.369 [info] Review+1> No matching pull request metadata found locally for current branch main
2025-01-01 12:00:14.369 [info] Review+1> No matching pull request metadata found on GitHub for current branch main
2025-01-01 12:12:45.093 [info] Review+1> Validate state in progress
2025-01-01 12:12:45.093 [info] Review+1> Validating state...
2025-01-01 12:12:45.184 [info] Found GitHub remote for folder /home/jordan/Documents/site
2025-01-01 12:12:45.185 [info] Using in-memory cached assignable users.
2025-01-01 12:12:45.222 [info] Review+1> No matching pull request metadata found locally for current branch main
2025-01-01 12:12:45.222 [info] Review+1> No matching pull request metadata found on GitHub for current branch main
2025-01-01 12:12:48.209 [info] Review+1> Validate state in progress
2025-01-01 12:12:48.209 [info] Review+1> Validating state...
2025-01-01 12:12:48.271 [info] Found GitHub remote for folder /home/jordan/Documents/site
2025-01-01 12:12:48.272 [info] Using in-memory cached assignable users.
2025-01-01 12:12:48.289 [info] Review+1> No matching pull request metadata found locally for current branch main
2025-01-01 12:12:48.289 [info] Review+1> No matching pull request metadata found on GitHub for current branch main
2025-01-01 12:14:39.094 [info] Review+1> Validate state in progress
2025-01-01 12:14:39.095 [info] Review+1> Validating state...
2025-01-01 12:14:39.250 [info] Found GitHub remote for folder /home/jordan/Documents/site
2025-01-01 12:14:39.251 [info] Using in-memory cached assignable users.
2025-01-01 12:14:39.291 [info] Review+1> No matching pull request metadata found locally for current branch main
2025-01-01 12:14:39.292 [info] Review+1> No matching pull request metadata found on GitHub for current branch main
2025-01-01 12:14:43.980 [info] Review+1> Validate state in progress
2025-01-01 12:14:43.980 [info] Review+1> Validating state...
2025-01-01 12:14:44.040 [info] Found GitHub remote for folder /home/jordan/Documents/site
2025-01-01 12:14:44.041 [info] Using in-memory cached assignable users.
2025-01-01 12:14:44.058 [info] Review+1> No matching pull request metadata found locally for current branch main
2025-01-01 12:14:44.058 [info] Review+1> No matching pull request metadata found on GitHub for current branch main
2025-01-01 12:26:22.965 [info] Review+1> Validate state in progress
2025-01-01 12:26:22.965 [info] Review+1> Validating state...
2025-01-01 12:26:23.029 [info] Found GitHub remote for folder /home/jordan/Documents/site
2025-01-01 12:26:23.030 [info] Using in-memory cached assignable users.
2025-01-01 12:26:23.065 [info] Review+1> No matching pull request metadata found locally for current branch main
2025-01-01 12:26:23.066 [info] Review+1> No matching pull request metadata found on GitHub for current branch main
2025-01-01 12:26:26.441 [info] Review+1> Validate state in progress
2025-01-01 12:26:26.441 [info] Review+1> Validating state...
2025-01-01 12:26:26.495 [info] Found GitHub remote for folder /home/jordan/Documents/site
2025-01-01 12:26:26.495 [info] Using in-memory cached assignable users.
2025-01-01 12:26:26.511 [info] Review+1> No matching pull request metadata found locally for current branch main
2025-01-01 12:26:26.512 [info] Review+1> No matching pull request metadata found on GitHub for current branch main
2025-01-01 12:28:33.251 [info] Review+1> Validate state in progress
2025-01-01 12:28:33.251 [info] Review+1> Validating state...
2025-01-01 12:28:33.308 [info] Found GitHub remote for folder /home/jordan/Documents/site
2025-01-01 12:28:33.308 [info] Using in-memory cached assignable users.
2025-01-01 12:28:33.343 [info] Review+1> No matching pull request metadata found locally for current branch main
2025-01-01 12:28:33.343 [info] Review+1> No matching pull request metadata found on GitHub for current branch main
2025-01-01 12:28:36.701 [info] Review+1> Validate state in progress
2025-01-01 12:28:36.701 [info] Review+1> Validating state...
2025-01-01 12:28:36.756 [info] Found GitHub remote for folder /home/jordan/Documents/site
2025-01-01 12:28:36.756 [info] Using in-memory cached assignable users.
2025-01-01 12:28:36.774 [info] Review+1> No matching pull request metadata found locally for current branch main
2025-01-01 12:28:36.775 [info] Review+1> No matching pull request metadata found on GitHub for current branch main
2025-01-02 05:38:51.558 [info] Review+1> Validate state in progress
2025-01-02 05:38:51.558 [info] Review+1> Validating state...
2025-01-02 05:38:51.627 [info] Found GitHub remote for folder /home/jordan/Documents/site
2025-01-02 05:38:51.628 [info] Using in-memory cached assignable users.
2025-01-02 05:38:51.665 [info] Review+1> No matching pull request metadata found locally for current branch main
2025-01-02 05:38:51.665 [info] Review+1> No matching pull request metadata found on GitHub for current branch main
2025-01-02 05:38:55.047 [info] Review+1> Validate state in progress
2025-01-02 05:38:55.047 [info] Review+1> Validating state...
2025-01-02 05:38:55.125 [info] Found GitHub remote for folder /home/jordan/Documents/site
2025-01-02 05:38:55.125 [info] Using in-memory cached assignable users.
2025-01-02 05:38:55.145 [info] Review+1> No matching pull request metadata found locally for current branch main
2025-01-02 05:38:55.146 [info] Review+1> No matching pull request metadata found on GitHub for current branch main
2025-01-02 05:42:40.714 [info] Review+1> Validate state in progress
2025-01-02 05:42:40.714 [info] Review+1> Validating state...
2025-01-02 05:42:40.774 [info] Found GitHub remote for folder /home/jordan/Documents/site
2025-01-02 05:42:40.775 [info] Using in-memory cached assignable users.
2025-01-02 05:42:40.808 [info] Review+1> No matching pull request metadata found locally for current branch main
2025-01-02 05:42:40.809 [info] Review+1> No matching pull request metadata found on GitHub for current branch main
2025-01-02 05:42:43.919 [info] Review+1> Validate state in progress
2025-01-02 05:42:43.919 [info] Review+1> Validating state...
2025-01-02 05:42:43.976 [info] Found GitHub remote for folder /home/jordan/Documents/site
2025-01-02 05:42:43.977 [info] Using in-memory cached assignable users.
2025-01-02 05:42:43.994 [info] Review+1> No matching pull request metadata found locally for current branch main
2025-01-02 05:42:43.994 [info] Review+1> No matching pull request metadata found on GitHub for current branch main
2025-01-02 06:10:16.411 [info] Review+1> Validate state in progress
2025-01-02 06:10:16.411 [info] Review+1> Validating state...
2025-01-02 06:10:16.478 [info] Found GitHub remote for folder /home/jordan/Documents/site
2025-01-02 06:10:16.478 [info] Using in-memory cached assignable users.
2025-01-02 06:10:16.516 [info] Review+1> No matching pull request metadata found locally for current branch main
2025-01-02 06:10:16.516 [info] Review+1> No matching pull request metadata found on GitHub for current branch main
2025-01-02 06:10:26.987 [info] Review+1> Validate state in progress
2025-01-02 06:10:26.987 [info] Review+1> Validating state...
2025-01-02 06:10:27.041 [info] Found GitHub remote for folder /home/jordan/Documents/site
2025-01-02 06:10:27.041 [info] Using in-memory cached assignable users.
2025-01-02 06:10:27.059 [info] Review+1> No matching pull request metadata found locally for current branch main
2025-01-02 06:10:27.059 [info] Review+1> No matching pull request metadata found on GitHub for current branch main
