2024-12-30 19:50:15.422 [info] [main] Log level: Info
2024-12-30 19:50:15.422 [info] [main] Validating found git in: "git"
2024-12-30 19:50:15.422 [info] [main] Using git "2.47.0" from "git"
2024-12-30 19:50:15.422 [info] [Model][doInitialScan] Initial repository scan started
2024-12-30 19:50:15.422 [info] > git rev-parse --show-toplevel [5ms]
2024-12-30 19:50:15.422 [info] > git rev-parse --git-dir --git-common-dir [489ms]
2024-12-30 19:50:15.422 [info] [Model][openRepository] Opened repository: /home/jordan/Documents/docs
2024-12-30 19:50:15.426 [info] > git rev-parse --show-toplevel [28ms]
2024-12-30 19:50:15.427 [info] > git config --get commit.template [33ms]
2024-12-30 19:50:15.614 [info] > git rev-parse --show-toplevel [13ms]
2024-12-30 19:50:15.623 [info] > git for-each-ref --format=%(refname)%00%(upstream:short)%00%(objectname)%00%(upstream:track)%00%(upstream:remotename)%00%(upstream:remoteref) refs/heads/main refs/remotes/main [10ms]
2024-12-30 19:50:15.629 [warning] [Git][revParse] Unable to read file: ENOENT: no such file or directory, open '/home/jordan/Documents/docs/.git/refs/remotes/origin/main'
2024-12-30 19:50:15.630 [info] > git rev-parse --show-toplevel [6ms]
2024-12-30 19:50:15.630 [info] [Model][doInitialScan] Initial repository scan completed - repositories (1), closed repositories (0), parent repositories (0), unsafe repositories (0)
2024-12-30 19:50:15.638 [info] > git rev-parse refs/remotes/origin/main [9ms]
2024-12-30 19:50:15.658 [info] > git status -z -uall [15ms]
2024-12-30 19:50:15.660 [info] > git for-each-ref --sort -committerdate --format %(refname) %(objectname) %(*objectname) [12ms]
2024-12-30 19:50:15.676 [info] > git for-each-ref --format=%(refname)%00%(upstream:short)%00%(objectname)%00%(upstream:track)%00%(upstream:remotename)%00%(upstream:remoteref) refs/heads/main refs/remotes/main [8ms]
2024-12-30 19:50:15.694 [info] > git show --textconv :starlight/src/content/docs/software/nixos/nixos.mdx [7ms]
2024-12-30 19:50:15.694 [info] > git ls-files --stage -- /home/jordan/Documents/docs/starlight/src/content/docs/software/nixos/nixos.mdx [2ms]
2024-12-30 19:50:15.694 [info] > git config --local branch.main.vscode-merge-base [13ms]
2024-12-30 19:50:15.700 [info] > git config --get commit.template [25ms]
2024-12-30 19:50:15.701 [info] > git for-each-ref --format=%(refname)%00%(upstream:short)%00%(objectname)%00%(upstream:track)%00%(upstream:remotename)%00%(upstream:remoteref) refs/heads/origin/main refs/remotes/origin/main [2ms]
2024-12-30 19:50:15.723 [info] > git merge-base refs/heads/main refs/remotes/origin/main [15ms]
2024-12-30 19:50:15.728 [info] > git for-each-ref --format=%(refname)%00%(upstream:short)%00%(objectname)%00%(upstream:track)%00%(upstream:remotename)%00%(upstream:remoteref) refs/heads/main refs/remotes/main [11ms]
2024-12-30 19:50:15.729 [info] > git blame --root --incremental 1e7e6bae0f2c6aaef442f898921cae14759c6754 -- /home/jordan/Documents/docs/starlight/src/content/docs/software/nixos/nixos.mdx [15ms]
2024-12-30 19:50:15.729 [info] fatal: no such path starlight/src/content/docs/software/nixos/nixos.mdx in 1e7e6bae0f2c6aaef442f898921cae14759c6754
2024-12-30 19:50:15.734 [warning] [Git][revParse] Unable to read file: ENOENT: no such file or directory, open '/home/jordan/Documents/docs/.git/refs/remotes/origin/main'
2024-12-30 19:50:15.734 [info] > git diff --name-status -z --diff-filter=ADMR 1e7e6bae0f2c6aaef442f898921cae14759c6754...refs/remotes/origin/main [6ms]
2024-12-30 19:50:15.735 [info] > git rev-parse refs/remotes/origin/main [1ms]
2024-12-30 19:50:15.745 [info] > git status -z -uall [5ms]
2024-12-30 19:50:15.746 [info] > git for-each-ref --sort -committerdate --format %(refname) %(objectname) %(*objectname) [1ms]
2024-12-30 19:50:15.784 [info] > git config --local branch.main.github-pr-owner-number [2ms]
2024-12-30 19:50:15.784 [warning] [Git][config] git config failed: Failed to execute git
2024-12-30 19:50:15.835 [info] > git check-ignore -v -z --stdin [1ms]
2024-12-30 19:50:17.062 [info] > git check-ignore -v -z --stdin [1ms]
2024-12-30 19:51:31.168 [info] > git config --get commit.template [13ms]
2024-12-30 19:51:31.168 [info] > git for-each-ref --format=%(refname)%00%(upstream:short)%00%(objectname)%00%(upstream:track)%00%(upstream:remotename)%00%(upstream:remoteref) refs/heads/main refs/remotes/main [1ms]
2024-12-30 19:51:31.174 [warning] [Git][revParse] Unable to read file: ENOENT: no such file or directory, open '/home/jordan/Documents/docs/.git/refs/remotes/origin/main'
2024-12-30 19:51:31.176 [info] > git rev-parse refs/remotes/origin/main [2ms]
2024-12-30 19:51:31.191 [info] > git status -z -uall [8ms]
2024-12-30 19:51:31.192 [info] > git for-each-ref --sort -committerdate --format %(refname) %(objectname) %(*objectname) [1ms]
2024-12-30 19:52:07.304 [info] > git config --get commit.template [8ms]
2024-12-30 19:52:07.305 [info] > git for-each-ref --format=%(refname)%00%(upstream:short)%00%(objectname)%00%(upstream:track)%00%(upstream:remotename)%00%(upstream:remoteref) refs/heads/main refs/remotes/main [3ms]
2024-12-30 19:52:07.313 [warning] [Git][revParse] Unable to read file: ENOENT: no such file or directory, open '/home/jordan/Documents/docs/.git/refs/remotes/origin/main'
2024-12-30 19:52:07.315 [info] > git rev-parse refs/remotes/origin/main [2ms]
2024-12-30 19:52:07.329 [info] > git status -z -uall [6ms]
2024-12-30 19:52:07.330 [info] > git for-each-ref --sort -committerdate --format %(refname) %(objectname) %(*objectname) [1ms]
2024-12-30 19:52:44.175 [info] > git config --get commit.template [5ms]
2024-12-30 19:52:44.176 [info] > git for-each-ref --format=%(refname)%00%(upstream:short)%00%(objectname)%00%(upstream:track)%00%(upstream:remotename)%00%(upstream:remoteref) refs/heads/main refs/remotes/main [1ms]
2024-12-30 19:52:44.181 [warning] [Git][revParse] Unable to read file: ENOENT: no such file or directory, open '/home/jordan/Documents/docs/.git/refs/remotes/origin/main'
2024-12-30 19:52:44.181 [info] > git rev-parse refs/remotes/origin/main [0ms]
2024-12-30 19:52:44.192 [info] > git status -z -uall [6ms]
2024-12-30 19:52:44.193 [info] > git for-each-ref --sort -committerdate --format %(refname) %(objectname) %(*objectname) [1ms]
2024-12-30 19:52:44.526 [info] > git show --textconv HEAD:starlight/src/content/docs/software/nixos/nixos.mdx [14ms]
2024-12-30 19:52:44.528 [info] > git ls-tree -l HEAD -- /home/jordan/Documents/docs/starlight/src/content/docs/software/nixos/nixos.mdx [3ms]
2024-12-30 19:52:45.243 [info] > git config --get commit.template [7ms]
2024-12-30 19:52:45.243 [info] > git for-each-ref --format=%(refname)%00%(upstream:short)%00%(objectname)%00%(upstream:track)%00%(upstream:remotename)%00%(upstream:remoteref) refs/heads/main refs/remotes/main [1ms]
2024-12-30 19:52:45.251 [warning] [Git][revParse] Unable to read file: ENOENT: no such file or directory, open '/home/jordan/Documents/docs/.git/refs/remotes/origin/main'
2024-12-30 19:52:45.252 [info] > git rev-parse refs/remotes/origin/main [1ms]
2024-12-30 19:52:45.268 [info] > git status -z -uall [8ms]
2024-12-30 19:52:45.269 [info] > git for-each-ref --sort -committerdate --format %(refname) %(objectname) %(*objectname) [1ms]
2024-12-30 19:52:45.348 [info] > git ls-files --stage -- /home/jordan/Documents/docs/starlight/src/content/docs/software/nixos/nixos.mdx [11ms]
2024-12-30 19:52:45.356 [info] > git ls-tree -l HEAD -- /home/jordan/Documents/docs/starlight/src/content/docs/software/nixos/nixos.mdx [8ms]
2024-12-30 19:52:45.357 [info] > git cat-file -s eba6fc8c8640c3618882cca8ee1ae74e16513162 [1ms]
2024-12-30 19:52:45.368 [info] > git show --textconv HEAD:starlight/src/content/docs/software/nixos/nixos.mdx [5ms]
2024-12-30 19:52:45.369 [info] > git show --textconv :starlight/src/content/docs/software/nixos/nixos.mdx [1ms]
2024-12-30 19:52:57.035 [info] > git config --get commit.template [1ms]
2024-12-30 19:52:57.044 [info] > git for-each-ref --format=%(refname)%00%(upstream:short)%00%(objectname)%00%(upstream:track)%00%(upstream:remotename)%00%(upstream:remoteref) refs/heads/main refs/remotes/main [2ms]
2024-12-30 19:52:57.049 [warning] [Git][revParse] Unable to read file: ENOENT: no such file or directory, open '/home/jordan/Documents/docs/.git/refs/remotes/origin/main'
2024-12-30 19:52:57.050 [info] > git rev-parse refs/remotes/origin/main [1ms]
2024-12-30 19:52:57.061 [info] > git status -z -uall [6ms]
2024-12-30 19:52:57.062 [info] > git for-each-ref --sort -committerdate --format %(refname) %(objectname) %(*objectname) [2ms]
2024-12-30 19:52:57.078 [info] > git merge-base refs/heads/main refs/remotes/origin/main [1ms]
2024-12-30 19:52:57.085 [info] > git blame --root --incremental 57aa09daf34c2e2e2ad99822d89ea3cd04c0b235 -- /home/jordan/Documents/docs/starlight/src/content/docs/software/nixos/nixos.mdx [14ms]
2024-12-30 19:52:57.086 [info] > git diff --name-status -z --diff-filter=ADMR 1e7e6bae0f2c6aaef442f898921cae14759c6754...refs/remotes/origin/main [2ms]
2024-12-30 19:52:57.105 [info] > git config --local branch.main.github-pr-owner-number [1ms]
2024-12-30 19:52:57.105 [warning] [Git][config] git config failed: Failed to execute git
2024-12-30 19:52:58.115 [info] > git config --get commit.template [7ms]
2024-12-30 19:52:58.117 [info] > git for-each-ref --format=%(refname)%00%(upstream:short)%00%(objectname)%00%(upstream:track)%00%(upstream:remotename)%00%(upstream:remoteref) refs/heads/main refs/remotes/main [3ms]
2024-12-30 19:52:58.127 [warning] [Git][revParse] Unable to read file: ENOENT: no such file or directory, open '/home/jordan/Documents/docs/.git/refs/remotes/origin/main'
2024-12-30 19:52:58.128 [info] > git rev-parse refs/remotes/origin/main [2ms]
2024-12-30 19:52:58.143 [info] > git status -z -uall [7ms]
2024-12-30 19:52:58.144 [info] > git for-each-ref --sort -committerdate --format %(refname) %(objectname) %(*objectname) [2ms]
2024-12-30 19:52:58.210 [info] > git ls-files --stage -- /home/jordan/Documents/docs/starlight/src/content/docs/software/nixos/nixos.mdx [1ms]
2024-12-30 19:52:58.219 [info] > git cat-file -s eba6fc8c8640c3618882cca8ee1ae74e16513162 [3ms]
2024-12-30 19:52:58.233 [info] > git show --textconv :starlight/src/content/docs/software/nixos/nixos.mdx [2ms]
2024-12-30 19:52:59.959 [info] > git config --get commit.template [6ms]
2024-12-30 19:52:59.959 [info] > git for-each-ref --format=%(refname)%00%(upstream:short)%00%(objectname)%00%(upstream:track)%00%(upstream:remotename)%00%(upstream:remoteref) refs/heads/main refs/remotes/main [1ms]
2024-12-30 19:52:59.972 [info] > git status -z -uall [7ms]
2024-12-30 19:52:59.972 [info] > git for-each-ref --sort -committerdate --format %(refname) %(objectname) %(*objectname) [1ms]
2024-12-30 19:52:59.981 [info] > git merge-base refs/heads/main refs/remotes/origin/main [1ms]
2024-12-30 19:52:59.992 [info] > git diff --name-status -z --diff-filter=ADMR 57aa09daf34c2e2e2ad99822d89ea3cd04c0b235...refs/remotes/origin/main [6ms]
2024-12-30 19:52:59.993 [info] > git config --local branch.main.github-pr-owner-number [1ms]
2024-12-30 19:52:59.993 [warning] [Git][config] git config failed: Failed to execute git
2024-12-30 19:53:01.112 [info] > git ls-files --stage -- /home/jordan/Documents/docs/starlight/src/content/docs/software/nixos/nixos.mdx [1ms]
2024-12-30 19:53:01.122 [info] > git cat-file -s eba6fc8c8640c3618882cca8ee1ae74e16513162 [2ms]
2024-12-30 19:53:01.133 [info] > git show --textconv :starlight/src/content/docs/software/nixos/nixos.mdx [2ms]
2024-12-30 19:53:03.164 [info] > git config --get commit.template [10ms]
2024-12-30 19:53:03.165 [info] > git for-each-ref --format=%(refname)%00%(upstream:short)%00%(objectname)%00%(upstream:track)%00%(upstream:remotename)%00%(upstream:remoteref) refs/heads/main refs/remotes/main [1ms]
2024-12-30 19:53:03.181 [info] > git status -z -uall [8ms]
2024-12-30 19:53:03.182 [info] > git for-each-ref --sort -committerdate --format %(refname) %(objectname) %(*objectname) [1ms]
