2024-12-30 19:36:53.192 [info] Added views:outline in workbench.view.explorer
2024-12-30 19:36:53.192 [info] Added views:workbench.view.search in workbench.view.search
2024-12-30 19:36:53.192 [info] Added views:workbench.scm in workbench.view.scm
2024-12-30 19:36:53.192 [info] Added views:workbench.panel.markers.view in workbench.panel.markers
2024-12-30 19:36:53.192 [info] Added views:workbench.panel.output in workbench.panel.output
2024-12-30 19:36:53.192 [info] Added views:terminal in terminal
2024-12-30 19:36:53.192 [info] Added views:timeline in workbench.view.explorer
2024-12-30 19:36:53.192 [info] Added views:workbench.explorer.emptyView in workbench.view.explorer
2024-12-30 19:36:53.436 [info] Added views:workbench.debug.variablesView,workbench.debug.watchExpressionsView,workbench.debug.callStackView,workbench.debug.breakPointsView in workbench.view.debug
2024-12-30 19:36:53.563 [info] Added views:~remote.forwardedPorts in ~remote.forwardedPortsContainer
2024-12-30 19:36:53.791 [info] Added views:workbench.panel.repl.view in workbench.panel.repl
2024-12-30 19:36:53.793 [info] Removed views:workbench.debug.breakPointsView,workbench.debug.callStackView,workbench.debug.watchExpressionsView,workbench.debug.variablesView from workbench.view.debug
2024-12-30 19:36:53.793 [info] Added views:workbench.debug.welcome in workbench.view.debug
2024-12-30 19:37:12.756 [info] Added views:workbench.views.extensions.installed,workbench.views.extensions.popular,extensions.recommendedList in workbench.view.extensions
2024-12-30 19:37:12.757 [info] Removed views:workbench.views.extensions.popular from workbench.view.extensions
2024-12-30 19:37:12.884 [info] Added views:workbench.views.extensions.popular in workbench.view.extensions
2024-12-30 19:37:25.300 [info] Added views:pr:github,issues:github in workbench.view.extension.github-pull-requests
2024-12-30 19:37:26.107 [info] Added views:workbench.view.testing in workbench.view.extension.test
2024-12-30 19:38:07.771 [info] Added views:github.cweijan.mysql in workbench.view.extension.github-cweijan-mysql
2024-12-30 19:38:07.772 [info] Added views:github.cweijan.nosql in workbench.view.extension.github-cweijan-nosql
2024-12-30 19:38:13.584 [info] Added views:workspaceViewer in workbench.view.extension.workspaceViewer
2024-12-30 19:38:55.560 [info] Removed views:extensions.recommendedList,workbench.views.extensions.popular,workbench.views.extensions.installed from workbench.view.extensions
2024-12-30 19:38:55.569 [info] Added views:workbench.views.extensions.marketplace in workbench.view.extensions
2024-12-30 19:40:05.821 [info] Removed views:workbench.view.testing from workbench.view.extension.test
