2025-01-01 08:06:11.714 [warning] Via 'product.json#extensionEnabledApiProposals' extension 'ms-vscode.vscode-selfhost-test-provider' wants API proposal 'attributableCoverage' but that proposal DOES NOT EXIST. Likely, the proposal has been finalized (check 'vscode.d.ts') or was abandoned.
2025-01-01 08:06:11.714 [warning] Via 'product.json#extensionEnabledApiProposals' extension 'ms-python.python' wants API proposal 'contribIssueReporter' but that proposal DOES NOT EXIST. Likely, the proposal has been finalized (check 'vscode.d.ts') or was abandoned.
2025-01-01 08:06:11.714 [warning] Via 'product.json#extensionEnabledApiProposals' extension 'ms-python.debugpy' wants API proposal 'contribIssueReporter' but that proposal DOES NOT EXIST. Likely, the proposal has been finalized (check 'vscode.d.ts') or was abandoned.
2025-01-01 08:06:12.105 [info] Started local extension host with pid 82898.
2025-01-01 08:06:12.654 [warning] [redhat.vscode-yaml]: Cannot register 'redhat.telemetry.enabled'. This property is already registered.
2025-01-01 08:06:14.756 [info] [perf] Render performance baseline is 20ms
2025-01-01 08:06:17.814 [error] Timed out waiting for authentication provider to register
2025-01-01 08:10:44.431 [error] [Extension Host] (node:82898) [DEP0005] DeprecationWarning: Buffer() is deprecated due to security and usability issues. Please use the Buffer.alloc(), Buffer.allocUnsafe(), or Buffer.from() methods instead.
(Use `exe --trace-deprecation ...` to show where the warning was created)
2025-01-01 08:10:53.251 [info] Started local extension host with pid 83608.
2025-01-01 08:10:53.894 [error] No registered selector for ID: ms-vscode.npm-command
2025-01-01 10:43:23.092 [error] Error: Unable to move/copy '/home/jordan/Documents/site/content/posts/.gitignore' because target '/home/jordan/Documents/site/.gitignore' already exists at destination.
    at $rt.doValidateMoveCopy (vscode-file://vscode-app/nix/store/lcc8767cmnjrz8mpfm0pir5dzv5hw73i-vscodium-1.96.2.24355/lib/vscode/resources/app/out/vs/workbench/workbench.desktop.main.js:3108:93735)
    at async $rt.doCanMoveCopy (vscode-file://vscode-app/nix/store/lcc8767cmnjrz8mpfm0pir5dzv5hw73i-vscodium-1.96.2.24355/lib/vscode/resources/app/out/vs/workbench/workbench.desktop.main.js:3108:91516)
    at async ZOe.doMoveOrCopy (vscode-file://vscode-app/nix/store/lcc8767cmnjrz8mpfm0pir5dzv5hw73i-vscodium-1.96.2.24355/lib/vscode/resources/app/out/vs/workbench/workbench.desktop.main.js:504:11032)
    at async WYe.perform (vscode-file://vscode-app/nix/store/lcc8767cmnjrz8mpfm0pir5dzv5hw73i-vscodium-1.96.2.24355/lib/vscode/resources/app/out/vs/workbench/workbench.desktop.main.js:2105:7825)
    at async zYe.apply (vscode-file://vscode-app/nix/store/lcc8767cmnjrz8mpfm0pir5dzv5hw73i-vscodium-1.96.2.24355/lib/vscode/resources/app/out/vs/workbench/workbench.desktop.main.js:2105:13409)
    at async jYe._performFileEdits (vscode-file://vscode-app/nix/store/lcc8767cmnjrz8mpfm0pir5dzv5hw73i-vscodium-1.96.2.24355/lib/vscode/resources/app/out/vs/workbench/workbench.desktop.main.js:2105:20807)
    at async jYe.perform (vscode-file://vscode-app/nix/store/lcc8767cmnjrz8mpfm0pir5dzv5hw73i-vscodium-1.96.2.24355/lib/vscode/resources/app/out/vs/workbench/workbench.desktop.main.js:2105:20247)
    at async YYe.apply (vscode-file://vscode-app/nix/store/lcc8767cmnjrz8mpfm0pir5dzv5hw73i-vscodium-1.96.2.24355/lib/vscode/resources/app/out/vs/workbench/workbench.desktop.main.js:2105:22870)
    at async vscode-file://vscode-app/nix/store/lcc8767cmnjrz8mpfm0pir5dzv5hw73i-vscodium-1.96.2.24355/lib/vscode/resources/app/out/vs/workbench/workbench.desktop.main.js:2103:125660
    at async o (vscode-file://vscode-app/nix/store/lcc8767cmnjrz8mpfm0pir5dzv5hw73i-vscodium-1.96.2.24355/lib/vscode/resources/app/out/vs/workbench/workbench.desktop.main.js:1277:13560)
2025-01-01 10:43:23.093 [error] Unable to move/copy '/home/jordan/Documents/site/content/posts/.gitignore' because target '/home/jordan/Documents/site/.gitignore' already exists at destination.: Error: Unable to move/copy '/home/jordan/Documents/site/content/posts/.gitignore' because target '/home/jordan/Documents/site/.gitignore' already exists at destination.
    at $rt.doValidateMoveCopy (vscode-file://vscode-app/nix/store/lcc8767cmnjrz8mpfm0pir5dzv5hw73i-vscodium-1.96.2.24355/lib/vscode/resources/app/out/vs/workbench/workbench.desktop.main.js:3108:93735)
    at async $rt.doCanMoveCopy (vscode-file://vscode-app/nix/store/lcc8767cmnjrz8mpfm0pir5dzv5hw73i-vscodium-1.96.2.24355/lib/vscode/resources/app/out/vs/workbench/workbench.desktop.main.js:3108:91516)
    at async ZOe.doMoveOrCopy (vscode-file://vscode-app/nix/store/lcc8767cmnjrz8mpfm0pir5dzv5hw73i-vscodium-1.96.2.24355/lib/vscode/resources/app/out/vs/workbench/workbench.desktop.main.js:504:11032)
    at async WYe.perform (vscode-file://vscode-app/nix/store/lcc8767cmnjrz8mpfm0pir5dzv5hw73i-vscodium-1.96.2.24355/lib/vscode/resources/app/out/vs/workbench/workbench.desktop.main.js:2105:7825)
    at async zYe.apply (vscode-file://vscode-app/nix/store/lcc8767cmnjrz8mpfm0pir5dzv5hw73i-vscodium-1.96.2.24355/lib/vscode/resources/app/out/vs/workbench/workbench.desktop.main.js:2105:13409)
    at async jYe._performFileEdits (vscode-file://vscode-app/nix/store/lcc8767cmnjrz8mpfm0pir5dzv5hw73i-vscodium-1.96.2.24355/lib/vscode/resources/app/out/vs/workbench/workbench.desktop.main.js:2105:20807)
    at async jYe.perform (vscode-file://vscode-app/nix/store/lcc8767cmnjrz8mpfm0pir5dzv5hw73i-vscodium-1.96.2.24355/lib/vscode/resources/app/out/vs/workbench/workbench.desktop.main.js:2105:20247)
    at async YYe.apply (vscode-file://vscode-app/nix/store/lcc8767cmnjrz8mpfm0pir5dzv5hw73i-vscodium-1.96.2.24355/lib/vscode/resources/app/out/vs/workbench/workbench.desktop.main.js:2105:22870)
    at async vscode-file://vscode-app/nix/store/lcc8767cmnjrz8mpfm0pir5dzv5hw73i-vscodium-1.96.2.24355/lib/vscode/resources/app/out/vs/workbench/workbench.desktop.main.js:2103:125660
    at async o (vscode-file://vscode-app/nix/store/lcc8767cmnjrz8mpfm0pir5dzv5hw73i-vscodium-1.96.2.24355/lib/vscode/resources/app/out/vs/workbench/workbench.desktop.main.js:1277:13560)
2025-01-02 06:14:01.965 [error] [Extension Host] Sending request failed.
2025-01-02 06:14:02.022 [error] [Extension Host] Error: Unexpected SIGPIPE
	at process.<anonymous> (file:///nix/store/lcc8767cmnjrz8mpfm0pir5dzv5hw73i-vscodium-1.96.2.24355/lib/vscode/resources/app/out/bootstrap-fork.js:3:11831)
	at process.emit (node:events:518:28)
2025-01-02 06:14:02.030 [error] [Extension Host] Sending request failed.
2025-01-02 06:14:02.058 [error] [Extension Host] Sending request failed.
2025-01-02 06:14:02.066 [error] [Extension Host] Sending request failed.
2025-01-02 06:14:02.081 [error] [Extension Host] Sending request failed.
