2025-01-01 08:06:11.948 [info] Added views:outline in workbench.view.explorer
2025-01-01 08:06:11.948 [info] Added views:workbench.view.search in workbench.view.search
2025-01-01 08:06:11.948 [info] Added views:workbench.scm in workbench.view.scm
2025-01-01 08:06:11.948 [info] Added views:workbench.panel.markers.view in workbench.panel.markers
2025-01-01 08:06:11.948 [info] Added views:workbench.panel.output in workbench.panel.output
2025-01-01 08:06:11.948 [info] Added views:terminal in terminal
2025-01-01 08:06:11.948 [info] Added views:timeline in workbench.view.explorer
2025-01-01 08:06:11.948 [info] Added views:workbench.explorer.fileView in workbench.view.explorer
2025-01-01 08:06:12.151 [info] Added views:workbench.debug.welcome in workbench.view.debug
2025-01-01 08:06:12.712 [info] Added views:github.cweijan.mysql in workbench.view.extension.github-cweijan-mysql
2025-01-01 08:06:12.712 [info] Added views:github.cweijan.nosql in workbench.view.extension.github-cweijan-nosql
2025-01-01 08:06:12.713 [info] Added views:pr:github,issues:github in workbench.view.extension.github-pull-requests
2025-01-01 08:06:12.713 [info] Added views:workspaceViewer in workbench.view.extension.workspaceViewer
2025-01-01 08:06:12.965 [info] Added views:workbench.panel.repl.view in workbench.panel.repl
2025-01-01 08:06:13.277 [info] Added views:workbench.scm.history in workbench.view.scm
2025-01-01 08:06:13.314 [info] Added views:~remote.forwardedPorts in ~remote.forwardedPortsContainer
2025-01-01 08:06:14.312 [info] Removed views:issues:github,pr:github from workbench.view.extension.github-pull-requests
2025-01-01 08:06:14.312 [info] Added views:github:login in workbench.view.extension.github-pull-requests
2025-01-01 08:07:15.415 [info] Showing view workbench.scm.repositories in the container workbench.view.scm
2025-01-01 08:07:15.431 [info] Added views:workbench.scm.repositories in workbench.view.scm
2025-01-01 08:10:32.077 [info] Removed views:github:login from workbench.view.extension.github-pull-requests
2025-01-01 08:10:32.078 [info] Added views:pr:github,issues:github in workbench.view.extension.github-pull-requests
2025-01-01 08:10:32.080 [info] Removed views:issues:github,pr:github from workbench.view.extension.github-pull-requests
2025-01-01 08:10:32.081 [info] Added views:github:login in workbench.view.extension.github-pull-requests
2025-01-01 08:10:53.077 [info] Removed views:workbench.scm.history,workbench.scm.repositories from workbench.view.scm
2025-01-01 08:10:53.382 [info] Removed views:workbench.panel.repl.view from workbench.panel.repl
2025-01-01 08:10:53.624 [info] Added views:workbench.panel.repl.view in workbench.panel.repl
2025-01-01 08:10:53.917 [info] Added views:workbench.scm.repositories,workbench.scm.history in workbench.view.scm
2025-01-01 08:10:55.007 [info] Removed views:github:login from workbench.view.extension.github-pull-requests
2025-01-01 08:10:55.008 [info] Added views:pr:github,issues:github in workbench.view.extension.github-pull-requests
2025-01-01 08:10:55.096 [info] Removed views:issues:github,pr:github from workbench.view.extension.github-pull-requests
2025-01-01 08:10:55.097 [info] Added views:github:login in workbench.view.extension.github-pull-requests
2025-01-02 05:39:07.452 [info] Added views:workbench.views.extensions.installed,workbench.views.extensions.popular,extensions.recommendedList in workbench.view.extensions
2025-01-02 05:39:07.459 [info] Removed views:workbench.views.extensions.popular from workbench.view.extensions
2025-01-02 05:39:10.541 [info] Removed views:extensions.recommendedList,workbench.views.extensions.installed from workbench.view.extensions
2025-01-02 05:39:10.556 [info] Added views:workbench.views.extensions.marketplace in workbench.view.extensions
