2024-12-30 19:50:15.693 [warning] /home/jordan/.ssh/config: ENOENT: no such file or directory, open '/home/jordan/.ssh/config'
2024-12-30 19:50:15.693 [info] Activation> Extension version: 0.102.0
2024-12-30 19:50:15.758 [info] Looking for git repository
2024-12-30 19:50:15.758 [info] Found 0 repositories during activation
2024-12-30 19:50:15.758 [info] Git repository found, initializing review manager and pr tree view.
2024-12-30 19:50:15.762 [info] Registering git provider
2024-12-30 19:50:15.762 [info] Review+0> Validate state in progress
2024-12-30 19:50:15.762 [info] Review+0> Validating state...
2024-12-30 19:50:15.776 [info] Found GitHub remote for folder /home/jordan/Documents/docs
2024-12-30 19:50:15.777 [info] Trying to use globalState for assignableUsers.
2024-12-30 19:50:15.785 [info] Review+0> No matching pull request metadata found locally for current branch main
2024-12-30 19:50:15.785 [info] Review+0> No matching pull request metadata found on GitHub for current branch main
2024-12-30 19:50:15.796 [info] GlobalState does not exist for assignableUsers.
2024-12-30 19:51:31.194 [info] Repo state for file:///home/jordan/Documents/docs changed.
2024-12-30 19:51:31.195 [info] Repo file:///home/jordan/Documents/docs has already been setup.
2024-12-30 19:52:57.070 [info] Review+0> Validate state in progress
2024-12-30 19:52:57.070 [info] Review+0> Validating state...
2024-12-30 19:52:57.098 [info] Found GitHub remote for folder /home/jordan/Documents/docs
2024-12-30 19:52:57.098 [info] Using in-memory cached assignable users.
2024-12-30 19:52:57.105 [info] Review+0> No matching pull request metadata found locally for current branch main
2024-12-30 19:52:57.105 [info] Review+0> No matching pull request metadata found on GitHub for current branch main
2024-12-30 19:52:59.974 [info] Review+0> Validate state in progress
2024-12-30 19:52:59.974 [info] Review+0> Validating state...
2024-12-30 19:52:59.987 [info] Found GitHub remote for folder /home/jordan/Documents/docs
2024-12-30 19:52:59.987 [info] Using in-memory cached assignable users.
2024-12-30 19:52:59.993 [info] Review+0> No matching pull request metadata found locally for current branch main
2024-12-30 19:52:59.993 [info] Review+0> No matching pull request metadata found on GitHub for current branch main
