2025-01-01 07:18:46.260 [info] [main] Log level: Info
2025-01-01 07:18:46.260 [info] [main] Validating found git in: "git"
2025-01-01 07:18:46.260 [info] [main] Using git "2.47.0" from "git"
2025-01-01 07:18:46.260 [info] [Model][doInitialScan] Initial repository scan started
2025-01-01 07:18:46.260 [info] > git rev-parse --show-toplevel [4ms]
2025-01-01 07:18:46.260 [info] > git rev-parse --git-dir --git-common-dir [5ms]
2025-01-01 07:18:46.260 [info] [Model][openRepository] Opened repository: /home/jordan/Documents/docs
2025-01-01 07:18:46.260 [info] > git rev-parse --show-toplevel [5ms]
2025-01-01 07:18:46.260 [info] > git config --get commit.template [10ms]
2025-01-01 07:18:46.260 [info] > git rev-parse --show-toplevel [5ms]
2025-01-01 07:18:46.266 [info] > git for-each-ref --format=%(refname)%00%(upstream:short)%00%(objectname)%00%(upstream:track)%00%(upstream:remotename)%00%(upstream:remoteref) refs/heads/main refs/remotes/main [7ms]
2025-01-01 07:18:46.267 [info] > git rev-parse --show-toplevel [1ms]
2025-01-01 07:18:46.267 [info] [Model][doInitialScan] Initial repository scan completed - repositories (1), closed repositories (0), parent repositories (0), unsafe repositories (0)
2025-01-01 07:18:46.278 [info] > git status -z -uall [5ms]
2025-01-01 07:18:46.279 [info] > git for-each-ref --sort -committerdate --format %(refname) %(objectname) %(*objectname) [1ms]
2025-01-01 07:18:46.769 [info] > git for-each-ref --format=%(refname)%00%(upstream:short)%00%(objectname)%00%(upstream:track)%00%(upstream:remotename)%00%(upstream:remoteref) refs/heads/main refs/remotes/main [483ms]
2025-01-01 07:18:46.865 [info] > git check-ignore -v -z --stdin [86ms]
2025-01-01 07:18:46.866 [info] > git config --local branch.main.vscode-merge-base [92ms]
2025-01-01 07:18:46.875 [info] > git config --get commit.template [106ms]
2025-01-01 07:18:46.984 [info] > git show --textconv :starlight/src/content/docs/software/nixos/nixos.mdx [90ms]
2025-01-01 07:18:46.984 [info] > git ls-files --stage -- /home/jordan/Documents/docs/starlight/src/content/docs/software/nixos/nixos.mdx [85ms]
2025-01-01 07:18:46.990 [info] > git for-each-ref --format=%(refname)%00%(upstream:short)%00%(objectname)%00%(upstream:track)%00%(upstream:remotename)%00%(upstream:remoteref) refs/heads/origin/main refs/remotes/origin/main [115ms]
2025-01-01 07:18:47.091 [info] > git merge-base refs/heads/main refs/remotes/origin/main [96ms]
2025-01-01 07:18:47.096 [info] > git cat-file -s eba6fc8c8640c3618882cca8ee1ae74e16513162 [107ms]
2025-01-01 07:18:47.107 [info] > git diff --name-status -z --diff-filter=ADMR 57aa09daf34c2e2e2ad99822d89ea3cd04c0b235...refs/remotes/origin/main [11ms]
2025-01-01 07:18:47.108 [info] > git for-each-ref --format=%(refname)%00%(upstream:short)%00%(objectname)%00%(upstream:track)%00%(upstream:remotename)%00%(upstream:remoteref) refs/heads/main refs/remotes/main [18ms]
2025-01-01 07:18:47.121 [info] > git blame --root --incremental 57aa09daf34c2e2e2ad99822d89ea3cd04c0b235 -- /home/jordan/Documents/docs/starlight/src/content/docs/software/nixos/nixos.mdx [5ms]
2025-01-01 07:18:47.155 [info] > git status -z -uall [7ms]
2025-01-01 07:18:47.156 [info] > git for-each-ref --sort -committerdate --format %(refname) %(objectname) %(*objectname) [2ms]
2025-01-01 07:18:47.194 [info] > git config --local branch.main.github-pr-owner-number [7ms]
2025-01-01 07:18:47.194 [warning] [Git][config] git config failed: Failed to execute git
2025-01-01 07:18:47.286 [info] > git check-ignore -v -z --stdin [1ms]
2025-01-01 07:18:48.271 [info] > git check-ignore -v -z --stdin [1ms]
2025-01-01 07:20:51.855 [info] > git check-ignore -v -z --stdin [1ms]
2025-01-01 07:20:53.575 [info] > git show --textconv :starlight/src/content/docs/reference/example.md [9ms]
2025-01-01 07:20:53.581 [info] > git ls-files --stage -- /home/jordan/Documents/docs/starlight/src/content/docs/reference/example.md [7ms]
2025-01-01 07:20:53.591 [info] > git cat-file -s 0224f096ce6c7118e9b3843149f753f6148e636b [3ms]
2025-01-01 07:21:00.867 [info] > git check-ignore -v -z --stdin [3ms]
2025-01-01 07:21:02.181 [info] > git show --textconv :starlight/src/content/docs/guides/example.md [11ms]
2025-01-01 07:21:02.182 [info] > git ls-files --stage -- /home/jordan/Documents/docs/starlight/src/content/docs/guides/example.md [2ms]
2025-01-01 07:21:02.191 [info] > git cat-file -s ebd0f3bc762eac0f38ee658b2ded7443248846e7 [1ms]
2025-01-01 07:21:09.897 [info] > git check-ignore -v -z --stdin [1ms]
2025-01-01 07:21:12.883 [info] > git show --textconv :starlight/src/content/docs/getting-started/landing.mdx [14ms]
2025-01-01 07:21:12.884 [info] > git ls-files --stage -- /home/jordan/Documents/docs/starlight/src/content/docs/getting-started/landing.mdx [3ms]
2025-01-01 07:21:12.892 [info] > git cat-file -s 66c75f96b57f0c5e45e23dc0949618584b9a594f [1ms]
2025-01-01 07:21:28.086 [info] > git show --textconv :starlight/src/content/docs/software/nixos/nixos.mdx [14ms]
2025-01-01 07:21:28.086 [info] > git ls-files --stage -- /home/jordan/Documents/docs/starlight/src/content/docs/software/nixos/nixos.mdx [2ms]
2025-01-01 07:21:28.095 [info] > git cat-file -s eba6fc8c8640c3618882cca8ee1ae74e16513162 [2ms]
2025-01-01 07:25:26.016 [info] > git show --textconv :starlight/src/content/docs/index.mdx [12ms]
2025-01-01 07:25:26.017 [info] > git ls-files --stage -- /home/jordan/Documents/docs/starlight/src/content/docs/index.mdx [2ms]
2025-01-01 07:25:26.022 [info] > git cat-file -s 22911658a57b33d89a6696bb205516895d714819 [1ms]
2025-01-01 07:25:55.396 [info] > git check-ignore -v -z --stdin [1ms]
2025-01-01 07:26:09.600 [info] > git check-ignore -v -z --stdin [3ms]
2025-01-01 07:26:11.373 [info] > git show --textconv :starlight/src/content/docs/docker/grav/grav.mdx [12ms]
2025-01-01 07:26:11.373 [info] > git ls-files --stage -- /home/jordan/Documents/docs/starlight/src/content/docs/docker/grav/grav.mdx [1ms]
2025-01-01 07:26:11.381 [info] > git cat-file -s f9bea3d0cfe397f9f87ee0bef34aa26da8286921 [1ms]
2025-01-01 07:26:16.732 [info] > git show --textconv :starlight/src/content/docs/software/nixos/nixos.mdx [11ms]
2025-01-01 07:26:16.734 [info] > git ls-files --stage -- /home/jordan/Documents/docs/starlight/src/content/docs/software/nixos/nixos.mdx [4ms]
2025-01-01 07:26:16.745 [info] > git cat-file -s eba6fc8c8640c3618882cca8ee1ae74e16513162 [1ms]
2025-01-01 07:26:20.403 [info] > git show --textconv :starlight/src/content/docs/software/pi-hole/pi-hole.mdx [11ms]
2025-01-01 07:26:20.404 [info] > git ls-files --stage -- /home/jordan/Documents/docs/starlight/src/content/docs/software/pi-hole/pi-hole.mdx [2ms]
2025-01-01 07:26:20.411 [info] > git cat-file -s d708d8f2d694010045aba0783f94355806a0e2bf [1ms]
2025-01-01 07:26:20.424 [info] > git blame --root --incremental 57aa09daf34c2e2e2ad99822d89ea3cd04c0b235 -- /home/jordan/Documents/docs/starlight/src/content/docs/software/pi-hole/pi-hole.mdx [4ms]
2025-01-01 07:26:30.717 [info] > git show --textconv :starlight/src/content/docs/software/nixos/nixos.mdx [13ms]
2025-01-01 07:26:30.718 [info] > git ls-files --stage -- /home/jordan/Documents/docs/starlight/src/content/docs/software/nixos/nixos.mdx [2ms]
2025-01-01 07:26:30.727 [info] > git cat-file -s eba6fc8c8640c3618882cca8ee1ae74e16513162 [2ms]
2025-01-01 07:26:49.577 [info] > git show --textconv :starlight/src/content/docs/software/pi-hole/pi-hole.mdx [8ms]
2025-01-01 07:26:49.578 [info] > git ls-files --stage -- /home/jordan/Documents/docs/starlight/src/content/docs/software/pi-hole/pi-hole.mdx [2ms]
2025-01-01 07:26:49.584 [info] > git cat-file -s d708d8f2d694010045aba0783f94355806a0e2bf [1ms]
2025-01-01 07:26:57.789 [info] > git show --textconv :starlight/src/content/docs/docker/grav/grav.mdx [8ms]
2025-01-01 07:26:57.790 [info] > git ls-files --stage -- /home/jordan/Documents/docs/starlight/src/content/docs/docker/grav/grav.mdx [2ms]
2025-01-01 07:26:57.796 [info] > git cat-file -s f9bea3d0cfe397f9f87ee0bef34aa26da8286921 [1ms]
2025-01-01 07:29:40.886 [info] > git config --get commit.template [11ms]
2025-01-01 07:29:40.887 [info] > git check-ignore -v -z --stdin [3ms]
2025-01-01 07:29:40.897 [info] > git for-each-ref --format=%(refname)%00%(upstream:short)%00%(objectname)%00%(upstream:track)%00%(upstream:remotename)%00%(upstream:remoteref) refs/heads/main refs/remotes/main [1ms]
2025-01-01 07:29:40.910 [info] > git status -z -uall [6ms]
2025-01-01 07:29:40.910 [info] > git for-each-ref --sort -committerdate --format %(refname) %(objectname) %(*objectname) [1ms]
2025-01-01 07:29:47.906 [info] > git config --get commit.template [8ms]
2025-01-01 07:29:47.907 [info] > git for-each-ref --format=%(refname)%00%(upstream:short)%00%(objectname)%00%(upstream:track)%00%(upstream:remotename)%00%(upstream:remoteref) refs/heads/main refs/remotes/main [2ms]
2025-01-01 07:29:47.922 [info] > git for-each-ref --sort -committerdate --format %(refname) %(objectname) %(*objectname) [2ms]
2025-01-01 07:29:47.933 [info] > git status -z -uall [19ms]
2025-01-01 07:30:43.561 [info] > git show --textconv :starlight/.gitignore [13ms]
2025-01-01 07:30:43.563 [info] > git ls-files --stage -- /home/jordan/Documents/docs/starlight/.gitignore [3ms]
2025-01-01 07:30:43.571 [info] > git cat-file -s 6240da8b10bfc3ab9dc4564c4169453cf143db7f [2ms]
2025-01-01 07:30:56.463 [info] > git show --textconv :starlight/astro.config.mjs [6ms]
2025-01-01 07:30:56.464 [info] > git ls-files --stage -- /home/jordan/Documents/docs/starlight/astro.config.mjs [2ms]
2025-01-01 07:30:56.471 [info] > git cat-file -s 64d990b7c52ea360ea3bd1a3db4da33e38b45892 [1ms]
2025-01-01 07:31:04.499 [info] > git blame --root --incremental 57aa09daf34c2e2e2ad99822d89ea3cd04c0b235 -- /home/jordan/Documents/docs/starlight/astro.config.mjs [159ms]
2025-01-01 07:32:11.895 [info] > git config --get commit.template [11ms]
2025-01-01 07:32:11.895 [info] > git for-each-ref --format=%(refname)%00%(upstream:short)%00%(objectname)%00%(upstream:track)%00%(upstream:remotename)%00%(upstream:remoteref) refs/heads/main refs/remotes/main [1ms]
2025-01-01 07:32:11.910 [info] > git for-each-ref --sort -committerdate --format %(refname) %(objectname) %(*objectname) [1ms]
2025-01-01 07:32:11.919 [info] > git status -z -uall [16ms]
2025-01-01 07:32:22.843 [info] > git config --get commit.template [8ms]
2025-01-01 07:32:22.844 [info] > git for-each-ref --format=%(refname)%00%(upstream:short)%00%(objectname)%00%(upstream:track)%00%(upstream:remotename)%00%(upstream:remoteref) refs/heads/main refs/remotes/main [1ms]
2025-01-01 07:32:22.857 [info] > git for-each-ref --sort -committerdate --format %(refname) %(objectname) %(*objectname) [1ms]
2025-01-01 07:32:22.867 [info] > git status -z -uall [18ms]
2025-01-01 07:32:23.570 [info] > git show --textconv HEAD:starlight/astro.config.mjs [8ms]
2025-01-01 07:32:23.571 [info] > git ls-tree -l HEAD -- /home/jordan/Documents/docs/starlight/astro.config.mjs [2ms]
2025-01-01 07:32:23.937 [info] > git config --get commit.template [12ms]
2025-01-01 07:32:23.939 [info] > git for-each-ref --format=%(refname)%00%(upstream:short)%00%(objectname)%00%(upstream:track)%00%(upstream:remotename)%00%(upstream:remoteref) refs/heads/main refs/remotes/main [3ms]
2025-01-01 07:32:23.955 [info] > git for-each-ref --sort -committerdate --format %(refname) %(objectname) %(*objectname) [1ms]
2025-01-01 07:32:23.966 [info] > git status -z -uall [20ms]
2025-01-01 07:32:24.022 [info] > git ls-files --stage -- /home/jordan/Documents/docs/starlight/astro.config.mjs [5ms]
2025-01-01 07:32:24.028 [info] > git ls-tree -l HEAD -- /home/jordan/Documents/docs/starlight/astro.config.mjs [5ms]
2025-01-01 07:32:24.028 [info] > git cat-file -s 238ff293cf4dc64c07331480d48dc9f34e2decea [1ms]
2025-01-01 07:32:24.040 [info] > git show --textconv HEAD:starlight/astro.config.mjs [6ms]
2025-01-01 07:32:24.041 [info] > git show --textconv :starlight/astro.config.mjs [1ms]
2025-01-01 07:32:37.856 [info] > git config --get commit.template [9ms]
2025-01-01 07:32:37.857 [info] > git for-each-ref --format=%(refname)%00%(upstream:short)%00%(objectname)%00%(upstream:track)%00%(upstream:remotename)%00%(upstream:remoteref) refs/heads/main refs/remotes/main [1ms]
2025-01-01 07:32:37.870 [info] > git for-each-ref --sort -committerdate --format %(refname) %(objectname) %(*objectname) [1ms]
2025-01-01 07:32:37.876 [info] > git status -z -uall [14ms]
2025-01-01 07:32:37.906 [info] > git merge-base refs/heads/main refs/remotes/origin/main [2ms]
2025-01-01 07:32:37.913 [info] > git diff --name-status -z --diff-filter=ADMR 57aa09daf34c2e2e2ad99822d89ea3cd04c0b235...refs/remotes/origin/main [2ms]
2025-01-01 07:32:37.932 [info] > git config --local branch.main.github-pr-owner-number [0ms]
2025-01-01 07:32:37.932 [warning] [Git][config] git config failed: Failed to execute git
2025-01-01 07:32:37.961 [info] > git blame --root --incremental bd6c4f58bb7db1ca52cacfd61a0902a49397d8e0 -- /home/jordan/Documents/docs/starlight/astro.config.mjs [62ms]
2025-01-01 07:32:38.658 [info] > git config --get commit.template [6ms]
2025-01-01 07:32:38.658 [info] > git for-each-ref --format=%(refname)%00%(upstream:short)%00%(objectname)%00%(upstream:track)%00%(upstream:remotename)%00%(upstream:remoteref) refs/heads/main refs/remotes/main [1ms]
2025-01-01 07:32:38.673 [info] > git for-each-ref --sort -committerdate --format %(refname) %(objectname) %(*objectname) [1ms]
2025-01-01 07:32:38.678 [info] > git status -z -uall [14ms]
2025-01-01 07:32:38.765 [info] > git ls-files --stage -- /home/jordan/Documents/docs/starlight/astro.config.mjs [4ms]
2025-01-01 07:32:38.779 [info] > git cat-file -s 238ff293cf4dc64c07331480d48dc9f34e2decea [3ms]
2025-01-01 07:32:38.793 [info] > git show --textconv :starlight/astro.config.mjs [3ms]
2025-01-01 07:32:44.243 [info] > git show --textconv :starlight/.gitignore [13ms]
2025-01-01 07:32:44.245 [info] > git ls-files --stage -- /home/jordan/Documents/docs/starlight/.gitignore [3ms]
2025-01-01 07:32:44.253 [info] > git cat-file -s 6240da8b10bfc3ab9dc4564c4169453cf143db7f [1ms]
2025-01-01 07:32:46.448 [info] > git blame --root --incremental bd6c4f58bb7db1ca52cacfd61a0902a49397d8e0 -- /home/jordan/Documents/docs/starlight/.gitignore [33ms]
2025-01-01 07:33:20.829 [info] > git config --get commit.template [7ms]
2025-01-01 07:33:20.829 [info] > git for-each-ref --format=%(refname)%00%(upstream:short)%00%(objectname)%00%(upstream:track)%00%(upstream:remotename)%00%(upstream:remoteref) refs/heads/main refs/remotes/main [1ms]
2025-01-01 07:33:20.842 [info] > git for-each-ref --sort -committerdate --format %(refname) %(objectname) %(*objectname) [2ms]
2025-01-01 07:33:20.848 [info] > git status -z -uall [14ms]
2025-01-01 07:33:20.861 [info] > git merge-base refs/heads/main refs/remotes/origin/main [6ms]
2025-01-01 07:33:20.867 [info] > git config --local branch.main.github-pr-owner-number [6ms]
2025-01-01 07:33:20.867 [warning] [Git][config] git config failed: Failed to execute git
2025-01-01 07:33:20.867 [info] > git diff --name-status -z --diff-filter=ADMR bd6c4f58bb7db1ca52cacfd61a0902a49397d8e0...refs/remotes/origin/main [1ms]
2025-01-01 07:33:21.943 [info] > git config --get commit.template [13ms]
2025-01-01 07:33:21.944 [info] > git for-each-ref --format=%(refname)%00%(upstream:short)%00%(objectname)%00%(upstream:track)%00%(upstream:remotename)%00%(upstream:remoteref) refs/heads/main refs/remotes/main [1ms]
2025-01-01 07:33:21.961 [info] > git for-each-ref --sort -committerdate --format %(refname) %(objectname) %(*objectname) [1ms]
2025-01-01 07:33:21.969 [info] > git status -z -uall [16ms]
2025-01-01 07:33:22.042 [info] > git ls-files --stage -- /home/jordan/Documents/docs/starlight/.gitignore [4ms]
2025-01-01 07:33:22.051 [info] > git cat-file -s 6240da8b10bfc3ab9dc4564c4169453cf143db7f [1ms]
2025-01-01 07:33:22.059 [info] > git show --textconv :starlight/.gitignore [2ms]
2025-01-01 07:35:11.249 [info] > git show --textconv :starlight/astro.config.mjs [9ms]
2025-01-01 07:35:11.250 [info] > git ls-files --stage -- /home/jordan/Documents/docs/starlight/astro.config.mjs [2ms]
2025-01-01 07:35:11.256 [info] > git cat-file -s 238ff293cf4dc64c07331480d48dc9f34e2decea [1ms]
2025-01-01 07:35:16.283 [info] > git show --textconv :starlight/README.md [14ms]
2025-01-01 07:35:16.285 [info] > git ls-files --stage -- /home/jordan/Documents/docs/starlight/README.md [3ms]
2025-01-01 07:35:16.292 [info] > git cat-file -s b51abaabcd439b9f24bb332de9e368717bbfc2a2 [1ms]
2025-01-01 07:36:20.862 [info] > git config --get commit.template [9ms]
2025-01-01 07:36:20.863 [info] > git for-each-ref --format=%(refname)%00%(upstream:short)%00%(objectname)%00%(upstream:track)%00%(upstream:remotename)%00%(upstream:remoteref) refs/heads/main refs/remotes/main [3ms]
2025-01-01 07:36:20.877 [info] > git for-each-ref --sort -committerdate --format %(refname) %(objectname) %(*objectname) [1ms]
2025-01-01 07:36:20.884 [info] > git status -z -uall [14ms]
2025-01-01 07:36:34.975 [info] > git check-ignore -v -z --stdin [3ms]
2025-01-01 07:36:35.336 [info] > git config --get commit.template [12ms]
2025-01-01 07:36:35.337 [info] > git for-each-ref --format=%(refname)%00%(upstream:short)%00%(objectname)%00%(upstream:track)%00%(upstream:remotename)%00%(upstream:remoteref) refs/heads/main refs/remotes/main [1ms]
2025-01-01 07:36:35.355 [info] > git for-each-ref --sort -committerdate --format %(refname) %(objectname) %(*objectname) [2ms]
2025-01-01 07:36:35.362 [info] > git status -z -uall [18ms]
2025-01-01 07:37:13.145 [info] > git config --get commit.template [5ms]
2025-01-01 07:37:13.146 [info] > git for-each-ref --format=%(refname)%00%(upstream:short)%00%(objectname)%00%(upstream:track)%00%(upstream:remotename)%00%(upstream:remoteref) refs/heads/main refs/remotes/main [1ms]
2025-01-01 07:37:13.158 [info] > git for-each-ref --sort -committerdate --format %(refname) %(objectname) %(*objectname) [1ms]
2025-01-01 07:37:13.163 [info] > git status -z -uall [12ms]
2025-01-01 07:37:14.276 [info] > git config --get commit.template [14ms]
2025-01-01 07:37:14.276 [info] > git for-each-ref --format=%(refname)%00%(upstream:short)%00%(objectname)%00%(upstream:track)%00%(upstream:remotename)%00%(upstream:remoteref) refs/heads/main refs/remotes/main [2ms]
2025-01-01 07:37:14.296 [info] > git for-each-ref --sort -committerdate --format %(refname) %(objectname) %(*objectname) [2ms]
2025-01-01 07:37:14.303 [info] > git status -z -uall [18ms]
2025-01-01 07:37:14.368 [info] > git ls-files --stage -- /home/jordan/Documents/docs/starlight/README.md [4ms]
2025-01-01 07:37:14.380 [info] > git cat-file -s b51abaabcd439b9f24bb332de9e368717bbfc2a2 [2ms]
2025-01-01 07:37:14.392 [info] > git show --textconv :starlight/README.md [3ms]
2025-01-01 07:37:21.752 [info] > git config --get commit.template [5ms]
2025-01-01 07:37:21.753 [info] > git for-each-ref --format=%(refname)%00%(upstream:short)%00%(objectname)%00%(upstream:track)%00%(upstream:remotename)%00%(upstream:remoteref) refs/heads/main refs/remotes/main [1ms]
2025-01-01 07:37:21.766 [info] > git for-each-ref --sort -committerdate --format %(refname) %(objectname) %(*objectname) [1ms]
2025-01-01 07:37:21.771 [info] > git status -z -uall [12ms]
2025-01-01 07:37:21.779 [info] > git merge-base refs/heads/main refs/remotes/origin/main [1ms]
2025-01-01 07:37:21.785 [info] > git diff --name-status -z --diff-filter=ADMR bd6c4f58bb7db1ca52cacfd61a0902a49397d8e0...refs/remotes/origin/main [1ms]
2025-01-01 07:37:21.811 [info] > git config --local branch.main.github-pr-owner-number [1ms]
2025-01-01 07:37:21.811 [warning] [Git][config] git config failed: Failed to execute git
2025-01-01 07:37:22.837 [info] > git config --get commit.template [12ms]
2025-01-01 07:37:22.839 [info] > git for-each-ref --format=%(refname)%00%(upstream:short)%00%(objectname)%00%(upstream:track)%00%(upstream:remotename)%00%(upstream:remoteref) refs/heads/main refs/remotes/main [3ms]
2025-01-01 07:37:22.860 [info] > git for-each-ref --sort -committerdate --format %(refname) %(objectname) %(*objectname) [2ms]
2025-01-01 07:37:22.866 [info] > git status -z -uall [16ms]
2025-01-01 07:37:22.930 [info] > git ls-files --stage -- /home/jordan/Documents/docs/starlight/README.md [4ms]
2025-01-01 07:37:22.944 [info] > git cat-file -s b51abaabcd439b9f24bb332de9e368717bbfc2a2 [3ms]
2025-01-01 07:37:22.960 [info] > git show --textconv :starlight/README.md [5ms]
2025-01-01 07:37:30.565 [info] > git config --get commit.template [9ms]
2025-01-01 07:37:30.566 [info] > git for-each-ref --format=%(refname)%00%(upstream:short)%00%(objectname)%00%(upstream:track)%00%(upstream:remotename)%00%(upstream:remoteref) refs/heads/main refs/remotes/main [2ms]
2025-01-01 07:37:30.579 [info] > git for-each-ref --sort -committerdate --format %(refname) %(objectname) %(*objectname) [1ms]
2025-01-01 07:37:30.585 [info] > git status -z -uall [13ms]
2025-01-01 07:37:30.594 [info] > git merge-base refs/heads/main refs/remotes/origin/main [1ms]
2025-01-01 07:37:30.606 [info] > git config --local branch.main.github-pr-owner-number [1ms]
2025-01-01 07:37:30.607 [warning] [Git][config] git config failed: Failed to execute git
2025-01-01 07:37:30.607 [info] > git diff --name-status -z --diff-filter=ADMR fea10939196f695e2f481f12da9e498eea21d143...refs/remotes/origin/main [8ms]
2025-01-01 07:37:31.629 [info] > git config --get commit.template [13ms]
2025-01-01 07:37:31.629 [info] > git for-each-ref --format=%(refname)%00%(upstream:short)%00%(objectname)%00%(upstream:track)%00%(upstream:remotename)%00%(upstream:remoteref) refs/heads/main refs/remotes/main [1ms]
2025-01-01 07:37:31.648 [info] > git for-each-ref --sort -committerdate --format %(refname) %(objectname) %(*objectname) [2ms]
2025-01-01 07:37:31.653 [info] > git status -z -uall [17ms]
2025-01-01 07:37:31.722 [info] > git ls-files --stage -- /home/jordan/Documents/docs/starlight/README.md [2ms]
2025-01-01 07:37:31.732 [info] > git cat-file -s b51abaabcd439b9f24bb332de9e368717bbfc2a2 [3ms]
2025-01-01 07:37:31.746 [info] > git show --textconv :starlight/README.md [4ms]
2025-01-01 07:40:07.645 [info] > git show --textconv :starlight/astro.config.mjs [10ms]
2025-01-01 07:40:07.646 [info] > git ls-files --stage -- /home/jordan/Documents/docs/starlight/astro.config.mjs [2ms]
2025-01-01 07:40:07.653 [info] > git cat-file -s 238ff293cf4dc64c07331480d48dc9f34e2decea [1ms]
2025-01-01 07:40:07.726 [info] > git blame --root --incremental fea10939196f695e2f481f12da9e498eea21d143 -- /home/jordan/Documents/docs/starlight/astro.config.mjs [63ms]
2025-01-01 07:44:04.095 [info] > git show --textconv :starlight/README.md [10ms]
2025-01-01 07:44:04.097 [info] > git ls-files --stage -- /home/jordan/Documents/docs/starlight/README.md [3ms]
2025-01-01 07:44:04.104 [info] > git cat-file -s b51abaabcd439b9f24bb332de9e368717bbfc2a2 [1ms]
2025-01-01 07:44:44.884 [info] > git config --get commit.template [12ms]
2025-01-01 07:44:44.885 [info] > git for-each-ref --format=%(refname)%00%(upstream:short)%00%(objectname)%00%(upstream:track)%00%(upstream:remotename)%00%(upstream:remoteref) refs/heads/main refs/remotes/main [1ms]
2025-01-01 07:44:44.907 [info] > git for-each-ref --sort -committerdate --format %(refname) %(objectname) %(*objectname) [2ms]
2025-01-01 07:44:44.915 [info] > git status -z -uall [21ms]
2025-01-01 07:46:07.391 [info] > git show --textconv :starlight/.gitignore [9ms]
2025-01-01 07:46:07.392 [info] > git ls-files --stage -- /home/jordan/Documents/docs/starlight/.gitignore [3ms]
2025-01-01 07:46:07.400 [info] > git cat-file -s 6240da8b10bfc3ab9dc4564c4169453cf143db7f [2ms]
2025-01-01 07:46:07.447 [info] > git blame --root --incremental fea10939196f695e2f481f12da9e498eea21d143 -- /home/jordan/Documents/docs/starlight/.gitignore [36ms]
2025-01-01 07:46:56.813 [info] > git check-ignore -v -z --stdin [6ms]
2025-01-01 07:46:57.216 [info] > git config --get commit.template [3ms]
2025-01-01 07:46:57.229 [info] > git for-each-ref --format=%(refname)%00%(upstream:short)%00%(objectname)%00%(upstream:track)%00%(upstream:remotename)%00%(upstream:remoteref) refs/heads/main refs/remotes/main [2ms]
2025-01-01 07:46:57.248 [info] > git for-each-ref --sort -committerdate --format %(refname) %(objectname) %(*objectname) [1ms]
2025-01-01 07:46:57.257 [info] > git status -z -uall [18ms]
2025-01-01 07:47:02.204 [info] > git show --textconv :starlight/astro.config.mjs [10ms]
2025-01-01 07:47:02.207 [info] > git ls-files --stage -- /home/jordan/Documents/docs/starlight/astro.config.mjs [3ms]
2025-01-01 07:47:02.214 [info] > git cat-file -s 238ff293cf4dc64c07331480d48dc9f34e2decea [1ms]
2025-01-01 07:47:04.631 [info] > git check-ignore -v -z --stdin [2ms]
2025-01-01 07:47:07.097 [info] > git check-ignore -v -z --stdin [1ms]
2025-01-01 07:47:13.610 [info] > git show --textconv :README.md [10ms]
2025-01-01 07:47:13.611 [info] > git ls-files --stage -- /home/jordan/Documents/docs/README.md [2ms]
2025-01-01 07:47:13.618 [info] > git cat-file -s b987ea3644551a932671c9cc669092387d7c0478 [1ms]
2025-01-01 07:48:29.657 [info] > git config --get commit.template [10ms]
2025-01-01 07:48:29.657 [info] > git for-each-ref --format=%(refname)%00%(upstream:short)%00%(objectname)%00%(upstream:track)%00%(upstream:remotename)%00%(upstream:remoteref) refs/heads/main refs/remotes/main [1ms]
2025-01-01 07:48:29.670 [info] > git for-each-ref --sort -committerdate --format %(refname) %(objectname) %(*objectname) [1ms]
2025-01-01 07:48:29.686 [info] > git status -z -uall [23ms]
2025-01-01 07:49:20.568 [info] > git show --textconv :package.json [9ms]
2025-01-01 07:49:20.569 [info] > git ls-files --stage -- /home/jordan/Documents/docs/package.json [2ms]
2025-01-01 07:49:20.579 [info] > git cat-file -s 03e9b41e62914c8ebb5263f51f42fb380e40bed6 [2ms]
2025-01-01 07:49:46.712 [info] > git blame --root --incremental fea10939196f695e2f481f12da9e498eea21d143 -- /home/jordan/Documents/docs/package.json [2ms]
2025-01-01 07:51:01.033 [info] > git config --get commit.template [14ms]
2025-01-01 07:51:01.034 [info] > git for-each-ref --format=%(refname)%00%(upstream:short)%00%(objectname)%00%(upstream:track)%00%(upstream:remotename)%00%(upstream:remoteref) refs/heads/main refs/remotes/main [3ms]
2025-01-01 07:51:01.054 [info] > git for-each-ref --sort -committerdate --format %(refname) %(objectname) %(*objectname) [1ms]
2025-01-01 07:51:01.065 [info] > git status -z -uall [20ms]
2025-01-01 07:51:10.041 [info] > git config --get commit.template [8ms]
2025-01-01 07:51:10.042 [info] > git for-each-ref --format=%(refname)%00%(upstream:short)%00%(objectname)%00%(upstream:track)%00%(upstream:remotename)%00%(upstream:remoteref) refs/heads/main refs/remotes/main [2ms]
2025-01-01 07:51:10.062 [info] > git for-each-ref --sort -committerdate --format %(refname) %(objectname) %(*objectname) [1ms]
2025-01-01 07:51:10.074 [info] > git status -z -uall [21ms]
2025-01-01 07:51:34.222 [info] > git config --get commit.template [11ms]
2025-01-01 07:51:34.222 [info] > git for-each-ref --format=%(refname)%00%(upstream:short)%00%(objectname)%00%(upstream:track)%00%(upstream:remotename)%00%(upstream:remoteref) refs/heads/main refs/remotes/main [1ms]
2025-01-01 07:51:34.238 [info] > git for-each-ref --sort -committerdate --format %(refname) %(objectname) %(*objectname) [1ms]
2025-01-01 07:51:34.274 [info] > git status -z -uall [44ms]
2025-01-01 07:51:34.334 [info] > git ls-files --stage -- /home/jordan/Documents/docs/package.json [2ms]
2025-01-01 07:51:34.340 [info] > git cat-file -s ec80683fd1e0804af314a0c9aace30b6e4e05191 [1ms]
2025-01-01 07:51:34.348 [info] > git show --textconv :package.json [2ms]
2025-01-01 07:51:34.703 [info] > git show --textconv HEAD:package.json [13ms]
2025-01-01 07:51:34.705 [info] > git ls-tree -l HEAD -- /home/jordan/Documents/docs/package.json [3ms]
2025-01-01 07:51:38.415 [info] > git config --get commit.template [6ms]
2025-01-01 07:51:38.415 [info] > git for-each-ref --format=%(refname)%00%(upstream:short)%00%(objectname)%00%(upstream:track)%00%(upstream:remotename)%00%(upstream:remoteref) refs/heads/main refs/remotes/main [1ms]
2025-01-01 07:51:38.428 [info] > git for-each-ref --sort -committerdate --format %(refname) %(objectname) %(*objectname) [1ms]
2025-01-01 07:51:38.466 [info] > git status -z -uall [46ms]
2025-01-01 07:51:41.216 [info] > git show --textconv :starlight/.gitignore [29ms]
2025-01-01 07:51:41.217 [info] > git show --textconv HEAD:starlight/.gitignore [18ms]
2025-01-01 07:51:41.217 [info] > git ls-files --stage -- /home/jordan/Documents/docs/starlight/.gitignore [9ms]
2025-01-01 07:51:41.224 [info] > git ls-tree -l HEAD -- /home/jordan/Documents/docs/starlight/.gitignore [9ms]
2025-01-01 07:51:41.225 [info] > git cat-file -s 315095425e8ce18a2457f491df892c4e46fe4099 [2ms]
2025-01-01 07:52:01.623 [info] > git check-ignore -v -z --stdin [7ms]
2025-01-01 07:52:02.086 [info] > git config --get commit.template [8ms]
2025-01-01 07:52:02.087 [info] > git for-each-ref --format=%(refname)%00%(upstream:short)%00%(objectname)%00%(upstream:track)%00%(upstream:remotename)%00%(upstream:remoteref) refs/heads/main refs/remotes/main [2ms]
2025-01-01 07:52:02.108 [info] > git for-each-ref --sort -committerdate --format %(refname) %(objectname) %(*objectname) [1ms]
2025-01-01 07:52:02.147 [info] > git status -z -uall [48ms]
2025-01-01 07:52:07.767 [info] > git config --get commit.template [6ms]
2025-01-01 07:52:07.767 [info] > git for-each-ref --format=%(refname)%00%(upstream:short)%00%(objectname)%00%(upstream:track)%00%(upstream:remotename)%00%(upstream:remoteref) refs/heads/main refs/remotes/main [1ms]
2025-01-01 07:52:07.781 [info] > git for-each-ref --sort -committerdate --format %(refname) %(objectname) %(*objectname) [1ms]
2025-01-01 07:52:07.818 [info] > git status -z -uall [45ms]
2025-01-01 07:52:08.902 [info] > git config --get commit.template [13ms]
2025-01-01 07:52:08.903 [info] > git for-each-ref --format=%(refname)%00%(upstream:short)%00%(objectname)%00%(upstream:track)%00%(upstream:remotename)%00%(upstream:remoteref) refs/heads/main refs/remotes/main [2ms]
2025-01-01 07:52:08.924 [info] > git for-each-ref --sort -committerdate --format %(refname) %(objectname) %(*objectname) [1ms]
2025-01-01 07:52:08.964 [info] > git status -z -uall [50ms]
2025-01-01 07:52:08.988 [info] > git ls-files --stage -- /home/jordan/Documents/docs/starlight/.gitignore [6ms]
2025-01-01 07:52:08.993 [info] > git ls-tree -l HEAD -- /home/jordan/Documents/docs/starlight/.gitignore [6ms]
2025-01-01 07:52:08.994 [info] > git cat-file -s 1a74f6b422e175459ffcdab2e863bc55295b1fb3 [1ms]
2025-01-01 07:52:09.006 [info] > git show --textconv HEAD:starlight/.gitignore [6ms]
2025-01-01 07:52:09.007 [info] > git show --textconv :starlight/.gitignore [2ms]
2025-01-01 07:52:18.683 [info] > git config --get commit.template [5ms]
2025-01-01 07:52:18.683 [info] > git for-each-ref --format=%(refname)%00%(upstream:short)%00%(objectname)%00%(upstream:track)%00%(upstream:remotename)%00%(upstream:remoteref) refs/heads/main refs/remotes/main [1ms]
2025-01-01 07:52:18.698 [info] > git for-each-ref --sort -committerdate --format %(refname) %(objectname) %(*objectname) [1ms]
2025-01-01 07:52:18.705 [info] > git status -z -uall [16ms]
2025-01-01 07:52:18.724 [info] > git merge-base refs/heads/main refs/remotes/origin/main [2ms]
2025-01-01 07:52:18.730 [info] > git diff --name-status -z --diff-filter=ADMR fea10939196f695e2f481f12da9e498eea21d143...refs/remotes/origin/main [1ms]
2025-01-01 07:52:18.750 [info] > git blame --root --incremental 69ba1a057bbf55f92e6018e60d3a620fec09036f -- /home/jordan/Documents/docs/starlight/.gitignore [35ms]
2025-01-01 07:52:18.751 [info] > git config --local branch.main.github-pr-owner-number [1ms]
2025-01-01 07:52:18.751 [warning] [Git][config] git config failed: Failed to execute git
2025-01-01 07:52:19.817 [info] > git ls-files --stage -- /home/jordan/Documents/docs/starlight/.gitignore [4ms]
2025-01-01 07:52:19.830 [info] > git cat-file -s 1a74f6b422e175459ffcdab2e863bc55295b1fb3 [1ms]
2025-01-01 07:52:19.846 [info] > git show --textconv :starlight/.gitignore [4ms]
2025-01-01 07:52:37.628 [info] > git config --get commit.template [6ms]
2025-01-01 07:52:37.632 [info] > git for-each-ref --format=%(refname)%00%(upstream:short)%00%(objectname)%00%(upstream:track)%00%(upstream:remotename)%00%(upstream:remoteref) refs/heads/main refs/remotes/main [5ms]
2025-01-01 07:52:37.667 [info] > git for-each-ref --sort -committerdate --format %(refname) %(objectname) %(*objectname) [2ms]
2025-01-01 07:52:37.697 [info] > git status -z -uall [41ms] (cancelled)
2025-01-01 07:52:37.698 [info] > git check-ignore -v -z --stdin [1ms]
2025-01-01 07:52:38.792 [info] > git ls-files --stage -- /home/jordan/Documents/docs/starlight/.gitignore [2ms]
2025-01-01 07:52:38.805 [info] > git cat-file -s 1a74f6b422e175459ffcdab2e863bc55295b1fb3 [3ms]
2025-01-01 07:52:38.818 [info] > git show --textconv :starlight/.gitignore [2ms]
2025-01-01 07:52:55.831 [info] > git config --get commit.template [6ms]
2025-01-01 07:52:55.833 [info] > git for-each-ref --format=%(refname)%00%(upstream:short)%00%(objectname)%00%(upstream:track)%00%(upstream:remotename)%00%(upstream:remoteref) refs/heads/main refs/remotes/main [2ms]
2025-01-01 07:52:55.847 [info] > git for-each-ref --sort -committerdate --format %(refname) %(objectname) %(*objectname) [1ms]
2025-01-01 07:52:55.916 [info] > git status -z -uall [76ms] (cancelled)
2025-01-01 07:52:57.027 [info] > git ls-files --stage -- /home/jordan/Documents/docs/starlight/.gitignore [1ms]
2025-01-01 07:52:57.036 [info] > git cat-file -s 1a74f6b422e175459ffcdab2e863bc55295b1fb3 [1ms]
2025-01-01 07:52:57.045 [info] > git show --textconv :starlight/.gitignore [2ms]
2025-01-01 07:53:16.017 [info] > git config --get commit.template [6ms]
2025-01-01 07:53:16.018 [info] > git for-each-ref --format=%(refname)%00%(upstream:short)%00%(objectname)%00%(upstream:track)%00%(upstream:remotename)%00%(upstream:remoteref) refs/heads/main refs/remotes/main [1ms]
2025-01-01 07:53:16.032 [info] > git for-each-ref --sort -committerdate --format %(refname) %(objectname) %(*objectname) [1ms]
2025-01-01 07:53:16.049 [info] > git status -z -uall [25ms]
2025-01-01 07:53:17.158 [info] > git ls-files --stage -- /home/jordan/Documents/docs/starlight/.gitignore [2ms]
2025-01-01 07:53:17.170 [info] > git cat-file -s 1a74f6b422e175459ffcdab2e863bc55295b1fb3 [3ms]
2025-01-01 07:53:17.188 [info] > git show --textconv :starlight/.gitignore [5ms]
2025-01-01 07:53:29.868 [info] > git config --get commit.template [5ms]
2025-01-01 07:53:29.869 [info] > git for-each-ref --format=%(refname)%00%(upstream:short)%00%(objectname)%00%(upstream:track)%00%(upstream:remotename)%00%(upstream:remoteref) refs/heads/main refs/remotes/main [1ms]
2025-01-01 07:53:29.885 [info] > git for-each-ref --sort -committerdate --format %(refname) %(objectname) %(*objectname) [1ms]
2025-01-01 07:53:29.892 [info] > git status -z -uall [17ms]
2025-01-01 07:53:29.907 [info] > git merge-base refs/heads/main refs/remotes/origin/main [2ms]
2025-01-01 07:53:29.914 [info] > git diff --name-status -z --diff-filter=ADMR fea10939196f695e2f481f12da9e498eea21d143...refs/remotes/origin/main [1ms]
2025-01-01 07:53:29.936 [info] > git blame --root --incremental 42bc2ea80213a43686c474fe7f7cc5ac1dd5fac2 -- /home/jordan/Documents/docs/starlight/.gitignore [37ms]
2025-01-01 07:53:29.938 [info] > git config --local branch.main.github-pr-owner-number [1ms]
2025-01-01 07:53:29.938 [warning] [Git][config] git config failed: Failed to execute git
2025-01-01 07:53:30.959 [info] > git config --get commit.template [8ms]
2025-01-01 07:53:30.961 [info] > git for-each-ref --format=%(refname)%00%(upstream:short)%00%(objectname)%00%(upstream:track)%00%(upstream:remotename)%00%(upstream:remoteref) refs/heads/main refs/remotes/main [3ms]
2025-01-01 07:53:30.981 [info] > git for-each-ref --sort -committerdate --format %(refname) %(objectname) %(*objectname) [1ms]
2025-01-01 07:53:30.988 [info] > git status -z -uall [17ms]
2025-01-01 07:53:31.058 [info] > git ls-files --stage -- /home/jordan/Documents/docs/starlight/.gitignore [5ms]
2025-01-01 07:53:31.072 [info] > git cat-file -s 1a74f6b422e175459ffcdab2e863bc55295b1fb3 [2ms]
2025-01-01 07:53:31.088 [info] > git show --textconv :starlight/.gitignore [5ms]
2025-01-01 07:53:43.148 [info] > git config --get commit.template [7ms]
2025-01-01 07:53:43.149 [info] > git for-each-ref --format=%(refname)%00%(upstream:short)%00%(objectname)%00%(upstream:track)%00%(upstream:remotename)%00%(upstream:remoteref) refs/heads/main refs/remotes/main [1ms]
2025-01-01 07:53:43.165 [info] > git for-each-ref --sort -committerdate --format %(refname) %(objectname) %(*objectname) [1ms]
2025-01-01 07:53:43.172 [info] > git status -z -uall [15ms]
2025-01-01 07:53:43.184 [info] > git merge-base refs/heads/main refs/remotes/origin/main [2ms]
2025-01-01 07:53:43.201 [info] > git config --local branch.main.github-pr-owner-number [1ms]
2025-01-01 07:53:43.201 [warning] [Git][config] git config failed: Failed to execute git
2025-01-01 07:53:43.202 [info] > git diff --name-status -z --diff-filter=ADMR 42bc2ea80213a43686c474fe7f7cc5ac1dd5fac2...refs/remotes/origin/main [12ms]
2025-01-01 07:53:44.224 [info] > git config --get commit.template [12ms]
2025-01-01 07:53:44.224 [info] > git for-each-ref --format=%(refname)%00%(upstream:short)%00%(objectname)%00%(upstream:track)%00%(upstream:remotename)%00%(upstream:remoteref) refs/heads/main refs/remotes/main [1ms]
2025-01-01 07:53:44.240 [info] > git for-each-ref --sort -committerdate --format %(refname) %(objectname) %(*objectname) [2ms]
2025-01-01 07:53:44.248 [info] > git status -z -uall [17ms]
2025-01-01 07:53:44.326 [info] > git ls-files --stage -- /home/jordan/Documents/docs/starlight/.gitignore [5ms]
2025-01-01 07:53:44.340 [info] > git cat-file -s 1a74f6b422e175459ffcdab2e863bc55295b1fb3 [3ms]
2025-01-01 07:53:44.356 [info] > git show --textconv :starlight/.gitignore [4ms]
2025-01-01 07:54:20.941 [info] > git check-ignore -v -z --stdin [17ms]
2025-01-01 07:54:39.290 [info] > git check-ignore -v -z --stdin [7ms]
2025-01-01 07:54:39.738 [info] > git config --get commit.template [8ms]
2025-01-01 07:54:39.738 [info] > git for-each-ref --format=%(refname)%00%(upstream:short)%00%(objectname)%00%(upstream:track)%00%(upstream:remotename)%00%(upstream:remoteref) refs/heads/main refs/remotes/main [1ms]
2025-01-01 07:54:39.759 [info] > git for-each-ref --sort -committerdate --format %(refname) %(objectname) %(*objectname) [1ms]
2025-01-01 07:54:39.768 [info] > git status -z -uall [21ms]
2025-01-01 07:55:39.196 [info] > git show --textconv :package.json [9ms]
2025-01-01 07:55:39.198 [info] > git ls-files --stage -- /home/jordan/Documents/docs/package.json [3ms]
2025-01-01 07:55:39.205 [info] > git cat-file -s ec80683fd1e0804af314a0c9aace30b6e4e05191 [1ms]
2025-01-01 07:55:39.216 [info] > git blame --root --incremental 42bc2ea80213a43686c474fe7f7cc5ac1dd5fac2 -- /home/jordan/Documents/docs/package.json [2ms]
2025-01-01 07:55:45.019 [info] > git show --textconv :starlight/astro.config.mjs [7ms]
2025-01-01 07:55:45.021 [info] > git ls-files --stage -- /home/jordan/Documents/docs/starlight/astro.config.mjs [3ms]
2025-01-01 07:55:45.027 [info] > git cat-file -s 238ff293cf4dc64c07331480d48dc9f34e2decea [1ms]
2025-01-01 07:55:45.095 [info] > git blame --root --incremental 42bc2ea80213a43686c474fe7f7cc5ac1dd5fac2 -- /home/jordan/Documents/docs/starlight/astro.config.mjs [61ms]
2025-01-01 07:55:49.366 [info] > git config --get commit.template [2ms]
2025-01-01 07:55:49.373 [info] > git for-each-ref --format=%(refname)%00%(upstream:short)%00%(objectname)%00%(upstream:track)%00%(upstream:remotename)%00%(upstream:remoteref) refs/heads/main refs/remotes/main [1ms]
2025-01-01 07:55:49.389 [info] > git for-each-ref --sort -committerdate --format %(refname) %(objectname) %(*objectname) [1ms]
2025-01-01 07:55:49.398 [info] > git status -z -uall [18ms]
2025-01-01 07:55:49.582 [info] > git show --textconv :starlight/src/content/docs/software/nixos/nixos.mdx [9ms]
2025-01-01 07:55:49.584 [info] > git ls-files --stage -- /home/jordan/Documents/docs/starlight/src/content/docs/software/nixos/nixos.mdx [3ms]
2025-01-01 07:55:49.590 [info] > git cat-file -s eba6fc8c8640c3618882cca8ee1ae74e16513162 [1ms]
2025-01-01 07:55:49.600 [info] > git blame --root --incremental 42bc2ea80213a43686c474fe7f7cc5ac1dd5fac2 -- /home/jordan/Documents/docs/starlight/src/content/docs/software/nixos/nixos.mdx [1ms]
2025-01-01 07:55:49.938 [info] > git check-ignore -v -z --stdin [8ms]
2025-01-01 07:55:54.425 [info] > git config --get commit.template [11ms]
2025-01-01 07:55:54.426 [info] > git for-each-ref --format=%(refname)%00%(upstream:short)%00%(objectname)%00%(upstream:track)%00%(upstream:remotename)%00%(upstream:remoteref) refs/heads/main refs/remotes/main [1ms]
2025-01-01 07:55:54.445 [info] > git for-each-ref --sort -committerdate --format %(refname) %(objectname) %(*objectname) [2ms]
2025-01-01 07:55:54.452 [info] > git status -z -uall [17ms]
2025-01-01 07:56:14.245 [info] > git config --get commit.template [2ms]
2025-01-01 07:56:14.256 [info] > git for-each-ref --format=%(refname)%00%(upstream:short)%00%(objectname)%00%(upstream:track)%00%(upstream:remotename)%00%(upstream:remoteref) refs/heads/main refs/remotes/main [3ms]
2025-01-01 07:56:14.272 [info] > git for-each-ref --sort -committerdate --format %(refname) %(objectname) %(*objectname) [1ms]
2025-01-01 07:56:14.352 [info] > git status -z -uall [88ms] (cancelled)
2025-01-01 07:56:15.442 [info] > git ls-files --stage -- /home/jordan/Documents/docs/starlight/src/content/docs/software/nixos/nixos.mdx [1ms]
2025-01-01 07:56:15.449 [info] > git cat-file -s eba6fc8c8640c3618882cca8ee1ae74e16513162 [1ms]
2025-01-01 07:56:15.459 [info] > git show --textconv :starlight/src/content/docs/software/nixos/nixos.mdx [1ms]
2025-01-01 07:56:17.827 [info] > git config --get commit.template [5ms]
2025-01-01 07:56:17.828 [info] > git for-each-ref --format=%(refname)%00%(upstream:short)%00%(objectname)%00%(upstream:track)%00%(upstream:remotename)%00%(upstream:remoteref) refs/heads/main refs/remotes/main [1ms]
2025-01-01 07:56:17.841 [info] > git for-each-ref --sort -committerdate --format %(refname) %(objectname) %(*objectname) [1ms]
2025-01-01 07:56:17.857 [info] > git status -z -uall [24ms]
2025-01-01 07:56:18.212 [info] > git show --textconv HEAD:starlight/src/content/docs/software/nixos/nixos.mdx [13ms]
2025-01-01 07:56:18.214 [info] > git ls-tree -l HEAD -- /home/jordan/Documents/docs/starlight/src/content/docs/software/nixos/nixos.mdx [3ms]
2025-01-01 07:56:18.904 [info] > git config --get commit.template [13ms]
2025-01-01 07:56:18.905 [info] > git for-each-ref --format=%(refname)%00%(upstream:short)%00%(objectname)%00%(upstream:track)%00%(upstream:remotename)%00%(upstream:remoteref) refs/heads/main refs/remotes/main [2ms]
2025-01-01 07:56:18.928 [info] > git for-each-ref --sort -committerdate --format %(refname) %(objectname) %(*objectname) [1ms]
2025-01-01 07:56:18.946 [info] > git status -z -uall [29ms]
2025-01-01 07:56:18.996 [info] > git ls-files --stage -- /home/jordan/Documents/docs/starlight/src/content/docs/software/nixos/nixos.mdx [8ms]
2025-01-01 07:56:19.003 [info] > git ls-tree -l HEAD -- /home/jordan/Documents/docs/starlight/src/content/docs/software/nixos/nixos.mdx [7ms]
2025-01-01 07:56:19.004 [info] > git cat-file -s 524e926630c70ec537e17f94fdbee8d223d1c1c1 [1ms]
2025-01-01 07:56:19.015 [info] > git show --textconv HEAD:starlight/src/content/docs/software/nixos/nixos.mdx [6ms]
2025-01-01 07:56:19.017 [info] > git show --textconv :starlight/src/content/docs/software/nixos/nixos.mdx [2ms]
2025-01-01 07:56:26.523 [info] > git config --get commit.template [6ms]
2025-01-01 07:56:26.524 [info] > git for-each-ref --format=%(refname)%00%(upstream:short)%00%(objectname)%00%(upstream:track)%00%(upstream:remotename)%00%(upstream:remoteref) refs/heads/main refs/remotes/main [1ms]
2025-01-01 07:56:26.537 [info] > git for-each-ref --sort -committerdate --format %(refname) %(objectname) %(*objectname) [2ms]
2025-01-01 07:56:26.546 [info] > git status -z -uall [17ms]
2025-01-01 07:56:26.563 [info] > git merge-base refs/heads/main refs/remotes/origin/main [1ms]
2025-01-01 07:56:26.568 [info] > git blame --root --incremental 2a34df12b795abd1706ff2b3738872cb2458f6fb -- /home/jordan/Documents/docs/starlight/src/content/docs/software/nixos/nixos.mdx [14ms]
2025-01-01 07:56:26.569 [info] > git diff --name-status -z --diff-filter=ADMR 42bc2ea80213a43686c474fe7f7cc5ac1dd5fac2...refs/remotes/origin/main [1ms]
2025-01-01 07:56:26.591 [info] > git config --local branch.main.github-pr-owner-number [1ms]
2025-01-01 07:56:26.591 [warning] [Git][config] git config failed: Failed to execute git
2025-01-01 07:56:27.616 [info] > git config --get commit.template [11ms]
2025-01-01 07:56:27.618 [info] > git for-each-ref --format=%(refname)%00%(upstream:short)%00%(objectname)%00%(upstream:track)%00%(upstream:remotename)%00%(upstream:remoteref) refs/heads/main refs/remotes/main [2ms]
2025-01-01 07:56:27.639 [info] > git for-each-ref --sort -committerdate --format %(refname) %(objectname) %(*objectname) [2ms]
2025-01-01 07:56:27.647 [info] > git status -z -uall [19ms]
2025-01-01 07:56:27.711 [info] > git ls-files --stage -- /home/jordan/Documents/docs/starlight/src/content/docs/software/nixos/nixos.mdx [4ms]
2025-01-01 07:56:27.725 [info] > git cat-file -s 524e926630c70ec537e17f94fdbee8d223d1c1c1 [2ms]
2025-01-01 07:56:27.740 [info] > git show --textconv :starlight/src/content/docs/software/nixos/nixos.mdx [4ms]
2025-01-01 07:56:31.909 [info] > git config --get commit.template [8ms]
2025-01-01 07:56:31.910 [info] > git for-each-ref --format=%(refname)%00%(upstream:short)%00%(objectname)%00%(upstream:track)%00%(upstream:remotename)%00%(upstream:remoteref) refs/heads/main refs/remotes/main [1ms]
2025-01-01 07:56:31.925 [info] > git for-each-ref --sort -committerdate --format %(refname) %(objectname) %(*objectname) [2ms]
2025-01-01 07:56:31.932 [info] > git status -z -uall [16ms]
2025-01-01 07:56:31.940 [info] > git merge-base refs/heads/main refs/remotes/origin/main [1ms]
2025-01-01 07:56:31.952 [info] > git diff --name-status -z --diff-filter=ADMR 2a34df12b795abd1706ff2b3738872cb2458f6fb...refs/remotes/origin/main [6ms]
2025-01-01 07:56:31.953 [info] > git config --local branch.main.github-pr-owner-number [1ms]
2025-01-01 07:56:31.953 [warning] [Git][config] git config failed: Failed to execute git
2025-01-01 07:56:32.975 [info] > git config --get commit.template [11ms]
2025-01-01 07:56:32.975 [info] > git for-each-ref --format=%(refname)%00%(upstream:short)%00%(objectname)%00%(upstream:track)%00%(upstream:remotename)%00%(upstream:remoteref) refs/heads/main refs/remotes/main [1ms]
2025-01-01 07:56:32.996 [info] > git for-each-ref --sort -committerdate --format %(refname) %(objectname) %(*objectname) [1ms]
2025-01-01 07:56:33.004 [info] > git status -z -uall [18ms]
2025-01-01 07:56:33.073 [info] > git ls-files --stage -- /home/jordan/Documents/docs/starlight/src/content/docs/software/nixos/nixos.mdx [4ms]
2025-01-01 07:56:33.087 [info] > git cat-file -s 524e926630c70ec537e17f94fdbee8d223d1c1c1 [3ms]
2025-01-01 07:56:33.102 [info] > git show --textconv :starlight/src/content/docs/software/nixos/nixos.mdx [4ms]
